Using pre-set license
Built from '2021.3/staging' branch; Version is '2021.3.4f1 (cb45f9cae8b7) revision 13321721'; Using compiler version '192829333'; Build Type 'Release'
OS: 'Windows 11  (10.0.22000) 64bit Professional' Language: 'de' Physical Memory: 32510 MB
BatchMode: 1, IsHumanControllingUs: 0, StartBugReporterOnCrash: 0, Is64bit: 1, IsPro: 1

COMMAND LINE ARGUMENTS:
C:\Program Files\Unity\Hub\Editor\2021.3.4f1\Editor\Unity.exe
-adb2
-batchMode
-noUpm
-name
AssetImportWorker1
-projectPath
C:/Users/brill/Develop/Github/VirtualReality/VRKompakt/Unity/VR/VRKVIUSimulator/TeleportVIUSimulator
-logFile
Logs/AssetImportWorker1.log
-srvPort
61441
Successfully changed project path to: C:/Users/brill/Develop/Github/VirtualReality/VRKompakt/Unity/VR/VRKVIUSimulator/TeleportVIUSimulator
C:/Users/brill/Develop/Github/VirtualReality/VRKompakt/Unity/VR/VRKVIUSimulator/TeleportVIUSimulator
[UnityMemory] Configuration Parameters - Can be set up in boot.config
    "memorysetup-bucket-allocator-granularity=16"
    "memorysetup-bucket-allocator-bucket-count=8"
    "memorysetup-bucket-allocator-block-size=33554432"
    "memorysetup-bucket-allocator-block-count=8"
    "memorysetup-main-allocator-block-size=16777216"
    "memorysetup-thread-allocator-block-size=16777216"
    "memorysetup-gfx-main-allocator-block-size=16777216"
    "memorysetup-gfx-thread-allocator-block-size=16777216"
    "memorysetup-cache-allocator-block-size=4194304"
    "memorysetup-typetree-allocator-block-size=2097152"
    "memorysetup-profiler-bucket-allocator-granularity=16"
    "memorysetup-profiler-bucket-allocator-bucket-count=8"
    "memorysetup-profiler-bucket-allocator-block-size=33554432"
    "memorysetup-profiler-bucket-allocator-block-count=8"
    "memorysetup-profiler-allocator-block-size=16777216"
    "memorysetup-profiler-editor-allocator-block-size=1048576"
    "memorysetup-temp-allocator-size-main=16777216"
    "memorysetup-job-temp-allocator-block-size=2097152"
    "memorysetup-job-temp-allocator-block-size-background=1048576"
    "memorysetup-job-temp-allocator-reduction-small-platforms=262144"
    "memorysetup-temp-allocator-size-background-worker=32768"
    "memorysetup-temp-allocator-size-job-worker=262144"
    "memorysetup-temp-allocator-size-preload-manager=33554432"
    "memorysetup-temp-allocator-size-nav-mesh-worker=65536"
    "memorysetup-temp-allocator-size-audio-worker=65536"
    "memorysetup-temp-allocator-size-cloud-worker=32768"
    "memorysetup-temp-allocator-size-gi-baking-worker=262144"
    "memorysetup-temp-allocator-size-gfx=262144"
Refreshing native plugins compatible for Editor in 305.15 ms, found 3 plugins.
Preloading 0 native plugins for Editor in 0.00 ms.
Initialize engine version: 2021.3.4f1 (cb45f9cae8b7)
[Subsystems] Discovering subsystems at path C:/Program Files/Unity/Hub/Editor/2021.3.4f1/Editor/Data/Resources/UnitySubsystems
[Subsystems] Discovering subsystems at path C:/Users/brill/Develop/Github/VirtualReality/VRKompakt/Unity/VR/VRKVIUSimulator/TeleportVIUSimulator/Assets
GfxDevice: creating device client; threaded=0; jobified=0
Direct3D:
    Version:  Direct3D 11.0 [level 11.1]
    Renderer: NVIDIA GeForce RTX 3080 Laptop GPU (ID=0x249c)
    Vendor:   NVIDIA
    VRAM:     16202 MB
    Driver:   31.0.15.1659
Initialize mono
Mono path[0] = 'C:/Program Files/Unity/Hub/Editor/2021.3.4f1/Editor/Data/Managed'
Mono path[1] = 'C:/Program Files/Unity/Hub/Editor/2021.3.4f1/Editor/Data/MonoBleedingEdge/lib/mono/unityjit-win32'
Mono config path = 'C:/Program Files/Unity/Hub/Editor/2021.3.4f1/Editor/Data/MonoBleedingEdge/etc'
Using monoOptions --debugger-agent=transport=dt_socket,embedding=1,server=y,suspend=n,address=127.0.0.1:56468
Begin MonoManager ReloadAssembly
Registering precompiled unity dll's ...
Register platform support module: C:/Program Files/Unity/Hub/Editor/2021.3.4f1/Editor/Data/PlaybackEngines/WebGLSupport/UnityEditor.WebGL.Extensions.dll
Register platform support module: C:/Program Files/Unity/Hub/Editor/2021.3.4f1/Editor/Data/PlaybackEngines/AndroidPlayer/UnityEditor.Android.Extensions.dll
Register platform support module: C:/Program Files/Unity/Hub/Editor/2021.3.4f1/Editor/Data/PlaybackEngines/WindowsStandaloneSupport/UnityEditor.WindowsStandalone.Extensions.dll
Register platform support module: C:/Program Files/Unity/Hub/Editor/2021.3.4f1/Editor/Data/PlaybackEngines/MetroSupport/UnityEditor.UWP.Extensions.dll
Registered in 0.020927 seconds.
Native extension for UWP target not found
Native extension for WindowsStandalone target not found
Native extension for Android target not found
Native extension for WebGL target not found
Refreshing native plugins compatible for Editor in 287.08 ms, found 3 plugins.
Preloading 0 native plugins for Editor in 0.00 ms.
Mono: successfully reloaded assembly
- Completed reload, in  2.561 seconds
Domain Reload Profiling:
	ReloadAssembly (2562ms)
		BeginReloadAssembly (245ms)
			ExecutionOrderSort (0ms)
			DisableScriptedObjects (0ms)
			BackupInstance (0ms)
			ReleaseScriptingObjects (0ms)
			CreateAndSetChildDomain (3ms)
		EndReloadAssembly (1914ms)
			LoadAssemblies (240ms)
			RebuildTransferFunctionScriptingTraits (0ms)
			SetupTypeCache (383ms)
			ReleaseScriptCaches (0ms)
			RebuildScriptCaches (125ms)
			SetupLoadedEditorAssemblies (988ms)
				LogAssemblyErrors (0ms)
				InitializePlatformSupportModulesInManaged (190ms)
				SetLoadedEditorAssemblies (1ms)
				RefreshPlugins (287ms)
				BeforeProcessingInitializeOnLoad (5ms)
				ProcessInitializeOnLoadAttributes (352ms)
				ProcessInitializeOnLoadMethodAttributes (153ms)
				AfterProcessingInitializeOnLoad (0ms)
				EditorAssembliesLoaded (0ms)
			ExecutionOrderSort2 (0ms)
			AwakeInstancesAfterBackupRestoration (0ms)
Platform modules already initialized, skipping
Registering precompiled user dll's ...
Registered in 0.014255 seconds.
Begin MonoManager ReloadAssembly
Symbol file LoadedFromMemory doesn't match image C:\Users\brill\Develop\Github\VirtualReality\VRKompakt\Unity\VR\VRKVIUSimulator\TeleportVIUSimulator\Library\PackageCache\com.unity.visualscripting@1.7.8\Editor\VisualScripting.Core\Dependencies\YamlDotNet\Unity.VisualScripting.YamlDotNet.dll
Symbol file LoadedFromMemory doesn't match image C:\Users\brill\Develop\Github\VirtualReality\VRKompakt\Unity\VR\VRKVIUSimulator\TeleportVIUSimulator\Library\PackageCache\com.unity.visualscripting@1.7.8\Editor\VisualScripting.Core\Dependencies\DotNetZip\Unity.VisualScripting.IonicZip.dll
Native extension for UWP target not found
Native extension for WindowsStandalone target not found
Native extension for Android target not found
Native extension for WebGL target not found
Refreshing native plugins compatible for Editor in 1.62 ms, found 3 plugins.
Preloading 0 native plugins for Editor in 0.00 ms.
Mono: successfully reloaded assembly
- Completed reload, in  5.044 seconds
Domain Reload Profiling:
	ReloadAssembly (5045ms)
		BeginReloadAssembly (462ms)
			ExecutionOrderSort (0ms)
			DisableScriptedObjects (24ms)
			BackupInstance (0ms)
			ReleaseScriptingObjects (0ms)
			CreateAndSetChildDomain (172ms)
		EndReloadAssembly (4327ms)
			LoadAssemblies (3028ms)
			RebuildTransferFunctionScriptingTraits (0ms)
			SetupTypeCache (416ms)
			ReleaseScriptCaches (3ms)
			RebuildScriptCaches (96ms)
			SetupLoadedEditorAssemblies (755ms)
				LogAssemblyErrors (0ms)
				InitializePlatformSupportModulesInManaged (29ms)
				SetLoadedEditorAssemblies (1ms)
				RefreshPlugins (2ms)
				BeforeProcessingInitializeOnLoad (175ms)
				ProcessInitializeOnLoadAttributes (492ms)
				ProcessInitializeOnLoadMethodAttributes (45ms)
				AfterProcessingInitializeOnLoad (11ms)
				EditorAssembliesLoaded (0ms)
			ExecutionOrderSort2 (0ms)
			AwakeInstancesAfterBackupRestoration (12ms)
Platform modules already initialized, skipping
========================================================================
Worker process is ready to serve import requests
Launched and connected shader compiler UnityShaderCompiler.exe after 0.11 seconds
Refreshing native plugins compatible for Editor in 1.50 ms, found 3 plugins.
Preloading 0 native plugins for Editor in 0.00 ms.
Unloading 3487 Unused Serialized files (Serialized files now loaded: 0)
Unloading 24 unused Assets / (55.5 KB). Loaded Objects now: 3949.
Memory consumption went from 121.0 MB to 120.9 MB.
Total: 6.231900 ms (FindLiveObjects: 0.546700 ms CreateObjectMapping: 0.285800 ms MarkObjects: 5.204400 ms  DeleteObjects: 0.192700 ms)

AssetImportParameters requested are different than current active one (requested -> active):
  custom:video-decoder-ogg-theora: a1e56fd34408186e4bbccfd4996cb3dc -> 
  custom:container-muxer-webm: aa71ff27fc2769a1b78a27578f13a17b -> 
  custom:container-demuxer-webm: 4f35f7cbe854078d1ac9338744f61a02 -> 
  custom:video-encoder-webm-vp8: eb34c28f22e8b96e1ab97ce403110664 -> 
  custom:audio-encoder-webm-vorbis: bf7c407c2cedff20999df2af8eb42d56 -> 
  custom:framework-win-MediaFoundation: 216162199b28c13a410421893ffa2e32 -> 
  custom:container-demuxer-ogg: 62fdf1f143b41e24485cea50d1cbac27 -> 
  custom:video-decoder-webm-vp8: 9c59270c3fd7afecdb556c50c9e8de78 -> 
  custom:audio-decoder-ogg-vorbis: bf7c407c2cedff20999df2af8eb42d56 -> 
========================================================================
Received Prepare
Registering precompiled user dll's ...
Registered in 0.009943 seconds.
Begin MonoManager ReloadAssembly
Symbol file LoadedFromMemory doesn't match image C:\Users\brill\Develop\Github\VirtualReality\VRKompakt\Unity\VR\VRKVIUSimulator\TeleportVIUSimulator\Library\PackageCache\com.unity.visualscripting@1.7.8\Editor\VisualScripting.Core\Dependencies\YamlDotNet\Unity.VisualScripting.YamlDotNet.dll
Symbol file LoadedFromMemory doesn't match image C:\Users\brill\Develop\Github\VirtualReality\VRKompakt\Unity\VR\VRKVIUSimulator\TeleportVIUSimulator\Library\PackageCache\com.unity.visualscripting@1.7.8\Editor\VisualScripting.Core\Dependencies\DotNetZip\Unity.VisualScripting.IonicZip.dll
Native extension for UWP target not found
Native extension for WindowsStandalone target not found
Native extension for Android target not found
Native extension for WebGL target not found
Refreshing native plugins compatible for Editor in 1.00 ms, found 3 plugins.
Preloading 0 native plugins for Editor in 0.00 ms.
Mono: successfully reloaded assembly
- Completed reload, in  1.799 seconds
Domain Reload Profiling:
	ReloadAssembly (1801ms)
		BeginReloadAssembly (227ms)
			ExecutionOrderSort (0ms)
			DisableScriptedObjects (12ms)
			BackupInstance (0ms)
			ReleaseScriptingObjects (0ms)
			CreateAndSetChildDomain (63ms)
		EndReloadAssembly (1418ms)
			LoadAssemblies (134ms)
			RebuildTransferFunctionScriptingTraits (0ms)
			SetupTypeCache (410ms)
			ReleaseScriptCaches (3ms)
			RebuildScriptCaches (84ms)
			SetupLoadedEditorAssemblies (673ms)
				LogAssemblyErrors (0ms)
				InitializePlatformSupportModulesInManaged (40ms)
				SetLoadedEditorAssemblies (1ms)
				RefreshPlugins (1ms)
				BeforeProcessingInitializeOnLoad (100ms)
				ProcessInitializeOnLoadAttributes (457ms)
				ProcessInitializeOnLoadMethodAttributes (59ms)
				AfterProcessingInitializeOnLoad (15ms)
				EditorAssembliesLoaded (1ms)
			ExecutionOrderSort2 (0ms)
			AwakeInstancesAfterBackupRestoration (17ms)
Platform modules already initialized, skipping
Refreshing native plugins compatible for Editor in 4.18 ms, found 3 plugins.
Preloading 0 native plugins for Editor in 0.00 ms.
Unloading 3479 Unused Serialized files (Serialized files now loaded: 0)
Unloading 17 unused Assets / (24.6 KB). Loaded Objects now: 3952.
Memory consumption went from 120.6 MB to 120.6 MB.
Total: 6.827000 ms (FindLiveObjects: 0.685400 ms CreateObjectMapping: 0.254400 ms MarkObjects: 5.820700 ms  DeleteObjects: 0.063000 ms)

AssetImportParameters requested are different than current active one (requested -> active):
  custom:video-decoder-ogg-theora: a1e56fd34408186e4bbccfd4996cb3dc -> 
  custom:container-muxer-webm: aa71ff27fc2769a1b78a27578f13a17b -> 
  custom:container-demuxer-webm: 4f35f7cbe854078d1ac9338744f61a02 -> 
  custom:video-encoder-webm-vp8: eb34c28f22e8b96e1ab97ce403110664 -> 
  custom:audio-encoder-webm-vorbis: bf7c407c2cedff20999df2af8eb42d56 -> 
  custom:framework-win-MediaFoundation: 216162199b28c13a410421893ffa2e32 -> 
  custom:container-demuxer-ogg: 62fdf1f143b41e24485cea50d1cbac27 -> 
  custom:video-decoder-webm-vp8: 9c59270c3fd7afecdb556c50c9e8de78 -> 
  custom:audio-decoder-ogg-vorbis: bf7c407c2cedff20999df2af8eb42d56 -> 
========================================================================
Received Prepare
Refreshing native plugins compatible for Editor in 7.56 ms, found 3 plugins.
Preloading 0 native plugins for Editor in 0.00 ms.
Unloading 17 Unused Serialized files (Serialized files now loaded: 0)
Unloading 17 unused Assets / (21.9 KB). Loaded Objects now: 3952.
Memory consumption went from 50.1 MB to 50.1 MB.
Total: 7.633000 ms (FindLiveObjects: 0.595300 ms CreateObjectMapping: 0.315400 ms MarkObjects: 6.676500 ms  DeleteObjects: 0.041700 ms)

AssetImportParameters requested are different than current active one (requested -> active):
  colorSpace: 1 -> 0
  custom:video-decoder-ogg-theora: a1e56fd34408186e4bbccfd4996cb3dc -> 
  custom:container-muxer-webm: aa71ff27fc2769a1b78a27578f13a17b -> 
  custom:container-demuxer-webm: 4f35f7cbe854078d1ac9338744f61a02 -> 
  custom:video-encoder-webm-vp8: eb34c28f22e8b96e1ab97ce403110664 -> 
  custom:audio-encoder-webm-vorbis: bf7c407c2cedff20999df2af8eb42d56 -> 
  custom:framework-win-MediaFoundation: 216162199b28c13a410421893ffa2e32 -> 
  custom:container-demuxer-ogg: 62fdf1f143b41e24485cea50d1cbac27 -> 
  custom:video-decoder-webm-vp8: 9c59270c3fd7afecdb556c50c9e8de78 -> 
  custom:graphics/active-color-space: 03000000000000000000000000000000 -> 02000000000000000000000000000000
  custom:audio-decoder-ogg-vorbis: bf7c407c2cedff20999df2af8eb42d56 -> 
========================================================================
Received Import Request.
  Time since last request: 1655813.214674 seconds.
  path: Assets/HTC.UnityPlugin/ViveInputUtility/Resources/Models/ObjModelViveFocus3ControllerLeft.fbx
  artifactKey: Guid(8ad5940c9beac5246a7c65de5cac5e59) Importer(815301076,1909f56bfc062723c751e8b465ee728b)
Start importing Assets/HTC.UnityPlugin/ViveInputUtility/Resources/Models/ObjModelViveFocus3ControllerLeft.fbx using Guid(8ad5940c9beac5246a7c65de5cac5e59) Importer(815301076,1909f56bfc062723c751e8b465ee728b)  -> (artifact id: '0feeb59004e50198bf5911ae2c3fd6d1') in 1.587291 seconds 
========================================================================
Received Import Request.
  Time since last request: 0.000090 seconds.
  path: Assets/HTC.UnityPlugin/ViveInputUtility/Resources/Models/ObjModelHandRight_26.fbx
  artifactKey: Guid(93c83368e9a093c4f9a4341cf8465f85) Importer(815301076,1909f56bfc062723c751e8b465ee728b)
Start importing Assets/HTC.UnityPlugin/ViveInputUtility/Resources/Models/ObjModelHandRight_26.fbx using Guid(93c83368e9a093c4f9a4341cf8465f85) Importer(815301076,1909f56bfc062723c751e8b465ee728b)  -> (artifact id: '118616a9b9eb2eb92a7b670dea7f3221') in 0.106311 seconds 
========================================================================
Received Import Request.
  Time since last request: 0.000111 seconds.
  path: Assets/HTC.UnityPlugin/ViveInputUtility/Resources/Models/ObjModelHandLeft_26.fbx
  artifactKey: Guid(5cb4fe9f98186d941b37d3ea64e2bd71) Importer(815301076,1909f56bfc062723c751e8b465ee728b)
Start importing Assets/HTC.UnityPlugin/ViveInputUtility/Resources/Models/ObjModelHandLeft_26.fbx using Guid(5cb4fe9f98186d941b37d3ea64e2bd71) Importer(815301076,1909f56bfc062723c751e8b465ee728b)  -> (artifact id: '5385c0b66d72546141b7e7cae66bf11c') in 0.097064 seconds 
========================================================================
Received Import Request.
  Time since last request: 0.000086 seconds.
  path: Assets/HTC.UnityPlugin/ViveInputUtility/Resources/Models/ObjModelViveFocusFinch.fbx
  artifactKey: Guid(aa58a01d293edc24987fbbf6ec9578ad) Importer(815301076,1909f56bfc062723c751e8b465ee728b)
Start importing Assets/HTC.UnityPlugin/ViveInputUtility/Resources/Models/ObjModelViveFocusFinch.fbx using Guid(aa58a01d293edc24987fbbf6ec9578ad) Importer(815301076,1909f56bfc062723c751e8b465ee728b)  -> (artifact id: '65c0356381e74a1e36185f7bcd4685f6') in 0.279706 seconds 
========================================================================
Received Import Request.
  Time since last request: 0.000102 seconds.
  path: Assets/HTC.UnityPlugin/ViveInputUtility/Resources/Models/ObjModelDaydreamController.fbx
  artifactKey: Guid(279eae6e1e119ec4f97c601f4658ea98) Importer(815301076,1909f56bfc062723c751e8b465ee728b)
Start importing Assets/HTC.UnityPlugin/ViveInputUtility/Resources/Models/ObjModelDaydreamController.fbx using Guid(279eae6e1e119ec4f97c601f4658ea98) Importer(815301076,1909f56bfc062723c751e8b465ee728b)  -> (artifact id: 'af8d1f3d86a6e2574ef9cc96eb781121') in 0.072114 seconds 
========================================================================
Received Import Request.
  Time since last request: 0.000128 seconds.
  path: Assets/HTC.UnityPlugin/ViveInputUtility/Resources/Models/ObjModelOculusSensor.fbx
  artifactKey: Guid(c8886ded5921aea4cb5f6efddcd6b9f9) Importer(815301076,1909f56bfc062723c751e8b465ee728b)
Start importing Assets/HTC.UnityPlugin/ViveInputUtility/Resources/Models/ObjModelOculusSensor.fbx using Guid(c8886ded5921aea4cb5f6efddcd6b9f9) Importer(815301076,1909f56bfc062723c751e8b465ee728b)  -> (artifact id: '17914ada00a83d09fa8b53b69737d88d') in 0.064370 seconds 
========================================================================
Received Import Request.
  Time since last request: 0.000084 seconds.
  path: Assets/HTC.UnityPlugin/ViveInputUtility/Resources/Models/ObjModelKnucklesRight.fbx
  artifactKey: Guid(759bd215186979048815e5fcec79c48d) Importer(815301076,1909f56bfc062723c751e8b465ee728b)
Start importing Assets/HTC.UnityPlugin/ViveInputUtility/Resources/Models/ObjModelKnucklesRight.fbx using Guid(759bd215186979048815e5fcec79c48d) Importer(815301076,1909f56bfc062723c751e8b465ee728b)  -> (artifact id: '0e93c4f180957619307b73509a6b7e43') in 0.062676 seconds 
========================================================================
Received Import Request.
  Time since last request: 0.000084 seconds.
  path: Assets/HTC.UnityPlugin/ViveInputUtility/Resources/Models/ObjModelOculusQuestControllerRight.fbx
  artifactKey: Guid(9a2b49b3efbb6f449ae63a94abd5bed3) Importer(815301076,1909f56bfc062723c751e8b465ee728b)
Start importing Assets/HTC.UnityPlugin/ViveInputUtility/Resources/Models/ObjModelOculusQuestControllerRight.fbx using Guid(9a2b49b3efbb6f449ae63a94abd5bed3) Importer(815301076,1909f56bfc062723c751e8b465ee728b)  -> (artifact id: '5cf050f3f45c83e647bde7ce50a4346b') in 0.063074 seconds 
========================================================================
Received Import Request.
  Time since last request: 0.000071 seconds.
  path: Assets/HTC.UnityPlugin/ViveInputUtility/Resources/Models/ObjModelViveTracker.fbx
  artifactKey: Guid(41a3b4523a140e245b18852ca870c49e) Importer(815301076,1909f56bfc062723c751e8b465ee728b)
Start importing Assets/HTC.UnityPlugin/ViveInputUtility/Resources/Models/ObjModelViveTracker.fbx using Guid(41a3b4523a140e245b18852ca870c49e) Importer(815301076,1909f56bfc062723c751e8b465ee728b)  -> (artifact id: 'c6c0547e89ec7175846b9b013c111a79') in 0.071228 seconds 
========================================================================
Received Import Request.
  Time since last request: 0.000112 seconds.
  path: Assets/HTC.UnityPlugin/ViveInputUtility/Resources/Models/ObjModelOculusTouchRight.fbx
  artifactKey: Guid(5ddc673c3add8d44ca7de2b080765736) Importer(815301076,1909f56bfc062723c751e8b465ee728b)
Start importing Assets/HTC.UnityPlugin/ViveInputUtility/Resources/Models/ObjModelOculusTouchRight.fbx using Guid(5ddc673c3add8d44ca7de2b080765736) Importer(815301076,1909f56bfc062723c751e8b465ee728b)  -> (artifact id: '98e39bb5316243f1c4ba626a91d4730c') in 0.067090 seconds 
========================================================================
Received Import Request.
  Time since last request: 0.000084 seconds.
  path: Assets/HTC.UnityPlugin/ViveInputUtility/Resources/Models/ObjModelOculusGoController.fbx
  artifactKey: Guid(0d378a433f08ef84e84e051977b1131a) Importer(815301076,1909f56bfc062723c751e8b465ee728b)
Start importing Assets/HTC.UnityPlugin/ViveInputUtility/Resources/Models/ObjModelOculusGoController.fbx using Guid(0d378a433f08ef84e84e051977b1131a) Importer(815301076,1909f56bfc062723c751e8b465ee728b)  -> (artifact id: '8b5bbc6beb83fd2052910fa770c4eed0') in 0.061850 seconds 
========================================================================
Received Import Request.
  Time since last request: 0.000088 seconds.
  path: Assets/HTC.UnityPlugin/ViveInputUtility/Resources/Models/ObjModelOculusGearVrController.fbx
  artifactKey: Guid(6edfa91e984e125488b968a80e340754) Importer(815301076,1909f56bfc062723c751e8b465ee728b)
Start importing Assets/HTC.UnityPlugin/ViveInputUtility/Resources/Models/ObjModelOculusGearVrController.fbx using Guid(6edfa91e984e125488b968a80e340754) Importer(815301076,1909f56bfc062723c751e8b465ee728b)  -> (artifact id: '12b869bf8cf0e73408968c944e240b8a') in 0.284684 seconds 
========================================================================
Received Import Request.
  Time since last request: 19.167602 seconds.
  path: Assets/HTC.UnityPlugin/ViveInputUtility/Prefabs/HandPointers.prefab
  artifactKey: Guid(845f9b7d3c10cdc4d94362d2aa174b9f) Importer(815301076,1909f56bfc062723c751e8b465ee728b)
Start importing Assets/HTC.UnityPlugin/ViveInputUtility/Prefabs/HandPointers.prefab using Guid(845f9b7d3c10cdc4d94362d2aa174b9f) Importer(815301076,1909f56bfc062723c751e8b465ee728b)  -> (artifact id: 'e462d62d06735475ba180f38c7c94fcf') in 0.124973 seconds 
========================================================================
Received Import Request.
  Time since last request: 0.000134 seconds.
  path: Assets/HTC.UnityPlugin/ViveInputUtility/Prefabs/VivePointers.prefab
  artifactKey: Guid(12ee41758a687f54e98120e486ccd16e) Importer(815301076,1909f56bfc062723c751e8b465ee728b)
Start importing Assets/HTC.UnityPlugin/ViveInputUtility/Prefabs/VivePointers.prefab using Guid(12ee41758a687f54e98120e486ccd16e) Importer(815301076,1909f56bfc062723c751e8b465ee728b)  -> (artifact id: '0a152ae2b951d5b10f9ca938481babfe') in 0.094770 seconds 
========================================================================
Received Import Request.
  Time since last request: 0.000096 seconds.
  path: Assets/HTC.UnityPlugin/ViveInputUtility/Prefabs/ViveCameraRig.prefab
  artifactKey: Guid(cb3370c18187bb444b240cfb08dcc02f) Importer(815301076,1909f56bfc062723c751e8b465ee728b)
Start importing Assets/HTC.UnityPlugin/ViveInputUtility/Prefabs/ViveCameraRig.prefab using Guid(cb3370c18187bb444b240cfb08dcc02f) Importer(815301076,1909f56bfc062723c751e8b465ee728b)  -> (artifact id: '1ba92115c637658332ddfe36a87d8ece') in 0.040416 seconds 
========================================================================
Received Import Request.
  Time since last request: 34.656035 seconds.
  path: Assets/Materials/BodenMaterial.mat
  artifactKey: Guid(57ae7165d40d3a54c9deae322e1eb427) Importer(815301076,1909f56bfc062723c751e8b465ee728b)
Start importing Assets/Materials/BodenMaterial.mat using Guid(57ae7165d40d3a54c9deae322e1eb427) Importer(815301076,1909f56bfc062723c751e8b465ee728b)  -> (artifact id: '27a9def23d2ff634c07658a9dbf35a84') in 0.383035 seconds 
========================================================================
Received Import Request.
  Time since last request: 0.000136 seconds.
  path: Assets/Materials/OrangeSpecular.mat
  artifactKey: Guid(fae3a427de3c94249826fa930f8bb434) Importer(815301076,1909f56bfc062723c751e8b465ee728b)
Start importing Assets/Materials/OrangeSpecular.mat using Guid(fae3a427de3c94249826fa930f8bb434) Importer(815301076,1909f56bfc062723c751e8b465ee728b)  -> (artifact id: '636d8f6555ee1674c6524b02515bb6eb') in 0.716577 seconds 
========================================================================
Received Import Request.
  Time since last request: 0.000103 seconds.
  path: Assets/Materials/WallTexture.mat
  artifactKey: Guid(4801f255414ac8c40b18c812f1239498) Importer(815301076,1909f56bfc062723c751e8b465ee728b)
Start importing Assets/Materials/WallTexture.mat using Guid(4801f255414ac8c40b18c812f1239498) Importer(815301076,1909f56bfc062723c751e8b465ee728b)  -> (artifact id: '38cd2394faecbb17d6647bd4ba0b2897') in 0.146986 seconds 
========================================================================
Received Import Request.
  Time since last request: 0.000064 seconds.
  path: Assets/Materials/CartoonYellow.mat
  artifactKey: Guid(a17fe08e72cc4964dab339e13c1f96c9) Importer(815301076,1909f56bfc062723c751e8b465ee728b)
Start importing Assets/Materials/CartoonYellow.mat using Guid(a17fe08e72cc4964dab339e13c1f96c9) Importer(815301076,1909f56bfc062723c751e8b465ee728b)  -> (artifact id: '60d012c92c6b77238053dcba03aefa8d') in 0.055996 seconds 
========================================================================
Received Prepare
Registering precompiled user dll's ...
Registered in 0.017743 seconds.
Begin MonoManager ReloadAssembly
Symbol file LoadedFromMemory doesn't match image C:\Users\brill\Develop\Github\VirtualReality\VRKompakt\Unity\VR\VRKVIUSimulator\TeleportVIUSimulator\Library\PackageCache\com.unity.visualscripting@1.7.8\Editor\VisualScripting.Core\Dependencies\YamlDotNet\Unity.VisualScripting.YamlDotNet.dll
Symbol file LoadedFromMemory doesn't match image C:\Users\brill\Develop\Github\VirtualReality\VRKompakt\Unity\VR\VRKVIUSimulator\TeleportVIUSimulator\Library\PackageCache\com.unity.visualscripting@1.7.8\Editor\VisualScripting.Core\Dependencies\DotNetZip\Unity.VisualScripting.IonicZip.dll
Native extension for UWP target not found
Native extension for WindowsStandalone target not found
Native extension for Android target not found
Native extension for WebGL target not found
Refreshing native plugins compatible for Editor in 2.30 ms, found 3 plugins.
Preloading 0 native plugins for Editor in 0.00 ms.
Mono: successfully reloaded assembly
- Completed reload, in  2.796 seconds
Domain Reload Profiling:
	ReloadAssembly (2798ms)
		BeginReloadAssembly (333ms)
			ExecutionOrderSort (0ms)
			DisableScriptedObjects (9ms)
			BackupInstance (0ms)
			ReleaseScriptingObjects (0ms)
			CreateAndSetChildDomain (106ms)
		EndReloadAssembly (2154ms)
			LoadAssemblies (233ms)
			RebuildTransferFunctionScriptingTraits (0ms)
			SetupTypeCache (696ms)
			ReleaseScriptCaches (4ms)
			RebuildScriptCaches (108ms)
			SetupLoadedEditorAssemblies (1017ms)
				LogAssemblyErrors (0ms)
				InitializePlatformSupportModulesInManaged (71ms)
				SetLoadedEditorAssemblies (2ms)
				RefreshPlugins (3ms)
				BeforeProcessingInitializeOnLoad (148ms)
				ProcessInitializeOnLoadAttributes (676ms)
				ProcessInitializeOnLoadMethodAttributes (106ms)
				AfterProcessingInitializeOnLoad (12ms)
				EditorAssembliesLoaded (1ms)
			ExecutionOrderSort2 (0ms)
			AwakeInstancesAfterBackupRestoration (18ms)
Platform modules already initialized, skipping
Refreshing native plugins compatible for Editor in 5.32 ms, found 3 plugins.
Preloading 0 native plugins for Editor in 0.00 ms.
Unloading 3479 Unused Serialized files (Serialized files now loaded: 0)
Unloading 17 unused Assets / (24.6 KB). Loaded Objects now: 4001.
Memory consumption went from 125.9 MB to 125.9 MB.
Total: 10.092800 ms (FindLiveObjects: 0.805700 ms CreateObjectMapping: 0.316900 ms MarkObjects: 8.886800 ms  DeleteObjects: 0.077800 ms)

AssetImportParameters requested are different than current active one (requested -> active):
  colorSpace: 1 -> 0
  custom:video-decoder-ogg-theora: a1e56fd34408186e4bbccfd4996cb3dc -> 
  custom:container-muxer-webm: aa71ff27fc2769a1b78a27578f13a17b -> 
  custom:container-demuxer-webm: 4f35f7cbe854078d1ac9338744f61a02 -> 
  custom:video-encoder-webm-vp8: eb34c28f22e8b96e1ab97ce403110664 -> 
  custom:audio-encoder-webm-vorbis: bf7c407c2cedff20999df2af8eb42d56 -> 
  custom:framework-win-MediaFoundation: 216162199b28c13a410421893ffa2e32 -> 
  custom:container-demuxer-ogg: 62fdf1f143b41e24485cea50d1cbac27 -> 
  custom:video-decoder-webm-vp8: 9c59270c3fd7afecdb556c50c9e8de78 -> 
  custom:graphics/active-color-space: 03000000000000000000000000000000 -> 02000000000000000000000000000000
  custom:audio-decoder-ogg-vorbis: bf7c407c2cedff20999df2af8eb42d56 -> 
Editor requested this worker to shutdown with reason: Scaling down because of idle timeout
AssetImportWorker is now disconnected from the server
Process exiting
Exiting without the bug reporter. Application will terminate with return code 0