Using pre-set license
Built from '2021.3/staging' branch; Version is '2021.3.14f1 (eee1884e7226) revision 15655304'; Using compiler version '192829333'; Build Type 'Release'
OS: 'Windows 11  (10.0.22621) 64bit Professional' Language: 'de' Physical Memory: 32510 MB
BatchMode: 1, IsHumanControllingUs: 0, StartBugReporterOnCrash: 0, Is64bit: 1, IsPro: 1

COMMAND LINE ARGUMENTS:
C:\Program Files\Unity\Hub\Editor\2021.3.14f1\Editor\Unity.exe
-adb2
-batchMode
-noUpm
-name
AssetImportWorker0
-projectPath
C:/Users/brill/Develop/Github/VirtualReality/VRKompakt/Unity/VR/VRKVIUSimulator/FollowTheController
-logFile
Logs/AssetImportWorker0.log
-srvPort
64121
Successfully changed project path to: C:/Users/brill/Develop/Github/VirtualReality/VRKompakt/Unity/VR/VRKVIUSimulator/FollowTheController
C:/Users/brill/Develop/Github/VirtualReality/VRKompakt/Unity/VR/VRKVIUSimulator/FollowTheController
[UnityMemory] Configuration Parameters - Can be set up in boot.config
    "memorysetup-bucket-allocator-granularity=16"
    "memorysetup-bucket-allocator-bucket-count=8"
    "memorysetup-bucket-allocator-block-size=33554432"
    "memorysetup-bucket-allocator-block-count=8"
    "memorysetup-main-allocator-block-size=16777216"
    "memorysetup-thread-allocator-block-size=16777216"
    "memorysetup-gfx-main-allocator-block-size=16777216"
    "memorysetup-gfx-thread-allocator-block-size=16777216"
    "memorysetup-cache-allocator-block-size=4194304"
    "memorysetup-typetree-allocator-block-size=2097152"
    "memorysetup-profiler-bucket-allocator-granularity=16"
    "memorysetup-profiler-bucket-allocator-bucket-count=8"
    "memorysetup-profiler-bucket-allocator-block-size=33554432"
    "memorysetup-profiler-bucket-allocator-block-count=8"
    "memorysetup-profiler-allocator-block-size=16777216"
    "memorysetup-profiler-editor-allocator-block-size=1048576"
    "memorysetup-temp-allocator-size-main=16777216"
    "memorysetup-job-temp-allocator-block-size=2097152"
    "memorysetup-job-temp-allocator-block-size-background=1048576"
    "memorysetup-job-temp-allocator-reduction-small-platforms=262144"
    "memorysetup-temp-allocator-size-background-worker=32768"
    "memorysetup-temp-allocator-size-job-worker=262144"
    "memorysetup-temp-allocator-size-preload-manager=33554432"
    "memorysetup-temp-allocator-size-nav-mesh-worker=65536"
    "memorysetup-temp-allocator-size-audio-worker=65536"
    "memorysetup-temp-allocator-size-cloud-worker=32768"
    "memorysetup-temp-allocator-size-gi-baking-worker=262144"
    "memorysetup-temp-allocator-size-gfx=262144"
Refreshing native plugins compatible for Editor in 85.79 ms, found 3 plugins.
Preloading 0 native plugins for Editor in 0.00 ms.
Initialize engine version: 2021.3.14f1 (eee1884e7226)
[Subsystems] Discovering subsystems at path C:/Program Files/Unity/Hub/Editor/2021.3.14f1/Editor/Data/Resources/UnitySubsystems
[Subsystems] Discovering subsystems at path C:/Users/brill/Develop/Github/VirtualReality/VRKompakt/Unity/VR/VRKVIUSimulator/FollowTheController/Assets
GfxDevice: creating device client; threaded=0; jobified=0
Direct3D:
    Version:  Direct3D 11.0 [level 11.1]
    Renderer: NVIDIA GeForce RTX 3080 Laptop GPU (ID=0x249c)
    Vendor:   NVIDIA
    VRAM:     16191 MB
    Driver:   31.0.15.2698
Initialize mono
Mono path[0] = 'C:/Program Files/Unity/Hub/Editor/2021.3.14f1/Editor/Data/Managed'
Mono path[1] = 'C:/Program Files/Unity/Hub/Editor/2021.3.14f1/Editor/Data/MonoBleedingEdge/lib/mono/unityjit-win32'
Mono config path = 'C:/Program Files/Unity/Hub/Editor/2021.3.14f1/Editor/Data/MonoBleedingEdge/etc'
Using monoOptions --debugger-agent=transport=dt_socket,embedding=1,server=y,suspend=n,address=127.0.0.1:56128
Begin MonoManager ReloadAssembly
Registering precompiled unity dll's ...
Register platform support module: C:/Program Files/Unity/Hub/Editor/2021.3.14f1/Editor/Data/PlaybackEngines/WebGLSupport/UnityEditor.WebGL.Extensions.dll
Register platform support module: C:/Program Files/Unity/Hub/Editor/2021.3.14f1/Editor/Data/PlaybackEngines/AndroidPlayer/UnityEditor.Android.Extensions.dll
Register platform support module: C:/Program Files/Unity/Hub/Editor/2021.3.14f1/Editor/Data/PlaybackEngines/WindowsStandaloneSupport/UnityEditor.WindowsStandalone.Extensions.dll
Register platform support module: C:/Program Files/Unity/Hub/Editor/2021.3.14f1/Editor/Data/PlaybackEngines/MetroSupport/UnityEditor.UWP.Extensions.dll
Registered in 0.004749 seconds.
Native extension for UWP target not found
Native extension for WindowsStandalone target not found
Native extension for Android target not found
Native extension for WebGL target not found
Refreshing native plugins compatible for Editor in 79.70 ms, found 3 plugins.
Preloading 0 native plugins for Editor in 0.00 ms.
Mono: successfully reloaded assembly
- Completed reload, in  0.541 seconds
Domain Reload Profiling:
	ReloadAssembly (541ms)
		BeginReloadAssembly (54ms)
			ExecutionOrderSort (0ms)
			DisableScriptedObjects (0ms)
			BackupInstance (0ms)
			ReleaseScriptingObjects (0ms)
			CreateAndSetChildDomain (1ms)
		EndReloadAssembly (394ms)
			LoadAssemblies (53ms)
			RebuildTransferFunctionScriptingTraits (0ms)
			SetupTypeCache (88ms)
			ReleaseScriptCaches (0ms)
			RebuildScriptCaches (22ms)
			SetupLoadedEditorAssemblies (242ms)
				LogAssemblyErrors (0ms)
				InitializePlatformSupportModulesInManaged (46ms)
				SetLoadedEditorAssemblies (0ms)
				RefreshPlugins (80ms)
				BeforeProcessingInitializeOnLoad (1ms)
				ProcessInitializeOnLoadAttributes (79ms)
				ProcessInitializeOnLoadMethodAttributes (36ms)
				AfterProcessingInitializeOnLoad (0ms)
				EditorAssembliesLoaded (0ms)
			ExecutionOrderSort2 (0ms)
			AwakeInstancesAfterBackupRestoration (0ms)
Platform modules already initialized, skipping
Registering precompiled user dll's ...
Registered in 0.004593 seconds.
Begin MonoManager ReloadAssembly
Symbol file LoadedFromMemory doesn't match image C:\Users\brill\Develop\Github\VirtualReality\VRKompakt\Unity\VR\VRKVIUSimulator\FollowTheController\Library\PackageCache\com.unity.visualscripting@1.7.8\Editor\VisualScripting.Core\Dependencies\DotNetZip\Unity.VisualScripting.IonicZip.dll
Symbol file LoadedFromMemory doesn't match image C:\Users\brill\Develop\Github\VirtualReality\VRKompakt\Unity\VR\VRKVIUSimulator\FollowTheController\Library\PackageCache\com.unity.visualscripting@1.7.8\Editor\VisualScripting.Core\Dependencies\YamlDotNet\Unity.VisualScripting.YamlDotNet.dll
Native extension for UWP target not found
Native extension for WindowsStandalone target not found
Native extension for Android target not found
Native extension for WebGL target not found
Refreshing native plugins compatible for Editor in 0.78 ms, found 3 plugins.
Preloading 0 native plugins for Editor in 0.00 ms.
Package Manager log level set to [2]
Mono: successfully reloaded assembly
- Completed reload, in  1.089 seconds
Domain Reload Profiling:
	ReloadAssembly (1089ms)
		BeginReloadAssembly (188ms)
			ExecutionOrderSort (0ms)
			DisableScriptedObjects (5ms)
			BackupInstance (0ms)
			ReleaseScriptingObjects (0ms)
			CreateAndSetChildDomain (119ms)
		EndReloadAssembly (807ms)
			LoadAssemblies (71ms)
			RebuildTransferFunctionScriptingTraits (0ms)
			SetupTypeCache (245ms)
			ReleaseScriptCaches (1ms)
			RebuildScriptCaches (53ms)
			SetupLoadedEditorAssemblies (401ms)
				LogAssemblyErrors (0ms)
				InitializePlatformSupportModulesInManaged (14ms)
				SetLoadedEditorAssemblies (0ms)
				RefreshPlugins (1ms)
				BeforeProcessingInitializeOnLoad (81ms)
				ProcessInitializeOnLoadAttributes (202ms)
				ProcessInitializeOnLoadMethodAttributes (98ms)
				AfterProcessingInitializeOnLoad (5ms)
				EditorAssembliesLoaded (0ms)
			ExecutionOrderSort2 (0ms)
			AwakeInstancesAfterBackupRestoration (5ms)
Platform modules already initialized, skipping
========================================================================
Worker process is ready to serve import requests
Launched and connected shader compiler UnityShaderCompiler.exe after 0.03 seconds
Refreshing native plugins compatible for Editor in 0.97 ms, found 3 plugins.
Preloading 0 native plugins for Editor in 0.00 ms.
Unloading 4343 Unused Serialized files (Serialized files now loaded: 0)
Unloading 67 unused Assets / (57.1 KB). Loaded Objects now: 4776.
Memory consumption went from 147.0 MB to 147.0 MB.
Total: 5.910900 ms (FindLiveObjects: 0.351400 ms CreateObjectMapping: 0.148600 ms MarkObjects: 5.309300 ms  DeleteObjects: 0.099600 ms)

AssetImportParameters requested are different than current active one (requested -> active):
  custom:video-decoder-ogg-theora: a1e56fd34408186e4bbccfd4996cb3dc -> 
  custom:container-muxer-webm: aa71ff27fc2769a1b78a27578f13a17b -> 
  custom:container-demuxer-webm: 4f35f7cbe854078d1ac9338744f61a02 -> 
  custom:video-encoder-webm-vp8: eb34c28f22e8b96e1ab97ce403110664 -> 
  custom:audio-encoder-webm-vorbis: bf7c407c2cedff20999df2af8eb42d56 -> 
  custom:framework-win-MediaFoundation: 216162199b28c13a410421893ffa2e32 -> 
  custom:container-demuxer-ogg: 62fdf1f143b41e24485cea50d1cbac27 -> 
  custom:video-decoder-webm-vp8: 9c59270c3fd7afecdb556c50c9e8de78 -> 
  custom:audio-decoder-ogg-vorbis: bf7c407c2cedff20999df2af8eb42d56 -> 
========================================================================
Received Import Request.
  Time since last request: 81975.340548 seconds.
  path: Assets/HTC.UnityPlugin/ViveInputUtility
  artifactKey: Guid(8b608c5a58e520544ac116bd8ec63105) Importer(815301076,1909f56bfc062723c751e8b465ee728b)
Start importing Assets/HTC.UnityPlugin/ViveInputUtility using Guid(8b608c5a58e520544ac116bd8ec63105) Importer(815301076,1909f56bfc062723c751e8b465ee728b)  -> (artifact id: '2fcc41cc8cea87b3731da0a2fd72d01f') in 0.012069 seconds 
========================================================================
Received Import Request.
  Time since last request: 1.120031 seconds.
  path: Assets/HTC.UnityPlugin/ViveInputUtility/Examples
  artifactKey: Guid(b91da71c58f530247bcf2e4769d59a41) Importer(815301076,1909f56bfc062723c751e8b465ee728b)
Start importing Assets/HTC.UnityPlugin/ViveInputUtility/Examples using Guid(b91da71c58f530247bcf2e4769d59a41) Importer(815301076,1909f56bfc062723c751e8b465ee728b)  -> (artifact id: 'a74662ac27ca43ab592d7ee72c6bc621') in 0.008217 seconds 
========================================================================
Received Import Request.
  Time since last request: 3.425888 seconds.
  path: Assets/HTC.UnityPlugin/ViveInputUtility/Examples/9.TrackedHandUGUIInteraction
  artifactKey: Guid(a1e0db3a9fd515243859ff9a0fab6198) Importer(815301076,1909f56bfc062723c751e8b465ee728b)
Start importing Assets/HTC.UnityPlugin/ViveInputUtility/Examples/9.TrackedHandUGUIInteraction using Guid(a1e0db3a9fd515243859ff9a0fab6198) Importer(815301076,1909f56bfc062723c751e8b465ee728b)  -> (artifact id: '50b13d0999b6065285082596c9c56bc0') in 0.005289 seconds 
========================================================================
Received Import Request.
  Time since last request: 3.053268 seconds.
  path: Assets/HTC.UnityPlugin/ViveInputUtility/Examples/8.NearFieldHandInteraction
  artifactKey: Guid(4b370555dc8b98d4ea93f995f50ecdc4) Importer(815301076,1909f56bfc062723c751e8b465ee728b)
Start importing Assets/HTC.UnityPlugin/ViveInputUtility/Examples/8.NearFieldHandInteraction using Guid(4b370555dc8b98d4ea93f995f50ecdc4) Importer(815301076,1909f56bfc062723c751e8b465ee728b)  -> (artifact id: '7dce00b8f808ebbaf78e9fc56cc13a09') in 0.005794 seconds 
========================================================================
Received Import Request.
  Time since last request: 0.796942 seconds.
  path: Assets/HTC.UnityPlugin/ViveInputUtility/Examples/7.RoleBindingExample
  artifactKey: Guid(a73d2df6d39d1e64daf782e4e44904b2) Importer(815301076,1909f56bfc062723c751e8b465ee728b)
Start importing Assets/HTC.UnityPlugin/ViveInputUtility/Examples/7.RoleBindingExample using Guid(a73d2df6d39d1e64daf782e4e44904b2) Importer(815301076,1909f56bfc062723c751e8b465ee728b)  -> (artifact id: '27668de1079783be2a1c100c084340bd') in 0.005645 seconds 
========================================================================
Received Import Request.
  Time since last request: 1.141008 seconds.
  path: Assets/HTC.UnityPlugin/ViveInputUtility/Examples/6.ControllerManagerSample
  artifactKey: Guid(c7d01a623685e724d90caac03903d250) Importer(815301076,1909f56bfc062723c751e8b465ee728b)
Start importing Assets/HTC.UnityPlugin/ViveInputUtility/Examples/6.ControllerManagerSample using Guid(c7d01a623685e724d90caac03903d250) Importer(815301076,1909f56bfc062723c751e8b465ee728b)  -> (artifact id: '8ea7f432c0bc275e7b2a53993c05dcca') in 0.006998 seconds 
========================================================================
Received Import Request.
  Time since last request: 4.955935 seconds.
  path: Assets/HTC.UnityPlugin/ViveInputUtility/Examples/10.ControllerTooltips
  artifactKey: Guid(35f1520d3ce62ed46befd51f030f67c7) Importer(815301076,1909f56bfc062723c751e8b465ee728b)
Start importing Assets/HTC.UnityPlugin/ViveInputUtility/Examples/10.ControllerTooltips using Guid(35f1520d3ce62ed46befd51f030f67c7) Importer(815301076,1909f56bfc062723c751e8b465ee728b)  -> (artifact id: 'de9cc36ae477cd23a3c7bb66c75ab76c') in 0.005802 seconds 
========================================================================
Received Import Request.
  Time since last request: 0.048692 seconds.
  path: Assets/HTC.UnityPlugin/ViveInputUtility/Examples/10.ControllerTooltips/GridMataterial.mat
  artifactKey: Guid(ef9706aad694cbe47b4bbba6ed12b241) Importer(815301076,1909f56bfc062723c751e8b465ee728b)
Start importing Assets/HTC.UnityPlugin/ViveInputUtility/Examples/10.ControllerTooltips/GridMataterial.mat using Guid(ef9706aad694cbe47b4bbba6ed12b241) Importer(815301076,1909f56bfc062723c751e8b465ee728b)  -> (artifact id: '36bcd4095f5dcd907b327ad9237a94b1') in 0.228842 seconds 
========================================================================
Received Import Request.
  Time since last request: 6.261065 seconds.
  path: Assets/HTC.UnityPlugin/ViveInputUtility/Examples/10.ControllerTooltips/ControllerTooltips.unity
  artifactKey: Guid(a292fc1b04cdcfd44bcc8bb61ba87cf5) Importer(815301076,1909f56bfc062723c751e8b465ee728b)
Start importing Assets/HTC.UnityPlugin/ViveInputUtility/Examples/10.ControllerTooltips/ControllerTooltips.unity using Guid(a292fc1b04cdcfd44bcc8bb61ba87cf5) Importer(815301076,1909f56bfc062723c751e8b465ee728b)  -> (artifact id: '0b4e20d9a12dbd1e0750a066ef7aecbd') in 0.005536 seconds 
========================================================================
Received Prepare
Registering precompiled user dll's ...
Registered in 0.004715 seconds.
Begin MonoManager ReloadAssembly
Symbol file LoadedFromMemory doesn't match image C:\Users\brill\Develop\Github\VirtualReality\VRKompakt\Unity\VR\VRKVIUSimulator\FollowTheController\Library\PackageCache\com.unity.visualscripting@1.7.8\Editor\VisualScripting.Core\Dependencies\DotNetZip\Unity.VisualScripting.IonicZip.dll
Symbol file LoadedFromMemory doesn't match image C:\Users\brill\Develop\Github\VirtualReality\VRKompakt\Unity\VR\VRKVIUSimulator\FollowTheController\Library\PackageCache\com.unity.visualscripting@1.7.8\Editor\VisualScripting.Core\Dependencies\YamlDotNet\Unity.VisualScripting.YamlDotNet.dll
Native extension for UWP target not found
Native extension for WindowsStandalone target not found
Native extension for Android target not found
Native extension for WebGL target not found
Refreshing native plugins compatible for Editor in 0.97 ms, found 3 plugins.
Preloading 0 native plugins for Editor in 0.00 ms.
Mono: successfully reloaded assembly
- Completed reload, in  0.983 seconds
Domain Reload Profiling:
	ReloadAssembly (984ms)
		BeginReloadAssembly (117ms)
			ExecutionOrderSort (0ms)
			DisableScriptedObjects (4ms)
			BackupInstance (0ms)
			ReleaseScriptingObjects (0ms)
			CreateAndSetChildDomain (36ms)
		EndReloadAssembly (777ms)
			LoadAssemblies (76ms)
			RebuildTransferFunctionScriptingTraits (0ms)
			SetupTypeCache (242ms)
			ReleaseScriptCaches (2ms)
			RebuildScriptCaches (38ms)
			SetupLoadedEditorAssemblies (384ms)
				LogAssemblyErrors (0ms)
				InitializePlatformSupportModulesInManaged (22ms)
				SetLoadedEditorAssemblies (0ms)
				RefreshPlugins (1ms)
				BeforeProcessingInitializeOnLoad (61ms)
				ProcessInitializeOnLoadAttributes (189ms)
				ProcessInitializeOnLoadMethodAttributes (106ms)
				AfterProcessingInitializeOnLoad (5ms)
				EditorAssembliesLoaded (0ms)
			ExecutionOrderSort2 (0ms)
			AwakeInstancesAfterBackupRestoration (5ms)
Platform modules already initialized, skipping
Refreshing native plugins compatible for Editor in 4.21 ms, found 3 plugins.
Preloading 0 native plugins for Editor in 0.00 ms.
Unloading 4334 Unused Serialized files (Serialized files now loaded: 0)
Unloading 56 unused Assets / (25.7 KB). Loaded Objects now: 4820.
Memory consumption went from 151.2 MB to 151.2 MB.
Total: 5.843200 ms (FindLiveObjects: 0.378400 ms CreateObjectMapping: 0.377600 ms MarkObjects: 5.043100 ms  DeleteObjects: 0.043100 ms)

AssetImportParameters requested are different than current active one (requested -> active):
  custom:video-decoder-ogg-theora: a1e56fd34408186e4bbccfd4996cb3dc -> 
  custom:container-muxer-webm: aa71ff27fc2769a1b78a27578f13a17b -> 
  custom:container-demuxer-webm: 4f35f7cbe854078d1ac9338744f61a02 -> 
  custom:video-encoder-webm-vp8: eb34c28f22e8b96e1ab97ce403110664 -> 
  custom:audio-encoder-webm-vorbis: bf7c407c2cedff20999df2af8eb42d56 -> 
  custom:framework-win-MediaFoundation: 216162199b28c13a410421893ffa2e32 -> 
  custom:container-demuxer-ogg: 62fdf1f143b41e24485cea50d1cbac27 -> 
  custom:video-decoder-webm-vp8: 9c59270c3fd7afecdb556c50c9e8de78 -> 
  custom:audio-decoder-ogg-vorbis: bf7c407c2cedff20999df2af8eb42d56 -> 
========================================================================
Received Import Request.
  Time since last request: 46.094951 seconds.
  path: Assets/HTC.UnityPlugin/ViveInputUtility/Examples/10.ControllerTooltips/SelectColorUIController.cs
  artifactKey: Guid(7db24d6277613b5489e64a5251e30234) Importer(815301076,1909f56bfc062723c751e8b465ee728b)
Start importing Assets/HTC.UnityPlugin/ViveInputUtility/Examples/10.ControllerTooltips/SelectColorUIController.cs using Guid(7db24d6277613b5489e64a5251e30234) Importer(815301076,1909f56bfc062723c751e8b465ee728b)  -> (artifact id: '0db8588b262dda06dfef49ecdc736e96') in 0.021884 seconds 
========================================================================
Received Import Request.
  Time since last request: 8.687387 seconds.
  path: Assets/HTC.UnityPlugin/ViveInputUtility/Examples/10.ControllerTooltips/ModeManager.cs
  artifactKey: Guid(c6bfcc2dbafdb6c4facfe1dccad64d7f) Importer(815301076,1909f56bfc062723c751e8b465ee728b)
Start importing Assets/HTC.UnityPlugin/ViveInputUtility/Examples/10.ControllerTooltips/ModeManager.cs using Guid(c6bfcc2dbafdb6c4facfe1dccad64d7f) Importer(815301076,1909f56bfc062723c751e8b465ee728b)  -> (artifact id: 'b72b50cbd9bc4fa33d20c2255c1220d8') in 0.004898 seconds 
========================================================================
Received Prepare
Registering precompiled user dll's ...
Registered in 0.004393 seconds.
Begin MonoManager ReloadAssembly
Symbol file LoadedFromMemory doesn't match image C:\Users\brill\Develop\Github\VirtualReality\VRKompakt\Unity\VR\VRKVIUSimulator\FollowTheController\Library\PackageCache\com.unity.visualscripting@1.7.8\Editor\VisualScripting.Core\Dependencies\DotNetZip\Unity.VisualScripting.IonicZip.dll
Symbol file LoadedFromMemory doesn't match image C:\Users\brill\Develop\Github\VirtualReality\VRKompakt\Unity\VR\VRKVIUSimulator\FollowTheController\Library\PackageCache\com.unity.visualscripting@1.7.8\Editor\VisualScripting.Core\Dependencies\YamlDotNet\Unity.VisualScripting.YamlDotNet.dll
Native extension for UWP target not found
Native extension for WindowsStandalone target not found
Native extension for Android target not found
Native extension for WebGL target not found
Refreshing native plugins compatible for Editor in 1.34 ms, found 3 plugins.
Preloading 0 native plugins for Editor in 0.00 ms.
Mono: successfully reloaded assembly
- Completed reload, in  1.013 seconds
Domain Reload Profiling:
	ReloadAssembly (1014ms)
		BeginReloadAssembly (114ms)
			ExecutionOrderSort (0ms)
			DisableScriptedObjects (5ms)
			BackupInstance (0ms)
			ReleaseScriptingObjects (0ms)
			CreateAndSetChildDomain (34ms)
		EndReloadAssembly (825ms)
			LoadAssemblies (72ms)
			RebuildTransferFunctionScriptingTraits (0ms)
			SetupTypeCache (242ms)
			ReleaseScriptCaches (2ms)
			RebuildScriptCaches (39ms)
			SetupLoadedEditorAssemblies (416ms)
				LogAssemblyErrors (0ms)
				InitializePlatformSupportModulesInManaged (23ms)
				SetLoadedEditorAssemblies (0ms)
				RefreshPlugins (1ms)
				BeforeProcessingInitializeOnLoad (70ms)
				ProcessInitializeOnLoadAttributes (190ms)
				ProcessInitializeOnLoadMethodAttributes (124ms)
				AfterProcessingInitializeOnLoad (6ms)
				EditorAssembliesLoaded (0ms)
			ExecutionOrderSort2 (0ms)
			AwakeInstancesAfterBackupRestoration (7ms)
Platform modules already initialized, skipping
Refreshing native plugins compatible for Editor in 5.05 ms, found 3 plugins.
Preloading 0 native plugins for Editor in 0.00 ms.
Unloading 4334 Unused Serialized files (Serialized files now loaded: 0)
Unloading 56 unused Assets / (25.6 KB). Loaded Objects now: 4823.
Memory consumption went from 151.2 MB to 151.2 MB.
Total: 7.250000 ms (FindLiveObjects: 0.388100 ms CreateObjectMapping: 0.160400 ms MarkObjects: 6.651000 ms  DeleteObjects: 0.048400 ms)

AssetImportParameters requested are different than current active one (requested -> active):
  custom:video-decoder-ogg-theora: a1e56fd34408186e4bbccfd4996cb3dc -> 
  custom:container-muxer-webm: aa71ff27fc2769a1b78a27578f13a17b -> 
  custom:container-demuxer-webm: 4f35f7cbe854078d1ac9338744f61a02 -> 
  custom:video-encoder-webm-vp8: eb34c28f22e8b96e1ab97ce403110664 -> 
  custom:audio-encoder-webm-vorbis: bf7c407c2cedff20999df2af8eb42d56 -> 
  custom:framework-win-MediaFoundation: 216162199b28c13a410421893ffa2e32 -> 
  custom:container-demuxer-ogg: 62fdf1f143b41e24485cea50d1cbac27 -> 
  custom:video-decoder-webm-vp8: 9c59270c3fd7afecdb556c50c9e8de78 -> 
  custom:audio-decoder-ogg-vorbis: bf7c407c2cedff20999df2af8eb42d56 -> 
========================================================================
Received Prepare
Registering precompiled user dll's ...
Registered in 0.004339 seconds.
Begin MonoManager ReloadAssembly
Symbol file LoadedFromMemory doesn't match image C:\Users\brill\Develop\Github\VirtualReality\VRKompakt\Unity\VR\VRKVIUSimulator\FollowTheController\Library\PackageCache\com.unity.visualscripting@1.7.8\Editor\VisualScripting.Core\Dependencies\DotNetZip\Unity.VisualScripting.IonicZip.dll
Symbol file LoadedFromMemory doesn't match image C:\Users\brill\Develop\Github\VirtualReality\VRKompakt\Unity\VR\VRKVIUSimulator\FollowTheController\Library\PackageCache\com.unity.visualscripting@1.7.8\Editor\VisualScripting.Core\Dependencies\YamlDotNet\Unity.VisualScripting.YamlDotNet.dll
Native extension for UWP target not found
Native extension for WindowsStandalone target not found
Native extension for Android target not found
Native extension for WebGL target not found
Refreshing native plugins compatible for Editor in 1.13 ms, found 3 plugins.
Preloading 0 native plugins for Editor in 0.00 ms.
Mono: successfully reloaded assembly
- Completed reload, in  0.992 seconds
Domain Reload Profiling:
	ReloadAssembly (993ms)
		BeginReloadAssembly (116ms)
			ExecutionOrderSort (0ms)
			DisableScriptedObjects (6ms)
			BackupInstance (0ms)
			ReleaseScriptingObjects (0ms)
			CreateAndSetChildDomain (35ms)
		EndReloadAssembly (802ms)
			LoadAssemblies (71ms)
			RebuildTransferFunctionScriptingTraits (0ms)
			SetupTypeCache (241ms)
			ReleaseScriptCaches (2ms)
			RebuildScriptCaches (37ms)
			SetupLoadedEditorAssemblies (403ms)
				LogAssemblyErrors (0ms)
				InitializePlatformSupportModulesInManaged (21ms)
				SetLoadedEditorAssemblies (1ms)
				RefreshPlugins (1ms)
				BeforeProcessingInitializeOnLoad (68ms)
				ProcessInitializeOnLoadAttributes (193ms)
				ProcessInitializeOnLoadMethodAttributes (115ms)
				AfterProcessingInitializeOnLoad (5ms)
				EditorAssembliesLoaded (0ms)
			ExecutionOrderSort2 (0ms)
			AwakeInstancesAfterBackupRestoration (5ms)
Platform modules already initialized, skipping
Refreshing native plugins compatible for Editor in 5.70 ms, found 3 plugins.
Preloading 0 native plugins for Editor in 0.00 ms.
Unloading 4334 Unused Serialized files (Serialized files now loaded: 0)
Unloading 56 unused Assets / (25.7 KB). Loaded Objects now: 4826.
Memory consumption went from 151.2 MB to 151.2 MB.
Total: 8.463900 ms (FindLiveObjects: 0.433500 ms CreateObjectMapping: 0.249200 ms MarkObjects: 7.716600 ms  DeleteObjects: 0.061200 ms)

AssetImportParameters requested are different than current active one (requested -> active):
  custom:video-decoder-ogg-theora: a1e56fd34408186e4bbccfd4996cb3dc -> 
  custom:container-muxer-webm: aa71ff27fc2769a1b78a27578f13a17b -> 
  custom:container-demuxer-webm: 4f35f7cbe854078d1ac9338744f61a02 -> 
  custom:video-encoder-webm-vp8: eb34c28f22e8b96e1ab97ce403110664 -> 
  custom:audio-encoder-webm-vorbis: bf7c407c2cedff20999df2af8eb42d56 -> 
  custom:framework-win-MediaFoundation: 216162199b28c13a410421893ffa2e32 -> 
  custom:container-demuxer-ogg: 62fdf1f143b41e24485cea50d1cbac27 -> 
  custom:video-decoder-webm-vp8: 9c59270c3fd7afecdb556c50c9e8de78 -> 
  custom:audio-decoder-ogg-vorbis: bf7c407c2cedff20999df2af8eb42d56 -> 
========================================================================
Received Import Request.
  Time since last request: 961.767768 seconds.
  path: Assets/HTC.UnityPlugin/ViveInputUtility/Examples/7.RoleBindingExample/RoleBindingExample.unity
  artifactKey: Guid(bc4e44a3b6c99684384abd378f45e9fe) Importer(815301076,1909f56bfc062723c751e8b465ee728b)
Start importing Assets/HTC.UnityPlugin/ViveInputUtility/Examples/7.RoleBindingExample/RoleBindingExample.unity using Guid(bc4e44a3b6c99684384abd378f45e9fe) Importer(815301076,1909f56bfc062723c751e8b465ee728b)  -> (artifact id: '55e132fe22f4161a6bc2bb545098c145') in 0.018632 seconds 
========================================================================
Received Prepare
Registering precompiled user dll's ...
Registered in 0.004714 seconds.
Begin MonoManager ReloadAssembly
Symbol file LoadedFromMemory doesn't match image C:\Users\brill\Develop\Github\VirtualReality\VRKompakt\Unity\VR\VRKVIUSimulator\FollowTheController\Library\PackageCache\com.unity.visualscripting@1.7.8\Editor\VisualScripting.Core\Dependencies\DotNetZip\Unity.VisualScripting.IonicZip.dll
Symbol file LoadedFromMemory doesn't match image C:\Users\brill\Develop\Github\VirtualReality\VRKompakt\Unity\VR\VRKVIUSimulator\FollowTheController\Library\PackageCache\com.unity.visualscripting@1.7.8\Editor\VisualScripting.Core\Dependencies\YamlDotNet\Unity.VisualScripting.YamlDotNet.dll
Native extension for UWP target not found
Native extension for WindowsStandalone target not found
Native extension for Android target not found
Native extension for WebGL target not found
Refreshing native plugins compatible for Editor in 0.90 ms, found 3 plugins.
Preloading 0 native plugins for Editor in 0.00 ms.
Mono: successfully reloaded assembly
- Completed reload, in  1.027 seconds
Domain Reload Profiling:
	ReloadAssembly (1028ms)
		BeginReloadAssembly (117ms)
			ExecutionOrderSort (0ms)
			DisableScriptedObjects (5ms)
			BackupInstance (0ms)
			ReleaseScriptingObjects (0ms)
			CreateAndSetChildDomain (38ms)
		EndReloadAssembly (820ms)
			LoadAssemblies (70ms)
			RebuildTransferFunctionScriptingTraits (0ms)
			SetupTypeCache (229ms)
			ReleaseScriptCaches (2ms)
			RebuildScriptCaches (50ms)
			SetupLoadedEditorAssemblies (414ms)
				LogAssemblyErrors (0ms)
				InitializePlatformSupportModulesInManaged (20ms)
				SetLoadedEditorAssemblies (0ms)
				RefreshPlugins (1ms)
				BeforeProcessingInitializeOnLoad (62ms)
				ProcessInitializeOnLoadAttributes (196ms)
				ProcessInitializeOnLoadMethodAttributes (129ms)
				AfterProcessingInitializeOnLoad (5ms)
				EditorAssembliesLoaded (0ms)
			ExecutionOrderSort2 (0ms)
			AwakeInstancesAfterBackupRestoration (6ms)
Platform modules already initialized, skipping
Refreshing native plugins compatible for Editor in 8.08 ms, found 3 plugins.
Preloading 0 native plugins for Editor in 0.00 ms.
Unloading 4334 Unused Serialized files (Serialized files now loaded: 0)
Unloading 56 unused Assets / (25.8 KB). Loaded Objects now: 4829.
Memory consumption went from 151.2 MB to 151.2 MB.
Total: 7.200900 ms (FindLiveObjects: 0.394300 ms CreateObjectMapping: 0.190300 ms MarkObjects: 6.559700 ms  DeleteObjects: 0.054400 ms)

AssetImportParameters requested are different than current active one (requested -> active):
  custom:video-decoder-ogg-theora: a1e56fd34408186e4bbccfd4996cb3dc -> 
  custom:container-muxer-webm: aa71ff27fc2769a1b78a27578f13a17b -> 
  custom:container-demuxer-webm: 4f35f7cbe854078d1ac9338744f61a02 -> 
  custom:video-encoder-webm-vp8: eb34c28f22e8b96e1ab97ce403110664 -> 
  custom:audio-encoder-webm-vorbis: bf7c407c2cedff20999df2af8eb42d56 -> 
  custom:framework-win-MediaFoundation: 216162199b28c13a410421893ffa2e32 -> 
  custom:container-demuxer-ogg: 62fdf1f143b41e24485cea50d1cbac27 -> 
  custom:video-decoder-webm-vp8: 9c59270c3fd7afecdb556c50c9e8de78 -> 
  custom:audio-decoder-ogg-vorbis: bf7c407c2cedff20999df2af8eb42d56 -> 
========================================================================
Received Import Request.
  Time since last request: 30.716334 seconds.
  path: Assets/HTC.UnityPlugin/ViveInputUtility/Examples/6.ControllerManagerSample/ControllerManagerSample.unity
  artifactKey: Guid(47f6e15cfe07a644095ae09e4fd298a4) Importer(815301076,1909f56bfc062723c751e8b465ee728b)
Start importing Assets/HTC.UnityPlugin/ViveInputUtility/Examples/6.ControllerManagerSample/ControllerManagerSample.unity using Guid(47f6e15cfe07a644095ae09e4fd298a4) Importer(815301076,1909f56bfc062723c751e8b465ee728b)  -> (artifact id: '1a7980672aec54836268cacdb22bd0ed') in 0.013440 seconds 
========================================================================
Received Import Request.
  Time since last request: 1.459158 seconds.
  path: Assets/HTC.UnityPlugin/ViveInputUtility/Examples/6.ControllerManagerSample/Scripts
  artifactKey: Guid(f10badc680b8e6548b66439d8783a53f) Importer(815301076,1909f56bfc062723c751e8b465ee728b)
Start importing Assets/HTC.UnityPlugin/ViveInputUtility/Examples/6.ControllerManagerSample/Scripts using Guid(f10badc680b8e6548b66439d8783a53f) Importer(815301076,1909f56bfc062723c751e8b465ee728b)  -> (artifact id: 'c3f61e2427960f2f778d640bcb7333d7') in 0.005510 seconds 
========================================================================
Received Import Request.
  Time since last request: 1.724059 seconds.
  path: Assets/HTC.UnityPlugin/ViveInputUtility/Examples/6.ControllerManagerSample/Scripts/ChangeMaterialToButtonsColor.cs
  artifactKey: Guid(0ee012eca24e76e4dac8fce388ea951c) Importer(815301076,1909f56bfc062723c751e8b465ee728b)
Start importing Assets/HTC.UnityPlugin/ViveInputUtility/Examples/6.ControllerManagerSample/Scripts/ChangeMaterialToButtonsColor.cs using Guid(0ee012eca24e76e4dac8fce388ea951c) Importer(815301076,1909f56bfc062723c751e8b465ee728b)  -> (artifact id: '908c3c0cb6c0e6214cc8302d89c69bad') in 0.005510 seconds 
========================================================================
Received Import Request.
  Time since last request: 4.249581 seconds.
  path: Assets/HTC.UnityPlugin/ViveInputUtility/Examples/6.ControllerManagerSample/Scripts/ShowMenuOnClick.cs
  artifactKey: Guid(82f13b6073133754e85a2098fffc779b) Importer(815301076,1909f56bfc062723c751e8b465ee728b)
Start importing Assets/HTC.UnityPlugin/ViveInputUtility/Examples/6.ControllerManagerSample/Scripts/ShowMenuOnClick.cs using Guid(82f13b6073133754e85a2098fffc779b) Importer(815301076,1909f56bfc062723c751e8b465ee728b)  -> (artifact id: '0a84c177c490028132b4f18a53ee3495') in 0.005439 seconds 
========================================================================
Received Import Request.
  Time since last request: 5.233702 seconds.
  path: Assets/HTC.UnityPlugin/ViveInputUtility/Examples/6.ControllerManagerSample/Scripts/SpawnObjectOnTriggerExit.cs
  artifactKey: Guid(464cbdc121d1b72428c28867e893f7f4) Importer(815301076,1909f56bfc062723c751e8b465ee728b)
Start importing Assets/HTC.UnityPlugin/ViveInputUtility/Examples/6.ControllerManagerSample/Scripts/SpawnObjectOnTriggerExit.cs using Guid(464cbdc121d1b72428c28867e893f7f4) Importer(815301076,1909f56bfc062723c751e8b465ee728b)  -> (artifact id: '419ca708d8ae36284afde57cb1c7d1cd') in 0.005776 seconds 
========================================================================
Received Prepare
Registering precompiled user dll's ...
Registered in 0.004780 seconds.
Begin MonoManager ReloadAssembly
Symbol file LoadedFromMemory doesn't match image C:\Users\brill\Develop\Github\VirtualReality\VRKompakt\Unity\VR\VRKVIUSimulator\FollowTheController\Library\PackageCache\com.unity.visualscripting@1.7.8\Editor\VisualScripting.Core\Dependencies\DotNetZip\Unity.VisualScripting.IonicZip.dll
Symbol file LoadedFromMemory doesn't match image C:\Users\brill\Develop\Github\VirtualReality\VRKompakt\Unity\VR\VRKVIUSimulator\FollowTheController\Library\PackageCache\com.unity.visualscripting@1.7.8\Editor\VisualScripting.Core\Dependencies\YamlDotNet\Unity.VisualScripting.YamlDotNet.dll
Native extension for UWP target not found
Native extension for WindowsStandalone target not found
Native extension for Android target not found
Native extension for WebGL target not found
Refreshing native plugins compatible for Editor in 1.20 ms, found 3 plugins.
Preloading 0 native plugins for Editor in 0.00 ms.
Mono: successfully reloaded assembly
- Completed reload, in  1.036 seconds
Domain Reload Profiling:
	ReloadAssembly (1037ms)
		BeginReloadAssembly (116ms)
			ExecutionOrderSort (0ms)
			DisableScriptedObjects (5ms)
			BackupInstance (0ms)
			ReleaseScriptingObjects (0ms)
			CreateAndSetChildDomain (38ms)
		EndReloadAssembly (843ms)
			LoadAssemblies (71ms)
			RebuildTransferFunctionScriptingTraits (0ms)
			SetupTypeCache (237ms)
			ReleaseScriptCaches (3ms)
			RebuildScriptCaches (44ms)
			SetupLoadedEditorAssemblies (434ms)
				LogAssemblyErrors (0ms)
				InitializePlatformSupportModulesInManaged (23ms)
				SetLoadedEditorAssemblies (0ms)
				RefreshPlugins (1ms)
				BeforeProcessingInitializeOnLoad (72ms)
				ProcessInitializeOnLoadAttributes (204ms)
				ProcessInitializeOnLoadMethodAttributes (127ms)
				AfterProcessingInitializeOnLoad (6ms)
				EditorAssembliesLoaded (0ms)
			ExecutionOrderSort2 (0ms)
			AwakeInstancesAfterBackupRestoration (7ms)
Platform modules already initialized, skipping
Refreshing native plugins compatible for Editor in 5.77 ms, found 3 plugins.
Preloading 0 native plugins for Editor in 0.00 ms.
Unloading 4334 Unused Serialized files (Serialized files now loaded: 0)
Unloading 56 unused Assets / (25.7 KB). Loaded Objects now: 4832.
Memory consumption went from 151.3 MB to 151.2 MB.
Total: 7.511100 ms (FindLiveObjects: 0.356000 ms CreateObjectMapping: 0.180700 ms MarkObjects: 6.908100 ms  DeleteObjects: 0.064800 ms)

AssetImportParameters requested are different than current active one (requested -> active):
  custom:video-decoder-ogg-theora: a1e56fd34408186e4bbccfd4996cb3dc -> 
  custom:container-muxer-webm: aa71ff27fc2769a1b78a27578f13a17b -> 
  custom:container-demuxer-webm: 4f35f7cbe854078d1ac9338744f61a02 -> 
  custom:video-encoder-webm-vp8: eb34c28f22e8b96e1ab97ce403110664 -> 
  custom:audio-encoder-webm-vorbis: bf7c407c2cedff20999df2af8eb42d56 -> 
  custom:framework-win-MediaFoundation: 216162199b28c13a410421893ffa2e32 -> 
  custom:container-demuxer-ogg: 62fdf1f143b41e24485cea50d1cbac27 -> 
  custom:video-decoder-webm-vp8: 9c59270c3fd7afecdb556c50c9e8de78 -> 
  custom:audio-decoder-ogg-vorbis: bf7c407c2cedff20999df2af8eb42d56 -> 
========================================================================
Received Prepare
Registering precompiled user dll's ...
Registered in 0.004514 seconds.
Begin MonoManager ReloadAssembly
Symbol file LoadedFromMemory doesn't match image C:\Users\brill\Develop\Github\VirtualReality\VRKompakt\Unity\VR\VRKVIUSimulator\FollowTheController\Library\PackageCache\com.unity.visualscripting@1.7.8\Editor\VisualScripting.Core\Dependencies\DotNetZip\Unity.VisualScripting.IonicZip.dll
Symbol file LoadedFromMemory doesn't match image C:\Users\brill\Develop\Github\VirtualReality\VRKompakt\Unity\VR\VRKVIUSimulator\FollowTheController\Library\PackageCache\com.unity.visualscripting@1.7.8\Editor\VisualScripting.Core\Dependencies\YamlDotNet\Unity.VisualScripting.YamlDotNet.dll
Native extension for UWP target not found
Native extension for WindowsStandalone target not found
Native extension for Android target not found
Native extension for WebGL target not found
Refreshing native plugins compatible for Editor in 1.08 ms, found 3 plugins.
Preloading 0 native plugins for Editor in 0.00 ms.
Mono: successfully reloaded assembly
- Completed reload, in  1.013 seconds
Domain Reload Profiling:
	ReloadAssembly (1014ms)
		BeginReloadAssembly (114ms)
			ExecutionOrderSort (0ms)
			DisableScriptedObjects (5ms)
			BackupInstance (0ms)
			ReleaseScriptingObjects (0ms)
			CreateAndSetChildDomain (34ms)
		EndReloadAssembly (824ms)
			LoadAssemblies (71ms)
			RebuildTransferFunctionScriptingTraits (0ms)
			SetupTypeCache (246ms)
			ReleaseScriptCaches (2ms)
			RebuildScriptCaches (39ms)
			SetupLoadedEditorAssemblies (419ms)
				LogAssemblyErrors (0ms)
				InitializePlatformSupportModulesInManaged (22ms)
				SetLoadedEditorAssemblies (0ms)
				RefreshPlugins (1ms)
				BeforeProcessingInitializeOnLoad (67ms)
				ProcessInitializeOnLoadAttributes (203ms)
				ProcessInitializeOnLoadMethodAttributes (120ms)
				AfterProcessingInitializeOnLoad (5ms)
				EditorAssembliesLoaded (0ms)
			ExecutionOrderSort2 (0ms)
			AwakeInstancesAfterBackupRestoration (6ms)
Platform modules already initialized, skipping
Refreshing native plugins compatible for Editor in 5.64 ms, found 3 plugins.
Preloading 0 native plugins for Editor in 0.00 ms.
Unloading 4334 Unused Serialized files (Serialized files now loaded: 0)
Unloading 56 unused Assets / (25.7 KB). Loaded Objects now: 4835.
Memory consumption went from 151.3 MB to 151.2 MB.
Total: 7.206800 ms (FindLiveObjects: 0.406000 ms CreateObjectMapping: 0.198300 ms MarkObjects: 6.546000 ms  DeleteObjects: 0.054800 ms)

AssetImportParameters requested are different than current active one (requested -> active):
  custom:video-decoder-ogg-theora: a1e56fd34408186e4bbccfd4996cb3dc -> 
  custom:container-muxer-webm: aa71ff27fc2769a1b78a27578f13a17b -> 
  custom:container-demuxer-webm: 4f35f7cbe854078d1ac9338744f61a02 -> 
  custom:video-encoder-webm-vp8: eb34c28f22e8b96e1ab97ce403110664 -> 
  custom:audio-encoder-webm-vorbis: bf7c407c2cedff20999df2af8eb42d56 -> 
  custom:framework-win-MediaFoundation: 216162199b28c13a410421893ffa2e32 -> 
  custom:container-demuxer-ogg: 62fdf1f143b41e24485cea50d1cbac27 -> 
  custom:video-decoder-webm-vp8: 9c59270c3fd7afecdb556c50c9e8de78 -> 
  custom:audio-decoder-ogg-vorbis: bf7c407c2cedff20999df2af8eb42d56 -> 
========================================================================
Received Prepare
Registering precompiled user dll's ...
Registered in 0.004823 seconds.
Begin MonoManager ReloadAssembly
Symbol file LoadedFromMemory doesn't match image C:\Users\brill\Develop\Github\VirtualReality\VRKompakt\Unity\VR\VRKVIUSimulator\FollowTheController\Library\PackageCache\com.unity.visualscripting@1.7.8\Editor\VisualScripting.Core\Dependencies\DotNetZip\Unity.VisualScripting.IonicZip.dll
Symbol file LoadedFromMemory doesn't match image C:\Users\brill\Develop\Github\VirtualReality\VRKompakt\Unity\VR\VRKVIUSimulator\FollowTheController\Library\PackageCache\com.unity.visualscripting@1.7.8\Editor\VisualScripting.Core\Dependencies\YamlDotNet\Unity.VisualScripting.YamlDotNet.dll
Native extension for UWP target not found
Native extension for WindowsStandalone target not found
Native extension for Android target not found
Native extension for WebGL target not found
Refreshing native plugins compatible for Editor in 1.23 ms, found 3 plugins.
Preloading 0 native plugins for Editor in 0.00 ms.
Mono: successfully reloaded assembly
- Completed reload, in  0.988 seconds
Domain Reload Profiling:
	ReloadAssembly (989ms)
		BeginReloadAssembly (110ms)
			ExecutionOrderSort (0ms)
			DisableScriptedObjects (5ms)
			BackupInstance (0ms)
			ReleaseScriptingObjects (0ms)
			CreateAndSetChildDomain (35ms)
		EndReloadAssembly (807ms)
			LoadAssemblies (67ms)
			RebuildTransferFunctionScriptingTraits (0ms)
			SetupTypeCache (241ms)
			ReleaseScriptCaches (2ms)
			RebuildScriptCaches (39ms)
			SetupLoadedEditorAssemblies (407ms)
				LogAssemblyErrors (0ms)
				InitializePlatformSupportModulesInManaged (23ms)
				SetLoadedEditorAssemblies (1ms)
				RefreshPlugins (1ms)
				BeforeProcessingInitializeOnLoad (72ms)
				ProcessInitializeOnLoadAttributes (194ms)
				ProcessInitializeOnLoadMethodAttributes (111ms)
				AfterProcessingInitializeOnLoad (4ms)
				EditorAssembliesLoaded (0ms)
			ExecutionOrderSort2 (0ms)
			AwakeInstancesAfterBackupRestoration (6ms)
Platform modules already initialized, skipping
Refreshing native plugins compatible for Editor in 5.78 ms, found 3 plugins.
Preloading 0 native plugins for Editor in 0.00 ms.
Unloading 4334 Unused Serialized files (Serialized files now loaded: 0)
Unloading 56 unused Assets / (25.7 KB). Loaded Objects now: 4838.
Memory consumption went from 151.3 MB to 151.3 MB.
Total: 7.429000 ms (FindLiveObjects: 0.368600 ms CreateObjectMapping: 0.155900 ms MarkObjects: 6.847100 ms  DeleteObjects: 0.047400 ms)

AssetImportParameters requested are different than current active one (requested -> active):
  custom:video-decoder-ogg-theora: a1e56fd34408186e4bbccfd4996cb3dc -> 
  custom:container-muxer-webm: aa71ff27fc2769a1b78a27578f13a17b -> 
  custom:container-demuxer-webm: 4f35f7cbe854078d1ac9338744f61a02 -> 
  custom:video-encoder-webm-vp8: eb34c28f22e8b96e1ab97ce403110664 -> 
  custom:audio-encoder-webm-vorbis: bf7c407c2cedff20999df2af8eb42d56 -> 
  custom:framework-win-MediaFoundation: 216162199b28c13a410421893ffa2e32 -> 
  custom:container-demuxer-ogg: 62fdf1f143b41e24485cea50d1cbac27 -> 
  custom:video-decoder-webm-vp8: 9c59270c3fd7afecdb556c50c9e8de78 -> 
  custom:audio-decoder-ogg-vorbis: bf7c407c2cedff20999df2af8eb42d56 -> 
========================================================================
Received Import Request.
  Time since last request: 929.045828 seconds.
  path: Assets/HTC.UnityPlugin/ViveInputUtility/Scripts
  artifactKey: Guid(9643ffea5b77cca419aa9c3f9625209f) Importer(815301076,1909f56bfc062723c751e8b465ee728b)
Start importing Assets/HTC.UnityPlugin/ViveInputUtility/Scripts using Guid(9643ffea5b77cca419aa9c3f9625209f) Importer(815301076,1909f56bfc062723c751e8b465ee728b)  -> (artifact id: '22d6d1ae604dc85bc14124a7d21e2ea5') in 0.014004 seconds 
========================================================================
Received Import Request.
  Time since last request: 4.362687 seconds.
  path: Assets/HTC.UnityPlugin/ViveInputUtility/Scripts/ViveRole
  artifactKey: Guid(d86bd10250945c04a8fba05aadf7d215) Importer(815301076,1909f56bfc062723c751e8b465ee728b)
Start importing Assets/HTC.UnityPlugin/ViveInputUtility/Scripts/ViveRole using Guid(d86bd10250945c04a8fba05aadf7d215) Importer(815301076,1909f56bfc062723c751e8b465ee728b)  -> (artifact id: '9e84cfbed7f77e44d5f6bf0c72c840b8') in 0.005862 seconds 
========================================================================
Received Import Request.
  Time since last request: 5.230185 seconds.
  path: Assets/HTC.UnityPlugin/ViveInputUtility/Scripts/ViveRole/ViveRole.cs
  artifactKey: Guid(c00a409f621cb2c429be3c7396f4fa99) Importer(815301076,1909f56bfc062723c751e8b465ee728b)
Start importing Assets/HTC.UnityPlugin/ViveInputUtility/Scripts/ViveRole/ViveRole.cs using Guid(c00a409f621cb2c429be3c7396f4fa99) Importer(815301076,1909f56bfc062723c751e8b465ee728b)  -> (artifact id: '88209feebd0bd7570b877ec703849a60') in 0.001820 seconds 
========================================================================
Received Import Request.
  Time since last request: 0.899831 seconds.
  path: Assets/HTC.UnityPlugin/ViveInputUtility/Scripts/ViveRole/ViveRoleBindingsHelper.cs
  artifactKey: Guid(4f21e9f542d73914180798bfa4c535d0) Importer(815301076,1909f56bfc062723c751e8b465ee728b)
Start importing Assets/HTC.UnityPlugin/ViveInputUtility/Scripts/ViveRole/ViveRoleBindingsHelper.cs using Guid(4f21e9f542d73914180798bfa4c535d0) Importer(815301076,1909f56bfc062723c751e8b465ee728b)  -> (artifact id: '203c8de04ea49d69712780a60779f458') in 0.005141 seconds 
========================================================================
Received Import Request.
  Time since last request: 1.132044 seconds.
  path: Assets/HTC.UnityPlugin/ViveInputUtility/Scripts/ViveRole/ViveRoleEnum.cs
  artifactKey: Guid(54700b8b41e967244be6803d06dadfb0) Importer(815301076,1909f56bfc062723c751e8b465ee728b)
Start importing Assets/HTC.UnityPlugin/ViveInputUtility/Scripts/ViveRole/ViveRoleEnum.cs using Guid(54700b8b41e967244be6803d06dadfb0) Importer(815301076,1909f56bfc062723c751e8b465ee728b)  -> (artifact id: 'e6bda01159b49d9f039f0b955061b6f9') in 0.005158 seconds 
========================================================================
Received Import Request.
  Time since last request: 1.125470 seconds.
  path: Assets/HTC.UnityPlugin/ViveInputUtility/Scripts/ViveRole/ViveRoleMap.cs
  artifactKey: Guid(2308116a0a01d9e469ab2693ceacbe9a) Importer(815301076,1909f56bfc062723c751e8b465ee728b)
Start importing Assets/HTC.UnityPlugin/ViveInputUtility/Scripts/ViveRole/ViveRoleMap.cs using Guid(2308116a0a01d9e469ab2693ceacbe9a) Importer(815301076,1909f56bfc062723c751e8b465ee728b)  -> (artifact id: '50398b596f7afaca5e2b7e370dc77dfb') in 0.005332 seconds 
========================================================================
Received Import Request.
  Time since last request: 1.334928 seconds.
  path: Assets/HTC.UnityPlugin/ViveInputUtility/Scripts/ViveRole/ViveRoleMapHandler.cs
  artifactKey: Guid(6df2ab5a47129594a9020fe8084014e8) Importer(815301076,1909f56bfc062723c751e8b465ee728b)
Start importing Assets/HTC.UnityPlugin/ViveInputUtility/Scripts/ViveRole/ViveRoleMapHandler.cs using Guid(6df2ab5a47129594a9020fe8084014e8) Importer(815301076,1909f56bfc062723c751e8b465ee728b)  -> (artifact id: '4890cf7c0c52c5a74b1922a7afe677d8') in 0.006200 seconds 
========================================================================
Received Import Request.
  Time since last request: 0.771050 seconds.
  path: Assets/HTC.UnityPlugin/ViveInputUtility/Scripts/ViveRole/ViveRoleProperty.cs
  artifactKey: Guid(31b4476583620864ea3c7afa60609ba2) Importer(815301076,1909f56bfc062723c751e8b465ee728b)
Start importing Assets/HTC.UnityPlugin/ViveInputUtility/Scripts/ViveRole/ViveRoleProperty.cs using Guid(31b4476583620864ea3c7afa60609ba2) Importer(815301076,1909f56bfc062723c751e8b465ee728b)  -> (artifact id: 'd9a54d0608153b5680a8ac23bc0351ff') in 0.005080 seconds 
========================================================================
Received Import Request.
  Time since last request: 1.270997 seconds.
  path: Assets/HTC.UnityPlugin/ViveInputUtility/Scripts/ViveRole/ViveRoleSetter.cs
  artifactKey: Guid(387fb5d74b1a932479013876b27a0e1e) Importer(815301076,1909f56bfc062723c751e8b465ee728b)
Start importing Assets/HTC.UnityPlugin/ViveInputUtility/Scripts/ViveRole/ViveRoleSetter.cs using Guid(387fb5d74b1a932479013876b27a0e1e) Importer(815301076,1909f56bfc062723c751e8b465ee728b)  -> (artifact id: '096f52a7480932ba6347c436db7bf389') in 0.005535 seconds 
========================================================================
Received Import Request.
  Time since last request: 4.404394 seconds.
  path: Assets/HTC.UnityPlugin/ViveInputUtility/Scripts/ViveInput
  artifactKey: Guid(1d794a621032c424db4ff33092b7c1e9) Importer(815301076,1909f56bfc062723c751e8b465ee728b)
Start importing Assets/HTC.UnityPlugin/ViveInputUtility/Scripts/ViveInput using Guid(1d794a621032c424db4ff33092b7c1e9) Importer(815301076,1909f56bfc062723c751e8b465ee728b)  -> (artifact id: '09a19931583ac4a8a4f398bf931e0f87') in 0.005423 seconds 
========================================================================
Received Import Request.
  Time since last request: 1.981742 seconds.
  path: Assets/HTC.UnityPlugin/ViveInputUtility/Scripts/ViveColliderEvent
  artifactKey: Guid(3a75531590c794c468c5eba956d1628d) Importer(815301076,1909f56bfc062723c751e8b465ee728b)
Start importing Assets/HTC.UnityPlugin/ViveInputUtility/Scripts/ViveColliderEvent using Guid(3a75531590c794c468c5eba956d1628d) Importer(815301076,1909f56bfc062723c751e8b465ee728b)  -> (artifact id: 'a9de0de330b66c7a7b5301ff6541366b') in 0.005573 seconds 
========================================================================
Received Import Request.
  Time since last request: 1.150472 seconds.
  path: Assets/HTC.UnityPlugin/ViveInputUtility/Scripts/ViveColliderEvent/ViveColliderEventData.cs
  artifactKey: Guid(3d56742afa1365641b45ecd15d6153a2) Importer(815301076,1909f56bfc062723c751e8b465ee728b)
Start importing Assets/HTC.UnityPlugin/ViveInputUtility/Scripts/ViveColliderEvent/ViveColliderEventData.cs using Guid(3d56742afa1365641b45ecd15d6153a2) Importer(815301076,1909f56bfc062723c751e8b465ee728b)  -> (artifact id: '3c083c6f0c816952a58d7dca1091a690') in 0.004986 seconds 
========================================================================
Received Import Request.
  Time since last request: 1.709745 seconds.
  path: Assets/HTC.UnityPlugin/ViveInputUtility/Scripts/ViveColliderEvent/ViveColliderEventCaster.cs
  artifactKey: Guid(1ef2272bf13df804f93135bad41885ae) Importer(815301076,1909f56bfc062723c751e8b465ee728b)
Start importing Assets/HTC.UnityPlugin/ViveInputUtility/Scripts/ViveColliderEvent/ViveColliderEventCaster.cs using Guid(1ef2272bf13df804f93135bad41885ae) Importer(815301076,1909f56bfc062723c751e8b465ee728b)  -> (artifact id: '444e47862a0330f523815ad652ae7313') in 0.005070 seconds 
========================================================================
Received Import Request.
  Time since last request: 23.444624 seconds.
  path: Assets/HTC.UnityPlugin/ViveInputUtility/Scripts/ViveRaycaster
  artifactKey: Guid(0db5db9d05f5481439aab3e229e0aa89) Importer(815301076,1909f56bfc062723c751e8b465ee728b)
Start importing Assets/HTC.UnityPlugin/ViveInputUtility/Scripts/ViveRaycaster using Guid(0db5db9d05f5481439aab3e229e0aa89) Importer(815301076,1909f56bfc062723c751e8b465ee728b)  -> (artifact id: '5142cc9d6bcb8a030b64fcbb0da01c1e') in 0.006488 seconds 
========================================================================
Received Import Request.
  Time since last request: 1.086193 seconds.
  path: Assets/HTC.UnityPlugin/ViveInputUtility/Scripts/ViveRaycaster/ViveRaycaster.cs
  artifactKey: Guid(174b153ed154e784a8bd7e3b391fe253) Importer(815301076,1909f56bfc062723c751e8b465ee728b)
Start importing Assets/HTC.UnityPlugin/ViveInputUtility/Scripts/ViveRaycaster/ViveRaycaster.cs using Guid(174b153ed154e784a8bd7e3b391fe253) Importer(815301076,1909f56bfc062723c751e8b465ee728b)  -> (artifact id: '811a6febf9e696350459e2cbd711fd33') in 0.002194 seconds 
========================================================================
Received Import Request.
  Time since last request: 1.880682 seconds.
  path: Assets/HTC.UnityPlugin/ViveInputUtility/Scripts/ViveRaycaster/VivePointerEventData.cs
  artifactKey: Guid(22483ebe86156a348b744a051dd69b6d) Importer(815301076,1909f56bfc062723c751e8b465ee728b)
Start importing Assets/HTC.UnityPlugin/ViveInputUtility/Scripts/ViveRaycaster/VivePointerEventData.cs using Guid(22483ebe86156a348b744a051dd69b6d) Importer(815301076,1909f56bfc062723c751e8b465ee728b)  -> (artifact id: 'f0df835b74151acdfc0ab534ef27a0d5') in 0.005683 seconds 
========================================================================
Received Import Request.
  Time since last request: 60.844900 seconds.
  path: Assets/HTC.UnityPlugin/ViveInputUtility/Scripts/ControllerTooltip
  artifactKey: Guid(63ea91e44670d6b448d6605f5a67de4a) Importer(815301076,1909f56bfc062723c751e8b465ee728b)
Start importing Assets/HTC.UnityPlugin/ViveInputUtility/Scripts/ControllerTooltip using Guid(63ea91e44670d6b448d6605f5a67de4a) Importer(815301076,1909f56bfc062723c751e8b465ee728b)  -> (artifact id: '054e567c69353e3f9f954c7b2a090ed1') in 0.006573 seconds 
========================================================================
Received Import Request.
  Time since last request: 1.251511 seconds.
  path: Assets/HTC.UnityPlugin/ViveInputUtility/Scripts/ControllerTooltip/DefaultTooltipPrefab.prefab
  artifactKey: Guid(f64ed917a7e3d044d8d831b345edca5d) Importer(815301076,1909f56bfc062723c751e8b465ee728b)
Start importing Assets/HTC.UnityPlugin/ViveInputUtility/Scripts/ControllerTooltip/DefaultTooltipPrefab.prefab using Guid(f64ed917a7e3d044d8d831b345edca5d) Importer(815301076,1909f56bfc062723c751e8b465ee728b)  -> (artifact id: '9c084b4ff1f0cf93e4550b28ce14965e') in 0.064210 seconds 
========================================================================
Received Import Request.
  Time since last request: 2.525295 seconds.
  path: Assets/HTC.UnityPlugin/ViveInputUtility/Scripts/ControllerTooltip/DefaultTooltipRenderDataAsset.cs
  artifactKey: Guid(50c3114128a71ad4a80e400cfa3188fa) Importer(815301076,1909f56bfc062723c751e8b465ee728b)
Start importing Assets/HTC.UnityPlugin/ViveInputUtility/Scripts/ControllerTooltip/DefaultTooltipRenderDataAsset.cs using Guid(50c3114128a71ad4a80e400cfa3188fa) Importer(815301076,1909f56bfc062723c751e8b465ee728b)  -> (artifact id: '1f28e8eb91162147db0b10e397b5a9d0') in 0.005393 seconds 
========================================================================
Received Import Request.
  Time since last request: 5.389858 seconds.
  path: Assets/HTC.UnityPlugin/ViveInputUtility/Scripts/ControllerTooltip/DefaultTooltipRenderer.cs
  artifactKey: Guid(1ff5dcf5d85a78343b09d86b9818cd89) Importer(815301076,1909f56bfc062723c751e8b465ee728b)
Start importing Assets/HTC.UnityPlugin/ViveInputUtility/Scripts/ControllerTooltip/DefaultTooltipRenderer.cs using Guid(1ff5dcf5d85a78343b09d86b9818cd89) Importer(815301076,1909f56bfc062723c751e8b465ee728b)  -> (artifact id: 'f5db530f71566045583b6a16823570ee') in 0.005117 seconds 
========================================================================
Received Import Request.
  Time since last request: 2.174643 seconds.
  path: Assets/HTC.UnityPlugin/ViveInputUtility/Scripts/ControllerTooltip/TooltipRenderDataAssetBase.cs
  artifactKey: Guid(19a7a1b205bdb124c9eb8fddf899138d) Importer(815301076,1909f56bfc062723c751e8b465ee728b)
Start importing Assets/HTC.UnityPlugin/ViveInputUtility/Scripts/ControllerTooltip/TooltipRenderDataAssetBase.cs using Guid(19a7a1b205bdb124c9eb8fddf899138d) Importer(815301076,1909f56bfc062723c751e8b465ee728b)  -> (artifact id: 'd9fcce973cb9ec292dd66f6401fce384') in 0.005424 seconds 
========================================================================
Received Import Request.
  Time since last request: 2.140133 seconds.
  path: Assets/HTC.UnityPlugin/ViveInputUtility/Scripts/ControllerTooltip/TooltipRendererBase.cs
  artifactKey: Guid(98c7c18feac50034e9d194fa56d59086) Importer(815301076,1909f56bfc062723c751e8b465ee728b)
Start importing Assets/HTC.UnityPlugin/ViveInputUtility/Scripts/ControllerTooltip/TooltipRendererBase.cs using Guid(98c7c18feac50034e9d194fa56d59086) Importer(815301076,1909f56bfc062723c751e8b465ee728b)  -> (artifact id: '5915f57adaf4ca1067ed7ca73d4f6c88') in 0.005661 seconds 
========================================================================
Received Import Request.
  Time since last request: 1.517094 seconds.
  path: Assets/HTC.UnityPlugin/ViveInputUtility/Scripts/ControllerTooltip/TooltipRigAsset.cs
  artifactKey: Guid(2a1992a9d48a9b242a859e077b4275c0) Importer(815301076,1909f56bfc062723c751e8b465ee728b)
Start importing Assets/HTC.UnityPlugin/ViveInputUtility/Scripts/ControllerTooltip/TooltipRigAsset.cs using Guid(2a1992a9d48a9b242a859e077b4275c0) Importer(815301076,1909f56bfc062723c751e8b465ee728b)  -> (artifact id: '49f3542d0b19c5220b47fab460d402b1') in 0.005472 seconds 
========================================================================
Received Import Request.
  Time since last request: 4.197674 seconds.
  path: Assets/HTC.UnityPlugin/ViveInputUtility/Scripts/ControllerTooltip/DefaultTooltipPrefab.cs
  artifactKey: Guid(3d1b74c4162c0ed419d62c6071d736af) Importer(815301076,1909f56bfc062723c751e8b465ee728b)
Start importing Assets/HTC.UnityPlugin/ViveInputUtility/Scripts/ControllerTooltip/DefaultTooltipPrefab.cs using Guid(3d1b74c4162c0ed419d62c6071d736af) Importer(815301076,1909f56bfc062723c751e8b465ee728b)  -> (artifact id: 'c7de18b56846d0e05b4a79eb98ecfb4e') in 0.001843 seconds 
========================================================================
Received Import Request.
  Time since last request: 9.897329 seconds.
  path: Assets/HTC.UnityPlugin/ViveInputUtility/Scripts/Misc
  artifactKey: Guid(6b459162ca1a7874db9b6c93b8ab181d) Importer(815301076,1909f56bfc062723c751e8b465ee728b)
Start importing Assets/HTC.UnityPlugin/ViveInputUtility/Scripts/Misc using Guid(6b459162ca1a7874db9b6c93b8ab181d) Importer(815301076,1909f56bfc062723c751e8b465ee728b)  -> (artifact id: 'ff7456ae0f3910aae229284d41eaebb8') in 0.006467 seconds 
========================================================================
Received Import Request.
  Time since last request: 3.204320 seconds.
  path: Assets/HTC.UnityPlugin/ViveInputUtility/Scripts/Misc/BasicGrabbable.cs
  artifactKey: Guid(2c1e088ce10ab7d4c87f03fd1f2dfcae) Importer(815301076,1909f56bfc062723c751e8b465ee728b)
Start importing Assets/HTC.UnityPlugin/ViveInputUtility/Scripts/Misc/BasicGrabbable.cs using Guid(2c1e088ce10ab7d4c87f03fd1f2dfcae) Importer(815301076,1909f56bfc062723c751e8b465ee728b)  -> (artifact id: '2f1f527c50c55c6fecdd7aed57402c13') in 0.005335 seconds 
========================================================================
Received Import Request.
  Time since last request: 1.350123 seconds.
  path: Assets/HTC.UnityPlugin/ViveInputUtility/Scripts/Misc/ControllerManagerSample.cs
  artifactKey: Guid(afea3b80346a74d4bb1ccdcd457390bf) Importer(815301076,1909f56bfc062723c751e8b465ee728b)
Start importing Assets/HTC.UnityPlugin/ViveInputUtility/Scripts/Misc/ControllerManagerSample.cs using Guid(afea3b80346a74d4bb1ccdcd457390bf) Importer(815301076,1909f56bfc062723c751e8b465ee728b)  -> (artifact id: '3cf03a8e2f95a52dfe72c120d55473e4') in 0.005348 seconds 
========================================================================
Received Import Request.
  Time since last request: 3.254712 seconds.
  path: Assets/HTC.UnityPlugin/ViveInputUtility/Scripts/Misc/DeviceInputDebugger.cs
  artifactKey: Guid(242d8d10c2601f848b82b850e1d677e1) Importer(815301076,1909f56bfc062723c751e8b465ee728b)
Start importing Assets/HTC.UnityPlugin/ViveInputUtility/Scripts/Misc/DeviceInputDebugger.cs using Guid(242d8d10c2601f848b82b850e1d677e1) Importer(815301076,1909f56bfc062723c751e8b465ee728b)  -> (artifact id: '084e6d6f05a024e3a5ab81fb7423f310') in 0.004846 seconds 
========================================================================
Received Import Request.
  Time since last request: 2.429279 seconds.
  path: Assets/HTC.UnityPlugin/ViveInputUtility/Scripts/Misc/ExternalCameraHook.cs
  artifactKey: Guid(a8deef80f4da8a44f858a453c0f74ecf) Importer(815301076,1909f56bfc062723c751e8b465ee728b)
Start importing Assets/HTC.UnityPlugin/ViveInputUtility/Scripts/Misc/ExternalCameraHook.cs using Guid(a8deef80f4da8a44f858a453c0f74ecf) Importer(815301076,1909f56bfc062723c751e8b465ee728b)  -> (artifact id: '8d185f6f52b0ab373ee6f7ee062aa439') in 0.004922 seconds 
========================================================================
Received Import Request.
  Time since last request: 48.495335 seconds.
  path: Assets/HTC.UnityPlugin/ViveInputUtility/Scripts/Misc/OverlayKeyboardSample.cs
  artifactKey: Guid(cecce3f724b63824a858c964a8a84e1a) Importer(815301076,1909f56bfc062723c751e8b465ee728b)
Start importing Assets/HTC.UnityPlugin/ViveInputUtility/Scripts/Misc/OverlayKeyboardSample.cs using Guid(cecce3f724b63824a858c964a8a84e1a) Importer(815301076,1909f56bfc062723c751e8b465ee728b)  -> (artifact id: 'e670e7b815293e3bd051e29d5bf99a46') in 0.006780 seconds 
========================================================================
Received Import Request.
  Time since last request: 2.324218 seconds.
  path: Assets/HTC.UnityPlugin/ViveInputUtility/Scripts/Misc/MaterialChanger.cs
  artifactKey: Guid(079afddb0d7f05e40bcb44383f149949) Importer(815301076,1909f56bfc062723c751e8b465ee728b)
Start importing Assets/HTC.UnityPlugin/ViveInputUtility/Scripts/Misc/MaterialChanger.cs using Guid(079afddb0d7f05e40bcb44383f149949) Importer(815301076,1909f56bfc062723c751e8b465ee728b)  -> (artifact id: '70f23b82e4a0e5d63c53dc5cf655ad2d') in 0.005065 seconds 
========================================================================
Received Import Request.
  Time since last request: 26.807091 seconds.
  path: Assets/HTC.UnityPlugin/ViveInputUtility/Scripts/Misc/Teleportable.cs
  artifactKey: Guid(4f753025abc16bb45bbc83939f863bfb) Importer(815301076,1909f56bfc062723c751e8b465ee728b)
Start importing Assets/HTC.UnityPlugin/ViveInputUtility/Scripts/Misc/Teleportable.cs using Guid(4f753025abc16bb45bbc83939f863bfb) Importer(815301076,1909f56bfc062723c751e8b465ee728b)  -> (artifact id: '077a21bf29bfabe67522486fae7883bc') in 0.005734 seconds 
========================================================================
Received Import Request.
  Time since last request: 447.908680 seconds.
  path: Assets/HTC.UnityPlugin/ViveInputUtility/Scripts/ViveInput/ControllerState.cs
  artifactKey: Guid(db1ddb2a6686e9b4ca73911ae17152f9) Importer(815301076,1909f56bfc062723c751e8b465ee728b)
Start importing Assets/HTC.UnityPlugin/ViveInputUtility/Scripts/ViveInput/ControllerState.cs using Guid(db1ddb2a6686e9b4ca73911ae17152f9) Importer(815301076,1909f56bfc062723c751e8b465ee728b)  -> (artifact id: '4e1608f859b33ab0929118255e1d4459') in 0.007359 seconds 
========================================================================
Received Import Request.
  Time since last request: 1.599765 seconds.
  path: Assets/HTC.UnityPlugin/ViveInputUtility/Scripts/ViveInput/ViveInput.cs
  artifactKey: Guid(d411276c604086141ae1eff2b8bf37b8) Importer(815301076,1909f56bfc062723c751e8b465ee728b)
Start importing Assets/HTC.UnityPlugin/ViveInputUtility/Scripts/ViveInput/ViveInput.cs using Guid(d411276c604086141ae1eff2b8bf37b8) Importer(815301076,1909f56bfc062723c751e8b465ee728b)  -> (artifact id: '0b90135120ded406e61cce9c4874aee0') in 0.004862 seconds 
========================================================================
Received Import Request.
  Time since last request: 1.374449 seconds.
  path: Assets/HTC.UnityPlugin/ViveInputUtility/Scripts/ViveInput/ViveInputButtonMask.cs
  artifactKey: Guid(96b8a4405402c8a4e90d5418f476d25f) Importer(815301076,1909f56bfc062723c751e8b465ee728b)
Start importing Assets/HTC.UnityPlugin/ViveInputUtility/Scripts/ViveInput/ViveInputButtonMask.cs using Guid(96b8a4405402c8a4e90d5418f476d25f) Importer(815301076,1909f56bfc062723c751e8b465ee728b)  -> (artifact id: '35f6b4d18a11acb7d03539fbd47c96fa') in 0.006101 seconds 
========================================================================
Received Import Request.
  Time since last request: 1.189011 seconds.
  path: Assets/HTC.UnityPlugin/ViveInputUtility/Scripts/ViveInput/ViveInputStatic.cs
  artifactKey: Guid(9d199422eb9dfb1498c1bd1b2b320bad) Importer(815301076,1909f56bfc062723c751e8b465ee728b)
Start importing Assets/HTC.UnityPlugin/ViveInputUtility/Scripts/ViveInput/ViveInputStatic.cs using Guid(9d199422eb9dfb1498c1bd1b2b320bad) Importer(815301076,1909f56bfc062723c751e8b465ee728b)  -> (artifact id: 'c95c82c1f89d62f1ef50193aa65e9ede') in 0.006001 seconds 
========================================================================
Received Import Request.
  Time since last request: 0.724778 seconds.
  path: Assets/HTC.UnityPlugin/ViveInputUtility/Scripts/ViveInput/ViveInputVirtualButton.cs
  artifactKey: Guid(93ab9066e8186884da64ee239717c741) Importer(815301076,1909f56bfc062723c751e8b465ee728b)
Start importing Assets/HTC.UnityPlugin/ViveInputUtility/Scripts/ViveInput/ViveInputVirtualButton.cs using Guid(93ab9066e8186884da64ee239717c741) Importer(815301076,1909f56bfc062723c751e8b465ee728b)  -> (artifact id: 'f0f1f237aa23981e42643bdd31f4b0f4') in 0.005770 seconds 
========================================================================
Received Import Request.
  Time since last request: 11.486055 seconds.
  path: Assets/HTC.UnityPlugin/ViveInputUtility/Scripts/Misc/WaveVRExtension
  artifactKey: Guid(feafc516f3064404fb5ff64810937cbf) Importer(815301076,1909f56bfc062723c751e8b465ee728b)
Start importing Assets/HTC.UnityPlugin/ViveInputUtility/Scripts/Misc/WaveVRExtension using Guid(feafc516f3064404fb5ff64810937cbf) Importer(815301076,1909f56bfc062723c751e8b465ee728b)  -> (artifact id: '2f71e3da14c12cc7f92bef4365a89fd9') in 0.006409 seconds 
========================================================================
Received Import Request.
  Time since last request: 2.179296 seconds.
  path: Assets/HTC.UnityPlugin/ViveInputUtility/Scripts/Misc/OculusVRExtension
  artifactKey: Guid(9d156d4c4fb957547bff681c048aa955) Importer(815301076,1909f56bfc062723c751e8b465ee728b)
Start importing Assets/HTC.UnityPlugin/ViveInputUtility/Scripts/Misc/OculusVRExtension using Guid(9d156d4c4fb957547bff681c048aa955) Importer(815301076,1909f56bfc062723c751e8b465ee728b)  -> (artifact id: 'd91edb3f0e27580d7a40b363b99efc08') in 0.006180 seconds 
========================================================================
Received Import Request.
  Time since last request: 0.852591 seconds.
  path: Assets/HTC.UnityPlugin/ViveInputUtility/Scripts/Misc/ExCamConfigInterface
  artifactKey: Guid(b45b8a1e5db9a1945952eab6bbadccae) Importer(815301076,1909f56bfc062723c751e8b465ee728b)
Start importing Assets/HTC.UnityPlugin/ViveInputUtility/Scripts/Misc/ExCamConfigInterface using Guid(b45b8a1e5db9a1945952eab6bbadccae) Importer(815301076,1909f56bfc062723c751e8b465ee728b)  -> (artifact id: 'dfccbbbe4f9ae344b28fa68df42cf38f') in 0.006285 seconds 
========================================================================
Received Import Request.
  Time since last request: 0.805999 seconds.
  path: Assets/HTC.UnityPlugin/ViveInputUtility/Scripts/Misc/Editor
  artifactKey: Guid(644ed8e93e5e5bb4fa11d520309dd547) Importer(815301076,1909f56bfc062723c751e8b465ee728b)
Start importing Assets/HTC.UnityPlugin/ViveInputUtility/Scripts/Misc/Editor using Guid(644ed8e93e5e5bb4fa11d520309dd547) Importer(815301076,1909f56bfc062723c751e8b465ee728b)  -> (artifact id: 'd1e35d627a7ec4db7935e989b3093157') in 0.005622 seconds 
========================================================================
Received Import Request.
  Time since last request: 5.132810 seconds.
  path: Assets/HTC.UnityPlugin/ViveInputUtility/Scripts/VivePose
  artifactKey: Guid(fd91e8baf49477e4d861a58c22857ad9) Importer(815301076,1909f56bfc062723c751e8b465ee728b)
Start importing Assets/HTC.UnityPlugin/ViveInputUtility/Scripts/VivePose using Guid(fd91e8baf49477e4d861a58c22857ad9) Importer(815301076,1909f56bfc062723c751e8b465ee728b)  -> (artifact id: '7b14d2eb3ee722a0243c15121f02aa09') in 0.006049 seconds 
========================================================================
Received Import Request.
  Time since last request: 28.949414 seconds.
  path: Assets/HTC.UnityPlugin/ViveInputUtility/Scripts/VIUSettingsPartials
  artifactKey: Guid(e92033f6b8df86d429fc75ffc146d5ed) Importer(815301076,1909f56bfc062723c751e8b465ee728b)
Start importing Assets/HTC.UnityPlugin/ViveInputUtility/Scripts/VIUSettingsPartials using Guid(e92033f6b8df86d429fc75ffc146d5ed) Importer(815301076,1909f56bfc062723c751e8b465ee728b)  -> (artifact id: '06d62d2c5987ad9c2320fd28ad5f26e5') in 0.006001 seconds 
========================================================================
Received Import Request.
  Time since last request: 220.434500 seconds.
  path: Assets/Scenes
  artifactKey: Guid(6ea315d0fd7389c41b19996891e99ae3) Importer(815301076,1909f56bfc062723c751e8b465ee728b)
Start importing Assets/Scenes using Guid(6ea315d0fd7389c41b19996891e99ae3) Importer(815301076,1909f56bfc062723c751e8b465ee728b)  -> (artifact id: 'bc172811d573b296104adb4d2728db37') in 0.005370 seconds 
========================================================================
Received Import Request.
  Time since last request: 1.355094 seconds.
  path: Assets/Scenes/Basis.unity
  artifactKey: Guid(ffbd1622a9d47df4cabe7047a786fa8c) Importer(815301076,1909f56bfc062723c751e8b465ee728b)
Start importing Assets/Scenes/Basis.unity using Guid(ffbd1622a9d47df4cabe7047a786fa8c) Importer(815301076,1909f56bfc062723c751e8b465ee728b)  -> (artifact id: '33503f63e6aa161de06d946d6b47826b') in 0.005641 seconds 
========================================================================
Received Prepare
Registering precompiled user dll's ...
Registered in 0.007295 seconds.
Begin MonoManager ReloadAssembly
Symbol file LoadedFromMemory doesn't match image C:\Users\brill\Develop\Github\VirtualReality\VRKompakt\Unity\VR\VRKVIUSimulator\FollowTheController\Library\PackageCache\com.unity.visualscripting@1.7.8\Editor\VisualScripting.Core\Dependencies\DotNetZip\Unity.VisualScripting.IonicZip.dll
Symbol file LoadedFromMemory doesn't match image C:\Users\brill\Develop\Github\VirtualReality\VRKompakt\Unity\VR\VRKVIUSimulator\FollowTheController\Library\PackageCache\com.unity.visualscripting@1.7.8\Editor\VisualScripting.Core\Dependencies\YamlDotNet\Unity.VisualScripting.YamlDotNet.dll
Native extension for UWP target not found
Native extension for WindowsStandalone target not found
Native extension for Android target not found
Native extension for WebGL target not found
Refreshing native plugins compatible for Editor in 1.10 ms, found 3 plugins.
Preloading 0 native plugins for Editor in 0.00 ms.
Mono: successfully reloaded assembly
- Completed reload, in  1.054 seconds
Domain Reload Profiling:
	ReloadAssembly (1055ms)
		BeginReloadAssembly (116ms)
			ExecutionOrderSort (0ms)
			DisableScriptedObjects (5ms)
			BackupInstance (0ms)
			ReleaseScriptingObjects (0ms)
			CreateAndSetChildDomain (38ms)
		EndReloadAssembly (856ms)
			LoadAssemblies (84ms)
			RebuildTransferFunctionScriptingTraits (0ms)
			SetupTypeCache (265ms)
			ReleaseScriptCaches (2ms)
			RebuildScriptCaches (42ms)
			SetupLoadedEditorAssemblies (409ms)
				LogAssemblyErrors (0ms)
				InitializePlatformSupportModulesInManaged (25ms)
				SetLoadedEditorAssemblies (0ms)
				RefreshPlugins (1ms)
				BeforeProcessingInitializeOnLoad (68ms)
				ProcessInitializeOnLoadAttributes (197ms)
				ProcessInitializeOnLoadMethodAttributes (113ms)
				AfterProcessingInitializeOnLoad (5ms)
				EditorAssembliesLoaded (0ms)
			ExecutionOrderSort2 (0ms)
			AwakeInstancesAfterBackupRestoration (6ms)
Platform modules already initialized, skipping
Refreshing native plugins compatible for Editor in 5.32 ms, found 3 plugins.
Preloading 0 native plugins for Editor in 0.00 ms.
Unloading 4334 Unused Serialized files (Serialized files now loaded: 0)
Unloading 56 unused Assets / (25.7 KB). Loaded Objects now: 4848.
Memory consumption went from 151.4 MB to 151.4 MB.
Total: 6.773200 ms (FindLiveObjects: 0.394600 ms CreateObjectMapping: 0.155300 ms MarkObjects: 6.168600 ms  DeleteObjects: 0.052700 ms)

AssetImportParameters requested are different than current active one (requested -> active):
  custom:video-decoder-ogg-theora: a1e56fd34408186e4bbccfd4996cb3dc -> 
  custom:container-muxer-webm: aa71ff27fc2769a1b78a27578f13a17b -> 
  custom:container-demuxer-webm: 4f35f7cbe854078d1ac9338744f61a02 -> 
  custom:video-encoder-webm-vp8: eb34c28f22e8b96e1ab97ce403110664 -> 
  custom:audio-encoder-webm-vorbis: bf7c407c2cedff20999df2af8eb42d56 -> 
  custom:framework-win-MediaFoundation: 216162199b28c13a410421893ffa2e32 -> 
  custom:container-demuxer-ogg: 62fdf1f143b41e24485cea50d1cbac27 -> 
  custom:video-decoder-webm-vp8: 9c59270c3fd7afecdb556c50c9e8de78 -> 
  custom:audio-decoder-ogg-vorbis: bf7c407c2cedff20999df2af8eb42d56 -> 
========================================================================
Received Prepare
Registering precompiled user dll's ...
Registered in 0.005792 seconds.
Begin MonoManager ReloadAssembly
Symbol file LoadedFromMemory doesn't match image C:\Users\brill\Develop\Github\VirtualReality\VRKompakt\Unity\VR\VRKVIUSimulator\FollowTheController\Library\PackageCache\com.unity.visualscripting@1.7.8\Editor\VisualScripting.Core\Dependencies\DotNetZip\Unity.VisualScripting.IonicZip.dll
Symbol file LoadedFromMemory doesn't match image C:\Users\brill\Develop\Github\VirtualReality\VRKompakt\Unity\VR\VRKVIUSimulator\FollowTheController\Library\PackageCache\com.unity.visualscripting@1.7.8\Editor\VisualScripting.Core\Dependencies\YamlDotNet\Unity.VisualScripting.YamlDotNet.dll
Native extension for UWP target not found
Native extension for WindowsStandalone target not found
Native extension for Android target not found
Native extension for WebGL target not found
Refreshing native plugins compatible for Editor in 1.35 ms, found 3 plugins.
Preloading 0 native plugins for Editor in 0.00 ms.
Mono: successfully reloaded assembly
- Completed reload, in  1.098 seconds
Domain Reload Profiling:
	ReloadAssembly (1098ms)
		BeginReloadAssembly (114ms)
			ExecutionOrderSort (0ms)
			DisableScriptedObjects (6ms)
			BackupInstance (0ms)
			ReleaseScriptingObjects (0ms)
			CreateAndSetChildDomain (33ms)
		EndReloadAssembly (909ms)
			LoadAssemblies (73ms)
			RebuildTransferFunctionScriptingTraits (0ms)
			SetupTypeCache (253ms)
			ReleaseScriptCaches (2ms)
			RebuildScriptCaches (45ms)
			SetupLoadedEditorAssemblies (475ms)
				LogAssemblyErrors (0ms)
				InitializePlatformSupportModulesInManaged (24ms)
				SetLoadedEditorAssemblies (0ms)
				RefreshPlugins (1ms)
				BeforeProcessingInitializeOnLoad (78ms)
				ProcessInitializeOnLoadAttributes (222ms)
				ProcessInitializeOnLoadMethodAttributes (144ms)
				AfterProcessingInitializeOnLoad (6ms)
				EditorAssembliesLoaded (0ms)
			ExecutionOrderSort2 (0ms)
			AwakeInstancesAfterBackupRestoration (7ms)
Platform modules already initialized, skipping
Refreshing native plugins compatible for Editor in 6.26 ms, found 3 plugins.
Preloading 0 native plugins for Editor in 0.00 ms.
Unloading 4334 Unused Serialized files (Serialized files now loaded: 0)
Unloading 56 unused Assets / (25.8 KB). Loaded Objects now: 4851.
Memory consumption went from 151.4 MB to 151.4 MB.
Total: 7.817100 ms (FindLiveObjects: 0.396800 ms CreateObjectMapping: 0.176200 ms MarkObjects: 7.186300 ms  DeleteObjects: 0.055600 ms)

AssetImportParameters requested are different than current active one (requested -> active):
  custom:video-decoder-ogg-theora: a1e56fd34408186e4bbccfd4996cb3dc -> 
  custom:container-muxer-webm: aa71ff27fc2769a1b78a27578f13a17b -> 
  custom:container-demuxer-webm: 4f35f7cbe854078d1ac9338744f61a02 -> 
  custom:video-encoder-webm-vp8: eb34c28f22e8b96e1ab97ce403110664 -> 
  custom:audio-encoder-webm-vorbis: bf7c407c2cedff20999df2af8eb42d56 -> 
  custom:framework-win-MediaFoundation: 216162199b28c13a410421893ffa2e32 -> 
  custom:container-demuxer-ogg: 62fdf1f143b41e24485cea50d1cbac27 -> 
  custom:video-decoder-webm-vp8: 9c59270c3fd7afecdb556c50c9e8de78 -> 
  custom:audio-decoder-ogg-vorbis: bf7c407c2cedff20999df2af8eb42d56 -> 
