Using pre-set license
Built from '2021.3/staging' branch; Version is '2021.3.16f1 (4016570cf34f) revision 4200023'; Using compiler version '192829333'; Build Type 'Release'
OS: 'Windows 11  (10.0.22621) 64bit Professional' Language: 'de' Physical Memory: 32510 MB
BatchMode: 1, IsHumanControllingUs: 0, StartBugReporterOnCrash: 0, Is64bit: 1, IsPro: 1

COMMAND LINE ARGUMENTS:
C:\Program Files\Unity\Hub\Editor\2021.3.16f1\Editor\Unity.exe
-adb2
-batchMode
-noUpm
-name
AssetImportWorker0
-projectPath
C:/Users/brill/Develop/Github/VirtualReality/VRKompakt/Unity/VR/VRKVIUSimulator/ShowTheWiM
-logFile
Logs/AssetImportWorker0.log
-srvPort
56226
Successfully changed project path to: C:/Users/brill/Develop/Github/VirtualReality/VRKompakt/Unity/VR/VRKVIUSimulator/ShowTheWiM
C:/Users/brill/Develop/Github/VirtualReality/VRKompakt/Unity/VR/VRKVIUSimulator/ShowTheWiM
[UnityMemory] Configuration Parameters - Can be set up in boot.config
    "memorysetup-bucket-allocator-granularity=16"
    "memorysetup-bucket-allocator-bucket-count=8"
    "memorysetup-bucket-allocator-block-size=33554432"
    "memorysetup-bucket-allocator-block-count=8"
    "memorysetup-main-allocator-block-size=16777216"
    "memorysetup-thread-allocator-block-size=16777216"
    "memorysetup-gfx-main-allocator-block-size=16777216"
    "memorysetup-gfx-thread-allocator-block-size=16777216"
    "memorysetup-cache-allocator-block-size=4194304"
    "memorysetup-typetree-allocator-block-size=2097152"
    "memorysetup-profiler-bucket-allocator-granularity=16"
    "memorysetup-profiler-bucket-allocator-bucket-count=8"
    "memorysetup-profiler-bucket-allocator-block-size=33554432"
    "memorysetup-profiler-bucket-allocator-block-count=8"
    "memorysetup-profiler-allocator-block-size=16777216"
    "memorysetup-profiler-editor-allocator-block-size=1048576"
    "memorysetup-temp-allocator-size-main=16777216"
    "memorysetup-job-temp-allocator-block-size=2097152"
    "memorysetup-job-temp-allocator-block-size-background=1048576"
    "memorysetup-job-temp-allocator-reduction-small-platforms=262144"
    "memorysetup-temp-allocator-size-background-worker=32768"
    "memorysetup-temp-allocator-size-job-worker=262144"
    "memorysetup-temp-allocator-size-preload-manager=33554432"
    "memorysetup-temp-allocator-size-nav-mesh-worker=65536"
    "memorysetup-temp-allocator-size-audio-worker=65536"
    "memorysetup-temp-allocator-size-cloud-worker=32768"
    "memorysetup-temp-allocator-size-gi-baking-worker=262144"
    "memorysetup-temp-allocator-size-gfx=262144"
Player connection [15172] Host "[IP] 172.29.240.1 [Port] 0 [Flags] 2 [Guid] 2176175314 [EditorId] 2176175314 [Version] 1048832 [Id] WindowsEditor(7,evans) [Debug] 1 [PackageName] WindowsEditor [ProjectName] Editor" joined multi-casting on [225.0.0.222:54997]...

Player connection [15172] Host "[IP] 172.29.240.1 [Port] 0 [Flags] 2 [Guid] 2176175314 [EditorId] 2176175314 [Version] 1048832 [Id] WindowsEditor(7,evans) [Debug] 1 [PackageName] WindowsEditor [ProjectName] Editor" joined alternative multi-casting on [225.0.0.222:34997]...

Refreshing native plugins compatible for Editor in 52.38 ms, found 3 plugins.
Preloading 0 native plugins for Editor in 0.00 ms.
Initialize engine version: 2021.3.16f1 (4016570cf34f)
[Subsystems] Discovering subsystems at path C:/Program Files/Unity/Hub/Editor/2021.3.16f1/Editor/Data/Resources/UnitySubsystems
[Subsystems] Discovering subsystems at path C:/Users/brill/Develop/Github/VirtualReality/VRKompakt/Unity/VR/VRKVIUSimulator/ShowTheWiM/Assets
GfxDevice: creating device client; threaded=0; jobified=0
Direct3D:
    Version:  Direct3D 11.0 [level 11.1]
    Renderer: NVIDIA GeForce RTX 3080 Laptop GPU (ID=0x249c)
    Vendor:   NVIDIA
    VRAM:     16191 MB
    Driver:   31.0.15.2824
Initialize mono
Mono path[0] = 'C:/Program Files/Unity/Hub/Editor/2021.3.16f1/Editor/Data/Managed'
Mono path[1] = 'C:/Program Files/Unity/Hub/Editor/2021.3.16f1/Editor/Data/MonoBleedingEdge/lib/mono/unityjit-win32'
Mono config path = 'C:/Program Files/Unity/Hub/Editor/2021.3.16f1/Editor/Data/MonoBleedingEdge/etc'
Using monoOptions --debugger-agent=transport=dt_socket,embedding=1,server=y,suspend=n,address=127.0.0.1:56664
Begin MonoManager ReloadAssembly
Registering precompiled unity dll's ...
Register platform support module: C:/Program Files/Unity/Hub/Editor/2021.3.16f1/Editor/Data/PlaybackEngines/WebGLSupport/UnityEditor.WebGL.Extensions.dll
Register platform support module: C:/Program Files/Unity/Hub/Editor/2021.3.16f1/Editor/Data/PlaybackEngines/AndroidPlayer/UnityEditor.Android.Extensions.dll
Register platform support module: C:/Program Files/Unity/Hub/Editor/2021.3.16f1/Editor/Data/PlaybackEngines/iOSSupport/UnityEditor.iOS.Extensions.dll
Register platform support module: C:/Program Files/Unity/Hub/Editor/2021.3.16f1/Editor/Data/PlaybackEngines/WindowsStandaloneSupport/UnityEditor.WindowsStandalone.Extensions.dll
Register platform support module: C:/Program Files/Unity/Hub/Editor/2021.3.16f1/Editor/Data/PlaybackEngines/MetroSupport/UnityEditor.UWP.Extensions.dll
Registered in 0.004180 seconds.
Native extension for UWP target not found
Native extension for WindowsStandalone target not found
[usbmuxd] Start listen thread
[usbmuxd] Listen thread started
Native extension for iOS target not found
Native extension for Android target not found
Native extension for WebGL target not found
Refreshing native plugins compatible for Editor in 53.21 ms, found 3 plugins.
Preloading 0 native plugins for Editor in 0.00 ms.
Mono: successfully reloaded assembly
- Completed reload, in  0.480 seconds
Domain Reload Profiling:
	ReloadAssembly (481ms)
		BeginReloadAssembly (51ms)
			ExecutionOrderSort (0ms)
			DisableScriptedObjects (0ms)
			BackupInstance (0ms)
			ReleaseScriptingObjects (0ms)
			CreateAndSetChildDomain (1ms)
		EndReloadAssembly (350ms)
			LoadAssemblies (50ms)
			RebuildTransferFunctionScriptingTraits (0ms)
			SetupTypeCache (81ms)
			ReleaseScriptCaches (0ms)
			RebuildScriptCaches (23ms)
			SetupLoadedEditorAssemblies (208ms)
				LogAssemblyErrors (0ms)
				InitializePlatformSupportModulesInManaged (48ms)
				SetLoadedEditorAssemblies (0ms)
				RefreshPlugins (53ms)
				BeforeProcessingInitializeOnLoad (3ms)
				ProcessInitializeOnLoadAttributes (72ms)
				ProcessInitializeOnLoadMethodAttributes (31ms)
				AfterProcessingInitializeOnLoad (0ms)
				EditorAssembliesLoaded (0ms)
			ExecutionOrderSort2 (0ms)
			AwakeInstancesAfterBackupRestoration (0ms)
Platform modules already initialized, skipping
Registering precompiled user dll's ...
Registered in 0.002955 seconds.
Begin MonoManager ReloadAssembly
Symbol file LoadedFromMemory doesn't match image C:\Users\brill\Develop\Github\VirtualReality\VRKompakt\Unity\VR\VRKVIUSimulator\ShowTheWiM\Library\PackageCache\com.unity.visualscripting@1.7.8\Editor\VisualScripting.Core\Dependencies\YamlDotNet\Unity.VisualScripting.YamlDotNet.dll
Symbol file LoadedFromMemory doesn't match image C:\Users\brill\Develop\Github\VirtualReality\VRKompakt\Unity\VR\VRKVIUSimulator\ShowTheWiM\Library\PackageCache\com.unity.visualscripting@1.7.8\Editor\VisualScripting.Core\Dependencies\DotNetZip\Unity.VisualScripting.IonicZip.dll
Native extension for UWP target not found
Native extension for WindowsStandalone target not found
Native extension for iOS target not found
Native extension for Android target not found
Native extension for WebGL target not found
Refreshing native plugins compatible for Editor in 0.48 ms, found 3 plugins.
Preloading 0 native plugins for Editor in 0.00 ms.
Mono: successfully reloaded assembly
- Completed reload, in  0.948 seconds
Domain Reload Profiling:
	ReloadAssembly (948ms)
		BeginReloadAssembly (183ms)
			ExecutionOrderSort (0ms)
			DisableScriptedObjects (5ms)
			BackupInstance (0ms)
			ReleaseScriptingObjects (0ms)
			CreateAndSetChildDomain (118ms)
		EndReloadAssembly (681ms)
			LoadAssemblies (54ms)
			RebuildTransferFunctionScriptingTraits (0ms)
			SetupTypeCache (167ms)
			ReleaseScriptCaches (1ms)
			RebuildScriptCaches (41ms)
			SetupLoadedEditorAssemblies (388ms)
				LogAssemblyErrors (0ms)
				InitializePlatformSupportModulesInManaged (18ms)
				SetLoadedEditorAssemblies (0ms)
				RefreshPlugins (1ms)
				BeforeProcessingInitializeOnLoad (57ms)
				ProcessInitializeOnLoadAttributes (292ms)
				ProcessInitializeOnLoadMethodAttributes (17ms)
				AfterProcessingInitializeOnLoad (4ms)
				EditorAssembliesLoaded (0ms)
			ExecutionOrderSort2 (0ms)
			AwakeInstancesAfterBackupRestoration (4ms)
Platform modules already initialized, skipping
========================================================================
Worker process is ready to serve import requests
Launched and connected shader compiler UnityShaderCompiler.exe after 0.03 seconds
Refreshing native plugins compatible for Editor in 0.54 ms, found 3 plugins.
Preloading 0 native plugins for Editor in 0.00 ms.
Unloading 3240 Unused Serialized files (Serialized files now loaded: 0)
Unloading 24 unused Assets / (56.3 KB). Loaded Objects now: 3703.
Memory consumption went from 113.4 MB to 113.3 MB.
Total: 3.070800 ms (FindLiveObjects: 0.250300 ms CreateObjectMapping: 0.096200 ms MarkObjects: 2.646900 ms  DeleteObjects: 0.076500 ms)

AssetImportParameters requested are different than current active one (requested -> active):
  custom:video-decoder-ogg-theora: a1e56fd34408186e4bbccfd4996cb3dc -> 
  custom:container-muxer-webm: aa71ff27fc2769a1b78a27578f13a17b -> 
  custom:container-demuxer-webm: 4f35f7cbe854078d1ac9338744f61a02 -> 
  custom:video-encoder-webm-vp8: eb34c28f22e8b96e1ab97ce403110664 -> 
  custom:audio-encoder-webm-vorbis: bf7c407c2cedff20999df2af8eb42d56 -> 
  custom:framework-win-MediaFoundation: 216162199b28c13a410421893ffa2e32 -> 
  custom:container-demuxer-ogg: 62fdf1f143b41e24485cea50d1cbac27 -> 
  custom:video-decoder-webm-vp8: 9c59270c3fd7afecdb556c50c9e8de78 -> 
  custom:audio-decoder-ogg-vorbis: bf7c407c2cedff20999df2af8eb42d56 -> 
========================================================================
Received Import Request.
  Time since last request: 1809351.016394 seconds.
  path: Assets/Scripts
  artifactKey: Guid(eb8b9dac507d4c541aed9bd93e9f4800) Importer(815301076,1909f56bfc062723c751e8b465ee728b)
Start importing Assets/Scripts using Guid(eb8b9dac507d4c541aed9bd93e9f4800) Importer(815301076,1909f56bfc062723c751e8b465ee728b)  -> (artifact id: '998f1acb87bdba1278037cc511d49c7b') in 0.009863 seconds 
========================================================================
Received Import Request.
  Time since last request: 2.049238 seconds.
  path: Assets/Scripts/Materials
  artifactKey: Guid(9e52e03b0b58ee44e8eb3c63a0ffffe7) Importer(815301076,1909f56bfc062723c751e8b465ee728b)
Start importing Assets/Scripts/Materials using Guid(9e52e03b0b58ee44e8eb3c63a0ffffe7) Importer(815301076,1909f56bfc062723c751e8b465ee728b)  -> (artifact id: '188d08ab92f662e728728ba776bebf0b') in 0.005888 seconds 
========================================================================
Received Import Request.
  Time since last request: 0.086230 seconds.
  path: Assets/Scripts/Materials/Black.mat
  artifactKey: Guid(2d1713c9d47bc8f40aaf14a3c427adfc) Importer(815301076,1909f56bfc062723c751e8b465ee728b)
Start importing Assets/Scripts/Materials/Black.mat using Guid(2d1713c9d47bc8f40aaf14a3c427adfc) Importer(815301076,1909f56bfc062723c751e8b465ee728b)  -> (artifact id: 'd33ee5928f4095aa94087a8b38b3b07c') in 0.272124 seconds 
========================================================================
Received Import Request.
  Time since last request: 0.000021 seconds.
  path: Assets/Scripts/Materials/Yellow.mat
  artifactKey: Guid(6fc0583ea1f5203419751c4b3401aa48) Importer(815301076,1909f56bfc062723c751e8b465ee728b)
Start importing Assets/Scripts/Materials/Yellow.mat using Guid(6fc0583ea1f5203419751c4b3401aa48) Importer(815301076,1909f56bfc062723c751e8b465ee728b)  -> (artifact id: '41b9978ef7999321ed06597dff95d191') in 0.091179 seconds 
========================================================================
Received Import Request.
  Time since last request: 0.000052 seconds.
  path: Assets/Scripts/Materials/Green.mat
  artifactKey: Guid(6f8265f4c1dc9d04caa89f315c9c1ff4) Importer(815301076,1909f56bfc062723c751e8b465ee728b)
Start importing Assets/Scripts/Materials/Green.mat using Guid(6f8265f4c1dc9d04caa89f315c9c1ff4) Importer(815301076,1909f56bfc062723c751e8b465ee728b)  -> (artifact id: '4efb1d2ae08fe78ee86ea24c83bad90d') in 0.011850 seconds 
========================================================================
Received Import Request.
  Time since last request: 0.000022 seconds.
  path: Assets/Scripts/Materials/OriginGrey.mat
  artifactKey: Guid(828947e56fd87dc4cb70854a99569b58) Importer(815301076,1909f56bfc062723c751e8b465ee728b)
Start importing Assets/Scripts/Materials/OriginGrey.mat using Guid(828947e56fd87dc4cb70854a99569b58) Importer(815301076,1909f56bfc062723c751e8b465ee728b)  -> (artifact id: '345dd65b9b5624a3e2c68b0f4d643eb7') in 0.053382 seconds 
========================================================================
Received Import Request.
  Time since last request: 0.000022 seconds.
  path: Assets/Scripts/Materials/WallMaterial.mat
  artifactKey: Guid(66d110a3137b523429cd6929c849d455) Importer(815301076,1909f56bfc062723c751e8b465ee728b)
Start importing Assets/Scripts/Materials/WallMaterial.mat using Guid(66d110a3137b523429cd6929c849d455) Importer(815301076,1909f56bfc062723c751e8b465ee728b)  -> (artifact id: '7b5599adaa884c0038eb2726163bf41d') in 0.011647 seconds 
========================================================================
Received Import Request.
  Time since last request: 0.000020 seconds.
  path: Assets/Scripts/Materials/CartoonGrey.mat
  artifactKey: Guid(08cf8cf59e298ae449c4932e944bd9d3) Importer(815301076,1909f56bfc062723c751e8b465ee728b)
Start importing Assets/Scripts/Materials/CartoonGrey.mat using Guid(08cf8cf59e298ae449c4932e944bd9d3) Importer(815301076,1909f56bfc062723c751e8b465ee728b)  -> (artifact id: 'ea9a75dbfbbe3acf4317cf89234bd785') in 0.013219 seconds 
========================================================================
Received Import Request.
  Time since last request: 0.000023 seconds.
  path: Assets/Scripts/Materials/OrangeSpecular.mat
  artifactKey: Guid(2a12548d5d079644988203235c3acbf1) Importer(815301076,1909f56bfc062723c751e8b465ee728b)
Start importing Assets/Scripts/Materials/OrangeSpecular.mat using Guid(2a12548d5d079644988203235c3acbf1) Importer(815301076,1909f56bfc062723c751e8b465ee728b)  -> (artifact id: 'fe6416501eff0cce92316c7f0a6f4e11') in 0.174442 seconds 
========================================================================
Received Import Request.
  Time since last request: 0.000034 seconds.
  path: Assets/Scripts/Materials/WallTexture.mat
  artifactKey: Guid(d0c45164309785b40b79d2f766c7e2eb) Importer(815301076,1909f56bfc062723c751e8b465ee728b)
Start importing Assets/Scripts/Materials/WallTexture.mat using Guid(d0c45164309785b40b79d2f766c7e2eb) Importer(815301076,1909f56bfc062723c751e8b465ee728b)  -> (artifact id: '97120fd1a06a806a6aaa4e15af2e1f7b') in 0.039795 seconds 
========================================================================
Received Import Request.
  Time since last request: 10.496517 seconds.
  path: Assets/Materials/Blue.mat
  artifactKey: Guid(0424aea9a39ede04eb281109a155a3cc) Importer(815301076,1909f56bfc062723c751e8b465ee728b)
Start importing Assets/Materials/Blue.mat using Guid(0424aea9a39ede04eb281109a155a3cc) Importer(815301076,1909f56bfc062723c751e8b465ee728b)  -> (artifact id: '892c0e2d836c53cfa877e5bcf3f9517c') in 0.007082 seconds 
========================================================================
Received Import Request.
  Time since last request: 0.000020 seconds.
  path: Assets/Materials/YellowSpecular.mat
  artifactKey: Guid(e94832ac2baa2604f829fe8ec38a746a) Importer(815301076,1909f56bfc062723c751e8b465ee728b)
Start importing Assets/Materials/YellowSpecular.mat using Guid(e94832ac2baa2604f829fe8ec38a746a) Importer(815301076,1909f56bfc062723c751e8b465ee728b)  -> (artifact id: '7660eef05c8ea4a17b55b4ea93946169') in 0.012699 seconds 
========================================================================
Received Import Request.
  Time since last request: 0.000020 seconds.
  path: Assets/Materials/FloorMaterial.mat
  artifactKey: Guid(99a8ede12b104bc448c7a9ed6c6ee652) Importer(815301076,1909f56bfc062723c751e8b465ee728b)
Start importing Assets/Materials/FloorMaterial.mat using Guid(99a8ede12b104bc448c7a9ed6c6ee652) Importer(815301076,1909f56bfc062723c751e8b465ee728b)  -> (artifact id: '502f09457fa25b7b6b1012f8d388196a') in 0.011607 seconds 
========================================================================
Received Import Request.
  Time since last request: 0.000024 seconds.
  path: Assets/Materials/Yellow.mat
  artifactKey: Guid(fa87bdfa0fc65304986399cb4fcf683b) Importer(815301076,1909f56bfc062723c751e8b465ee728b)
Start importing Assets/Materials/Yellow.mat using Guid(fa87bdfa0fc65304986399cb4fcf683b) Importer(815301076,1909f56bfc062723c751e8b465ee728b)  -> (artifact id: '8401988a78d824da828c77f7e54d5cb7') in 0.009267 seconds 
========================================================================
Received Import Request.
  Time since last request: 0.000024 seconds.
  path: Assets/Materials/Green.mat
  artifactKey: Guid(f7291bd07af2ccb47b09045c8a0746fe) Importer(815301076,1909f56bfc062723c751e8b465ee728b)
Start importing Assets/Materials/Green.mat using Guid(f7291bd07af2ccb47b09045c8a0746fe) Importer(815301076,1909f56bfc062723c751e8b465ee728b)  -> (artifact id: '2249a0901b0a4c1162583b7d5e409f3c') in 0.008318 seconds 
========================================================================
Received Import Request.
  Time since last request: 0.000026 seconds.
  path: Assets/Materials/WallTexture.mat
  artifactKey: Guid(4801f255414ac8c40b18c812f1239498) Importer(815301076,1909f56bfc062723c751e8b465ee728b)
Start importing Assets/Materials/WallTexture.mat using Guid(4801f255414ac8c40b18c812f1239498) Importer(815301076,1909f56bfc062723c751e8b465ee728b)  -> (artifact id: '2836137c3daf83fdceffeb675c1576a6') in 0.013496 seconds 
========================================================================
Received Import Request.
  Time since last request: 0.000025 seconds.
  path: Assets/Materials/OriginGrey.mat
  artifactKey: Guid(21f9a2418e7077149837c64228dd7ff8) Importer(815301076,1909f56bfc062723c751e8b465ee728b)
Start importing Assets/Materials/OriginGrey.mat using Guid(21f9a2418e7077149837c64228dd7ff8) Importer(815301076,1909f56bfc062723c751e8b465ee728b)  -> (artifact id: '58e43a662d0d56d4fee2b286b3a923ba') in 0.008329 seconds 
========================================================================
Received Import Request.
  Time since last request: 0.000017 seconds.
  path: Assets/Materials/Orange.mat
  artifactKey: Guid(e40af6240c7a9f949a7a62799ecf2bd6) Importer(815301076,1909f56bfc062723c751e8b465ee728b)
Start importing Assets/Materials/Orange.mat using Guid(e40af6240c7a9f949a7a62799ecf2bd6) Importer(815301076,1909f56bfc062723c751e8b465ee728b)  -> (artifact id: '14b9a1597cebfe9bef25840196cc3d86') in 0.011471 seconds 
========================================================================
Received Import Request.
  Time since last request: 0.000021 seconds.
  path: Assets/Materials/GreenSpecular.mat
  artifactKey: Guid(b930cdd90195bea4c84ecc1fd0d8eef5) Importer(815301076,1909f56bfc062723c751e8b465ee728b)
Start importing Assets/Materials/GreenSpecular.mat using Guid(b930cdd90195bea4c84ecc1fd0d8eef5) Importer(815301076,1909f56bfc062723c751e8b465ee728b)  -> (artifact id: 'df343553dedaa2ee0890e672978e39aa') in 0.011849 seconds 
========================================================================
Received Import Request.
  Time since last request: 8.998928 seconds.
  path: Assets/Prefabs/CartesianCoordinates.prefab
  artifactKey: Guid(b35232da95781554f9c001204dbdb8eb) Importer(815301076,1909f56bfc062723c751e8b465ee728b)
Start importing Assets/Prefabs/CartesianCoordinates.prefab using Guid(b35232da95781554f9c001204dbdb8eb) Importer(815301076,1909f56bfc062723c751e8b465ee728b)  -> (artifact id: 'e6741f4cecccdc2953cf1ca67a9c676b') in 0.023267 seconds 
========================================================================
Received Import Request.
  Time since last request: 0.000020 seconds.
  path: Assets/Prefabs/Kapsel.prefab
  artifactKey: Guid(9b819a7ca7f9afd48bb3a3a1a4f7af2d) Importer(815301076,1909f56bfc062723c751e8b465ee728b)
Start importing Assets/Prefabs/Kapsel.prefab using Guid(9b819a7ca7f9afd48bb3a3a1a4f7af2d) Importer(815301076,1909f56bfc062723c751e8b465ee728b)  -> (artifact id: 'a5141eab6fc1e872667876ba34a9927a') in 0.011865 seconds 
========================================================================
Received Import Request.
  Time since last request: 0.000023 seconds.
  path: Assets/Prefabs/Richtungslicht1.prefab
  artifactKey: Guid(3eaefdb37dad09b4392c5b81961f7f9f) Importer(815301076,1909f56bfc062723c751e8b465ee728b)
Start importing Assets/Prefabs/Richtungslicht1.prefab using Guid(3eaefdb37dad09b4392c5b81961f7f9f) Importer(815301076,1909f56bfc062723c751e8b465ee728b)  -> (artifact id: '2c5041d7de060e65a23d9edc5b2fea6f') in 0.007289 seconds 
========================================================================
Received Import Request.
  Time since last request: 0.000038 seconds.
  path: Assets/Prefabs/KastenUmKernbereich.prefab
  artifactKey: Guid(a6e1ce4d68de08b4dbd26ce1d3d61192) Importer(815301076,1909f56bfc062723c751e8b465ee728b)
Start importing Assets/Prefabs/KastenUmKernbereich.prefab using Guid(a6e1ce4d68de08b4dbd26ce1d3d61192) Importer(815301076,1909f56bfc062723c751e8b465ee728b)  -> (artifact id: '6ded15a332943820876cdbaf5117f083') in 0.017006 seconds 
========================================================================
Received Import Request.
  Time since last request: 0.000020 seconds.
  path: Assets/Prefabs/KugelnLinks.prefab
  artifactKey: Guid(61437c07d2855a94288e09a543a2d628) Importer(815301076,1909f56bfc062723c751e8b465ee728b)
Start importing Assets/Prefabs/KugelnLinks.prefab using Guid(61437c07d2855a94288e09a543a2d628) Importer(815301076,1909f56bfc062723c751e8b465ee728b)  -> (artifact id: '8b44a35b75191667adc55fc9dc7b2292') in 0.014162 seconds 
Editor requested this worker to shutdown with reason: Scaling down because of idle timeout
AssetImportWorker is now disconnected from the server
Process exiting
Exiting without the bug reporter. Application will terminate with return code 0