Using pre-set license
Built from '2021.3/staging' branch; Version is '2021.3.14f1 (eee1884e7226) revision 15655304'; Using compiler version '192829333'; Build Type 'Release'
OS: 'Windows 11  (10.0.22621) 64bit Professional' Language: 'de' Physical Memory: 32510 MB
BatchMode: 1, IsHumanControllingUs: 0, StartBugReporterOnCrash: 0, Is64bit: 1, IsPro: 1

COMMAND LINE ARGUMENTS:
C:\Program Files\Unity\Hub\Editor\2021.3.14f1\Editor\Unity.exe
-adb2
-batchMode
-noUpm
-name
AssetImportWorker2
-projectPath
C:/Users/brill/Develop/Github/VirtualReality/VRKompakt/Unity/VR/VRKVIUSimulator/BasisSzeneSimulator
-logFile
Logs/AssetImportWorker2.log
-srvPort
50240
Successfully changed project path to: C:/Users/brill/Develop/Github/VirtualReality/VRKompakt/Unity/VR/VRKVIUSimulator/BasisSzeneSimulator
C:/Users/brill/Develop/Github/VirtualReality/VRKompakt/Unity/VR/VRKVIUSimulator/BasisSzeneSimulator
[UnityMemory] Configuration Parameters - Can be set up in boot.config
    "memorysetup-bucket-allocator-granularity=16"
    "memorysetup-bucket-allocator-bucket-count=8"
    "memorysetup-bucket-allocator-block-size=33554432"
    "memorysetup-bucket-allocator-block-count=8"
    "memorysetup-main-allocator-block-size=16777216"
    "memorysetup-thread-allocator-block-size=16777216"
    "memorysetup-gfx-main-allocator-block-size=16777216"
    "memorysetup-gfx-thread-allocator-block-size=16777216"
    "memorysetup-cache-allocator-block-size=4194304"
    "memorysetup-typetree-allocator-block-size=2097152"
    "memorysetup-profiler-bucket-allocator-granularity=16"
    "memorysetup-profiler-bucket-allocator-bucket-count=8"
    "memorysetup-profiler-bucket-allocator-block-size=33554432"
    "memorysetup-profiler-bucket-allocator-block-count=8"
    "memorysetup-profiler-allocator-block-size=16777216"
    "memorysetup-profiler-editor-allocator-block-size=1048576"
    "memorysetup-temp-allocator-size-main=16777216"
    "memorysetup-job-temp-allocator-block-size=2097152"
    "memorysetup-job-temp-allocator-block-size-background=1048576"
    "memorysetup-job-temp-allocator-reduction-small-platforms=262144"
    "memorysetup-temp-allocator-size-background-worker=32768"
    "memorysetup-temp-allocator-size-job-worker=262144"
    "memorysetup-temp-allocator-size-preload-manager=33554432"
    "memorysetup-temp-allocator-size-nav-mesh-worker=65536"
    "memorysetup-temp-allocator-size-audio-worker=65536"
    "memorysetup-temp-allocator-size-cloud-worker=32768"
    "memorysetup-temp-allocator-size-gi-baking-worker=262144"
    "memorysetup-temp-allocator-size-gfx=262144"
Refreshing native plugins compatible for Editor in 74.72 ms, found 1 plugins.
Preloading 0 native plugins for Editor in 0.00 ms.
Initialize engine version: 2021.3.14f1 (eee1884e7226)
[Subsystems] Discovering subsystems at path C:/Program Files/Unity/Hub/Editor/2021.3.14f1/Editor/Data/Resources/UnitySubsystems
[Subsystems] Discovering subsystems at path C:/Users/brill/Develop/Github/VirtualReality/VRKompakt/Unity/VR/VRKVIUSimulator/BasisSzeneSimulator/Assets
GfxDevice: creating device client; threaded=0; jobified=0
Direct3D:
    Version:  Direct3D 11.0 [level 11.1]
    Renderer: NVIDIA GeForce RTX 3080 Laptop GPU (ID=0x249c)
    Vendor:   NVIDIA
    VRAM:     16191 MB
    Driver:   31.0.15.2698
Initialize mono
Mono path[0] = 'C:/Program Files/Unity/Hub/Editor/2021.3.14f1/Editor/Data/Managed'
Mono path[1] = 'C:/Program Files/Unity/Hub/Editor/2021.3.14f1/Editor/Data/MonoBleedingEdge/lib/mono/unityjit-win32'
Mono config path = 'C:/Program Files/Unity/Hub/Editor/2021.3.14f1/Editor/Data/MonoBleedingEdge/etc'
Using monoOptions --debugger-agent=transport=dt_socket,embedding=1,server=y,suspend=n,address=127.0.0.1:56464
Begin MonoManager ReloadAssembly
Registering precompiled unity dll's ...
Register platform support module: C:/Program Files/Unity/Hub/Editor/2021.3.14f1/Editor/Data/PlaybackEngines/WebGLSupport/UnityEditor.WebGL.Extensions.dll
Register platform support module: C:/Program Files/Unity/Hub/Editor/2021.3.14f1/Editor/Data/PlaybackEngines/AndroidPlayer/UnityEditor.Android.Extensions.dll
Register platform support module: C:/Program Files/Unity/Hub/Editor/2021.3.14f1/Editor/Data/PlaybackEngines/WindowsStandaloneSupport/UnityEditor.WindowsStandalone.Extensions.dll
Register platform support module: C:/Program Files/Unity/Hub/Editor/2021.3.14f1/Editor/Data/PlaybackEngines/MetroSupport/UnityEditor.UWP.Extensions.dll
Registered in 0.004190 seconds.
Native extension for UWP target not found
Native extension for WindowsStandalone target not found
Native extension for Android target not found
Native extension for WebGL target not found
Refreshing native plugins compatible for Editor in 60.06 ms, found 1 plugins.
Preloading 0 native plugins for Editor in 0.00 ms.
Mono: successfully reloaded assembly
- Completed reload, in  0.498 seconds
Domain Reload Profiling:
	ReloadAssembly (499ms)
		BeginReloadAssembly (54ms)
			ExecutionOrderSort (0ms)
			DisableScriptedObjects (0ms)
			BackupInstance (0ms)
			ReleaseScriptingObjects (0ms)
			CreateAndSetChildDomain (1ms)
		EndReloadAssembly (362ms)
			LoadAssemblies (53ms)
			RebuildTransferFunctionScriptingTraits (0ms)
			SetupTypeCache (84ms)
			ReleaseScriptCaches (0ms)
			RebuildScriptCaches (22ms)
			SetupLoadedEditorAssemblies (217ms)
				LogAssemblyErrors (0ms)
				InitializePlatformSupportModulesInManaged (44ms)
				SetLoadedEditorAssemblies (0ms)
				RefreshPlugins (60ms)
				BeforeProcessingInitializeOnLoad (1ms)
				ProcessInitializeOnLoadAttributes (78ms)
				ProcessInitializeOnLoadMethodAttributes (34ms)
				AfterProcessingInitializeOnLoad (0ms)
				EditorAssembliesLoaded (0ms)
			ExecutionOrderSort2 (0ms)
			AwakeInstancesAfterBackupRestoration (0ms)
Platform modules already initialized, skipping
Registering precompiled user dll's ...
Registered in 0.002081 seconds.
Begin MonoManager ReloadAssembly
Symbol file LoadedFromMemory doesn't match image C:\Users\brill\Develop\Github\VirtualReality\VRKompakt\Unity\VR\VRKVIUSimulator\BasisSzeneSimulator\Library\PackageCache\com.unity.visualscripting@1.7.8\Editor\VisualScripting.Core\Dependencies\YamlDotNet\Unity.VisualScripting.YamlDotNet.dll
Symbol file LoadedFromMemory doesn't match image C:\Users\brill\Develop\Github\VirtualReality\VRKompakt\Unity\VR\VRKVIUSimulator\BasisSzeneSimulator\Library\PackageCache\com.unity.visualscripting@1.7.8\Editor\VisualScripting.Core\Dependencies\DotNetZip\Unity.VisualScripting.IonicZip.dll
Native extension for UWP target not found
Native extension for WindowsStandalone target not found
Native extension for Android target not found
Native extension for WebGL target not found
Refreshing native plugins compatible for Editor in 0.48 ms, found 1 plugins.
Preloading 0 native plugins for Editor in 0.00 ms.
Mono: successfully reloaded assembly
- Completed reload, in  0.891 seconds
Domain Reload Profiling:
	ReloadAssembly (892ms)
		BeginReloadAssembly (205ms)
			ExecutionOrderSort (0ms)
			DisableScriptedObjects (6ms)
			BackupInstance (0ms)
			ReleaseScriptingObjects (0ms)
			CreateAndSetChildDomain (132ms)
		EndReloadAssembly (594ms)
			LoadAssemblies (60ms)
			RebuildTransferFunctionScriptingTraits (0ms)
			SetupTypeCache (203ms)
			ReleaseScriptCaches (1ms)
			RebuildScriptCaches (50ms)
			SetupLoadedEditorAssemblies (242ms)
				LogAssemblyErrors (0ms)
				InitializePlatformSupportModulesInManaged (13ms)
				SetLoadedEditorAssemblies (0ms)
				RefreshPlugins (1ms)
				BeforeProcessingInitializeOnLoad (73ms)
				ProcessInitializeOnLoadAttributes (135ms)
				ProcessInitializeOnLoadMethodAttributes (16ms)
				AfterProcessingInitializeOnLoad (4ms)
				EditorAssembliesLoaded (0ms)
			ExecutionOrderSort2 (0ms)
			AwakeInstancesAfterBackupRestoration (4ms)
Platform modules already initialized, skipping
========================================================================
Worker process is ready to serve import requests
Launched and connected shader compiler UnityShaderCompiler.exe after 0.03 seconds
Refreshing native plugins compatible for Editor in 0.76 ms, found 1 plugins.
Preloading 0 native plugins for Editor in 0.00 ms.
Unloading 2987 Unused Serialized files (Serialized files now loaded: 0)
Unloading 15 unused Assets / (56.0 KB). Loaded Objects now: 3461.
Memory consumption went from 109.4 MB to 109.4 MB.
Total: 2.493600 ms (FindLiveObjects: 0.213000 ms CreateObjectMapping: 0.106100 ms MarkObjects: 2.111900 ms  DeleteObjects: 0.061800 ms)

AssetImportParameters requested are different than current active one (requested -> active):
  custom:video-decoder-ogg-theora: a1e56fd34408186e4bbccfd4996cb3dc -> 
  custom:container-muxer-webm: aa71ff27fc2769a1b78a27578f13a17b -> 
  custom:container-demuxer-webm: 4f35f7cbe854078d1ac9338744f61a02 -> 
  custom:video-encoder-webm-vp8: eb34c28f22e8b96e1ab97ce403110664 -> 
  custom:audio-encoder-webm-vorbis: bf7c407c2cedff20999df2af8eb42d56 -> 
  custom:framework-win-MediaFoundation: 216162199b28c13a410421893ffa2e32 -> 
  custom:container-demuxer-ogg: 62fdf1f143b41e24485cea50d1cbac27 -> 
  custom:video-decoder-webm-vp8: 9c59270c3fd7afecdb556c50c9e8de78 -> 
  custom:audio-decoder-ogg-vorbis: bf7c407c2cedff20999df2af8eb42d56 -> 
========================================================================
Received Import Request.
  Time since last request: 2167630.128905 seconds.
  path: Assets/HTC.UnityPlugin/ViveInputUtility/Resources
  artifactKey: Guid(f1d532c1e91ce734ab54807c1a4c1f3f) Importer(815301076,1909f56bfc062723c751e8b465ee728b)
Start importing Assets/HTC.UnityPlugin/ViveInputUtility/Resources using Guid(f1d532c1e91ce734ab54807c1a4c1f3f) Importer(815301076,1909f56bfc062723c751e8b465ee728b)  -> (artifact id: '5b5d8d03d96aa55098f4015408e1e717') in 0.010056 seconds 
========================================================================
Received Import Request.
  Time since last request: 0.089376 seconds.
  path: Assets/HTC.UnityPlugin/ViveInputUtility/Resources/VIUBindingInterface.prefab
  artifactKey: Guid(26a034c83db7bcb4f99de4ddf57cbcfc) Importer(815301076,1909f56bfc062723c751e8b465ee728b)
Start importing Assets/HTC.UnityPlugin/ViveInputUtility/Resources/VIUBindingInterface.prefab using Guid(26a034c83db7bcb4f99de4ddf57cbcfc) Importer(815301076,1909f56bfc062723c751e8b465ee728b)  -> (artifact id: '6d6e35648e5209a487db0744592ad845') in 0.057112 seconds 
========================================================================
Received Import Request.
  Time since last request: 1.989768 seconds.
  path: Assets/HTC.UnityPlugin/ViveInputUtility/Resources/Models
  artifactKey: Guid(81d67f08bf2b07a43a98b9d064d22c0f) Importer(815301076,1909f56bfc062723c751e8b465ee728b)
Start importing Assets/HTC.UnityPlugin/ViveInputUtility/Resources/Models using Guid(81d67f08bf2b07a43a98b9d064d22c0f) Importer(815301076,1909f56bfc062723c751e8b465ee728b)  -> (artifact id: '248e557233022128e51bb79edb0d0eb2') in 0.010926 seconds 
========================================================================
Received Import Request.
  Time since last request: 0.065513 seconds.
  path: Assets/HTC.UnityPlugin/ViveInputUtility/Resources/Models/ObjModelDaydreamController.fbx
  artifactKey: Guid(279eae6e1e119ec4f97c601f4658ea98) Importer(815301076,1909f56bfc062723c751e8b465ee728b)
Start importing Assets/HTC.UnityPlugin/ViveInputUtility/Resources/Models/ObjModelDaydreamController.fbx using Guid(279eae6e1e119ec4f97c601f4658ea98) Importer(815301076,1909f56bfc062723c751e8b465ee728b)  -> (artifact id: 'a9c31afb41e5e866e4546485e49d0351') in 0.204668 seconds 
========================================================================
Received Import Request.
  Time since last request: 0.000038 seconds.
  path: Assets/HTC.UnityPlugin/ViveInputUtility/Resources/Models/VIUModelOculusTrackedHandLeft.prefab
  artifactKey: Guid(42b3abba4c59ab141ac0d0ec51321a4d) Importer(815301076,1909f56bfc062723c751e8b465ee728b)
Start importing Assets/HTC.UnityPlugin/ViveInputUtility/Resources/Models/VIUModelOculusTrackedHandLeft.prefab using Guid(42b3abba4c59ab141ac0d0ec51321a4d) Importer(815301076,1909f56bfc062723c751e8b465ee728b)  -> (artifact id: 'b3e4bd7f237cf991a27dd525affa5af6') in 0.069473 seconds 
========================================================================
Received Import Request.
  Time since last request: 0.000036 seconds.
  path: Assets/HTC.UnityPlugin/ViveInputUtility/Resources/Models/VIUModelViveFocusChirp.prefab
  artifactKey: Guid(e4923ecd69927e647a68c24ca7ebc44b) Importer(815301076,1909f56bfc062723c751e8b465ee728b)
Start importing Assets/HTC.UnityPlugin/ViveInputUtility/Resources/Models/VIUModelViveFocusChirp.prefab using Guid(e4923ecd69927e647a68c24ca7ebc44b) Importer(815301076,1909f56bfc062723c751e8b465ee728b)  -> (artifact id: '573a6b11d32e1e61e408353c236e216c') in 0.019092 seconds 
========================================================================
Received Import Request.
  Time since last request: 0.000025 seconds.
  path: Assets/HTC.UnityPlugin/ViveInputUtility/Resources/Models/ObjModelViveFocus3ControllerLeft.fbx
  artifactKey: Guid(8ad5940c9beac5246a7c65de5cac5e59) Importer(815301076,1909f56bfc062723c751e8b465ee728b)
Start importing Assets/HTC.UnityPlugin/ViveInputUtility/Resources/Models/ObjModelViveFocus3ControllerLeft.fbx using Guid(8ad5940c9beac5246a7c65de5cac5e59) Importer(815301076,1909f56bfc062723c751e8b465ee728b)  -> (artifact id: 'e4d29ca0511826e322b37a4c398211a1') in 0.117874 seconds 
========================================================================
Received Import Request.
  Time since last request: 0.000024 seconds.
  path: Assets/HTC.UnityPlugin/ViveInputUtility/Resources/Models/VIUModelOculusGearVrController.prefab
  artifactKey: Guid(d35a216c66c350a4b9271430d390df1f) Importer(815301076,1909f56bfc062723c751e8b465ee728b)
Start importing Assets/HTC.UnityPlugin/ViveInputUtility/Resources/Models/VIUModelOculusGearVrController.prefab using Guid(d35a216c66c350a4b9271430d390df1f) Importer(815301076,1909f56bfc062723c751e8b465ee728b)  -> (artifact id: 'bf5b07fd2d60efa29752c51960ed4ba7') in 0.015262 seconds 
========================================================================
Received Import Request.
  Time since last request: 0.000031 seconds.
  path: Assets/HTC.UnityPlugin/ViveInputUtility/Resources/Models/VIUModelViveFocus3ControllerRight.prefab
  artifactKey: Guid(84de98753265d184daa6460f4c9310ba) Importer(815301076,1909f56bfc062723c751e8b465ee728b)
Start importing Assets/HTC.UnityPlugin/ViveInputUtility/Resources/Models/VIUModelViveFocus3ControllerRight.prefab using Guid(84de98753265d184daa6460f4c9310ba) Importer(815301076,1909f56bfc062723c751e8b465ee728b)  -> (artifact id: 'e622530a6a6407a47f1804ef6c65e0f7') in 0.014571 seconds 
========================================================================
Received Import Request.
  Time since last request: 0.000028 seconds.
  path: Assets/HTC.UnityPlugin/ViveInputUtility/Resources/Models/ObjModelOculusGearVrController.fbx
  artifactKey: Guid(6edfa91e984e125488b968a80e340754) Importer(815301076,1909f56bfc062723c751e8b465ee728b)
Start importing Assets/HTC.UnityPlugin/ViveInputUtility/Resources/Models/ObjModelOculusGearVrController.fbx using Guid(6edfa91e984e125488b968a80e340754) Importer(815301076,1909f56bfc062723c751e8b465ee728b)  -> (artifact id: '5ce92c5eb92da7ee85a0026180b45adc') in 0.098588 seconds 
========================================================================
Received Import Request.
  Time since last request: 0.000025 seconds.
  path: Assets/HTC.UnityPlugin/ViveInputUtility/Resources/Models/VIUModelKnucklesRight.prefab
  artifactKey: Guid(c2bb7668e99e3b44cb17473208d3a790) Importer(815301076,1909f56bfc062723c751e8b465ee728b)
Start importing Assets/HTC.UnityPlugin/ViveInputUtility/Resources/Models/VIUModelKnucklesRight.prefab using Guid(c2bb7668e99e3b44cb17473208d3a790) Importer(815301076,1909f56bfc062723c751e8b465ee728b)  -> (artifact id: '75ac77cb1aae2ce5245010b1c8f3517f') in 0.012958 seconds 
========================================================================
Received Import Request.
  Time since last request: 0.000050 seconds.
  path: Assets/HTC.UnityPlugin/ViveInputUtility/Resources/Models/ObjModelHandRight_26.fbx
  artifactKey: Guid(93c83368e9a093c4f9a4341cf8465f85) Importer(815301076,1909f56bfc062723c751e8b465ee728b)
Start importing Assets/HTC.UnityPlugin/ViveInputUtility/Resources/Models/ObjModelHandRight_26.fbx using Guid(93c83368e9a093c4f9a4341cf8465f85) Importer(815301076,1909f56bfc062723c751e8b465ee728b)  -> (artifact id: '5a0b272e455a15f46a4a8c411dc7a9a0') in 0.021541 seconds 
========================================================================
Received Import Request.
  Time since last request: 0.000024 seconds.
  path: Assets/HTC.UnityPlugin/ViveInputUtility/Resources/Models/VIUModelOculusTouchRight.prefab
  artifactKey: Guid(fb9aa177fa87fc44d831255bf057c139) Importer(815301076,1909f56bfc062723c751e8b465ee728b)
Start importing Assets/HTC.UnityPlugin/ViveInputUtility/Resources/Models/VIUModelOculusTouchRight.prefab using Guid(fb9aa177fa87fc44d831255bf057c139) Importer(815301076,1909f56bfc062723c751e8b465ee728b)  -> (artifact id: '6ccce6e8d72c355cb75b3f42275c080a') in 0.014075 seconds 
========================================================================
Received Import Request.
  Time since last request: 0.000028 seconds.
  path: Assets/HTC.UnityPlugin/ViveInputUtility/Resources/Models/ObjModelKnucklesRight.fbx
  artifactKey: Guid(759bd215186979048815e5fcec79c48d) Importer(815301076,1909f56bfc062723c751e8b465ee728b)
Start importing Assets/HTC.UnityPlugin/ViveInputUtility/Resources/Models/ObjModelKnucklesRight.fbx using Guid(759bd215186979048815e5fcec79c48d) Importer(815301076,1909f56bfc062723c751e8b465ee728b)  -> (artifact id: 'd379944433422fc7860b1fe2e0fb5df3') in 0.016859 seconds 
========================================================================
Received Import Request.
  Time since last request: 0.000031 seconds.
  path: Assets/HTC.UnityPlugin/ViveInputUtility/Resources/Models/VIUModelViveFocus3ControllerLeft.prefab
  artifactKey: Guid(fbb008dd14c00bf48b4606451eedd3e6) Importer(815301076,1909f56bfc062723c751e8b465ee728b)
Start importing Assets/HTC.UnityPlugin/ViveInputUtility/Resources/Models/VIUModelViveFocus3ControllerLeft.prefab using Guid(fbb008dd14c00bf48b4606451eedd3e6) Importer(815301076,1909f56bfc062723c751e8b465ee728b)  -> (artifact id: 'ace6cfb21904e26cd899796efc420bf2') in 0.013263 seconds 
========================================================================
Received Import Request.
  Time since last request: 0.000027 seconds.
  path: Assets/HTC.UnityPlugin/ViveInputUtility/Resources/Models/ObjModelOculusTouchRight.fbx
  artifactKey: Guid(5ddc673c3add8d44ca7de2b080765736) Importer(815301076,1909f56bfc062723c751e8b465ee728b)
Start importing Assets/HTC.UnityPlugin/ViveInputUtility/Resources/Models/ObjModelOculusTouchRight.fbx using Guid(5ddc673c3add8d44ca7de2b080765736) Importer(815301076,1909f56bfc062723c751e8b465ee728b)  -> (artifact id: '0948d49d2d476a5f8835dfb15cd4aadc') in 0.015016 seconds 
========================================================================
Received Import Request.
  Time since last request: 0.000020 seconds.
  path: Assets/HTC.UnityPlugin/ViveInputUtility/Resources/Models/ObjModelViveController.fbx
  artifactKey: Guid(a84c25639fd3f5b47826a4a5e99e0428) Importer(815301076,1909f56bfc062723c751e8b465ee728b)
Start importing Assets/HTC.UnityPlugin/ViveInputUtility/Resources/Models/ObjModelViveController.fbx using Guid(a84c25639fd3f5b47826a4a5e99e0428) Importer(815301076,1909f56bfc062723c751e8b465ee728b)  -> (artifact id: '124f99432cd98f6b7cf4bd6abcfe02e0') in 0.018551 seconds 
Editor requested this worker to shutdown with reason: Scaling down because of idle timeout
AssetImportWorker is now disconnected from the server
Process exiting
Exiting without the bug reporter. Application will terminate with return code 0