Using pre-set license
Built from '2021.3/staging' branch; Version is '2021.3.14f1 (eee1884e7226) revision 15655304'; Using compiler version '192829333'; Build Type 'Release'
OS: 'Windows 11  (10.0.22621) 64bit Professional' Language: 'de' Physical Memory: 32510 MB
BatchMode: 1, IsHumanControllingUs: 0, StartBugReporterOnCrash: 0, Is64bit: 1, IsPro: 1

COMMAND LINE ARGUMENTS:
C:\Program Files\Unity\Hub\Editor\2021.3.14f1\Editor\Unity.exe
-adb2
-batchMode
-noUpm
-name
AssetImportWorker0
-projectPath
C:/Users/brill/Develop/Github/VirtualReality/VRKompakt/Unity/VR/VRKVIUSimulator/BasisSzeneSimulator
-logFile
Logs/AssetImportWorker0.log
-srvPort
50240
Successfully changed project path to: C:/Users/brill/Develop/Github/VirtualReality/VRKompakt/Unity/VR/VRKVIUSimulator/BasisSzeneSimulator
C:/Users/brill/Develop/Github/VirtualReality/VRKompakt/Unity/VR/VRKVIUSimulator/BasisSzeneSimulator
[UnityMemory] Configuration Parameters - Can be set up in boot.config
    "memorysetup-bucket-allocator-granularity=16"
    "memorysetup-bucket-allocator-bucket-count=8"
    "memorysetup-bucket-allocator-block-size=33554432"
    "memorysetup-bucket-allocator-block-count=8"
    "memorysetup-main-allocator-block-size=16777216"
    "memorysetup-thread-allocator-block-size=16777216"
    "memorysetup-gfx-main-allocator-block-size=16777216"
    "memorysetup-gfx-thread-allocator-block-size=16777216"
    "memorysetup-cache-allocator-block-size=4194304"
    "memorysetup-typetree-allocator-block-size=2097152"
    "memorysetup-profiler-bucket-allocator-granularity=16"
    "memorysetup-profiler-bucket-allocator-bucket-count=8"
    "memorysetup-profiler-bucket-allocator-block-size=33554432"
    "memorysetup-profiler-bucket-allocator-block-count=8"
    "memorysetup-profiler-allocator-block-size=16777216"
    "memorysetup-profiler-editor-allocator-block-size=1048576"
    "memorysetup-temp-allocator-size-main=16777216"
    "memorysetup-job-temp-allocator-block-size=2097152"
    "memorysetup-job-temp-allocator-block-size-background=1048576"
    "memorysetup-job-temp-allocator-reduction-small-platforms=262144"
    "memorysetup-temp-allocator-size-background-worker=32768"
    "memorysetup-temp-allocator-size-job-worker=262144"
    "memorysetup-temp-allocator-size-preload-manager=33554432"
    "memorysetup-temp-allocator-size-nav-mesh-worker=65536"
    "memorysetup-temp-allocator-size-audio-worker=65536"
    "memorysetup-temp-allocator-size-cloud-worker=32768"
    "memorysetup-temp-allocator-size-gi-baking-worker=262144"
    "memorysetup-temp-allocator-size-gfx=262144"
Refreshing native plugins compatible for Editor in 62.35 ms, found 1 plugins.
Preloading 0 native plugins for Editor in 0.00 ms.
Initialize engine version: 2021.3.14f1 (eee1884e7226)
[Subsystems] Discovering subsystems at path C:/Program Files/Unity/Hub/Editor/2021.3.14f1/Editor/Data/Resources/UnitySubsystems
[Subsystems] Discovering subsystems at path C:/Users/brill/Develop/Github/VirtualReality/VRKompakt/Unity/VR/VRKVIUSimulator/BasisSzeneSimulator/Assets
GfxDevice: creating device client; threaded=0; jobified=0
Direct3D:
    Version:  Direct3D 11.0 [level 11.1]
    Renderer: NVIDIA GeForce RTX 3080 Laptop GPU (ID=0x249c)
    Vendor:   NVIDIA
    VRAM:     16191 MB
    Driver:   31.0.15.2698
Initialize mono
Mono path[0] = 'C:/Program Files/Unity/Hub/Editor/2021.3.14f1/Editor/Data/Managed'
Mono path[1] = 'C:/Program Files/Unity/Hub/Editor/2021.3.14f1/Editor/Data/MonoBleedingEdge/lib/mono/unityjit-win32'
Mono config path = 'C:/Program Files/Unity/Hub/Editor/2021.3.14f1/Editor/Data/MonoBleedingEdge/etc'
Using monoOptions --debugger-agent=transport=dt_socket,embedding=1,server=y,suspend=n,address=127.0.0.1:56236
Begin MonoManager ReloadAssembly
Registering precompiled unity dll's ...
Register platform support module: C:/Program Files/Unity/Hub/Editor/2021.3.14f1/Editor/Data/PlaybackEngines/WebGLSupport/UnityEditor.WebGL.Extensions.dll
Register platform support module: C:/Program Files/Unity/Hub/Editor/2021.3.14f1/Editor/Data/PlaybackEngines/AndroidPlayer/UnityEditor.Android.Extensions.dll
Register platform support module: C:/Program Files/Unity/Hub/Editor/2021.3.14f1/Editor/Data/PlaybackEngines/WindowsStandaloneSupport/UnityEditor.WindowsStandalone.Extensions.dll
Register platform support module: C:/Program Files/Unity/Hub/Editor/2021.3.14f1/Editor/Data/PlaybackEngines/MetroSupport/UnityEditor.UWP.Extensions.dll
Registered in 0.004085 seconds.
Native extension for UWP target not found
Native extension for WindowsStandalone target not found
Native extension for Android target not found
Native extension for WebGL target not found
Refreshing native plugins compatible for Editor in 63.00 ms, found 1 plugins.
Preloading 0 native plugins for Editor in 0.00 ms.
Mono: successfully reloaded assembly
- Completed reload, in  0.509 seconds
Domain Reload Profiling:
	ReloadAssembly (510ms)
		BeginReloadAssembly (54ms)
			ExecutionOrderSort (0ms)
			DisableScriptedObjects (0ms)
			BackupInstance (0ms)
			ReleaseScriptingObjects (0ms)
			CreateAndSetChildDomain (1ms)
		EndReloadAssembly (372ms)
			LoadAssemblies (54ms)
			RebuildTransferFunctionScriptingTraits (0ms)
			SetupTypeCache (91ms)
			ReleaseScriptCaches (0ms)
			RebuildScriptCaches (21ms)
			SetupLoadedEditorAssemblies (222ms)
				LogAssemblyErrors (0ms)
				InitializePlatformSupportModulesInManaged (45ms)
				SetLoadedEditorAssemblies (0ms)
				RefreshPlugins (63ms)
				BeforeProcessingInitializeOnLoad (1ms)
				ProcessInitializeOnLoadAttributes (79ms)
				ProcessInitializeOnLoadMethodAttributes (33ms)
				AfterProcessingInitializeOnLoad (0ms)
				EditorAssembliesLoaded (0ms)
			ExecutionOrderSort2 (0ms)
			AwakeInstancesAfterBackupRestoration (0ms)
Platform modules already initialized, skipping
Registering precompiled user dll's ...
Registered in 0.001944 seconds.
Begin MonoManager ReloadAssembly
Symbol file LoadedFromMemory doesn't match image C:\Users\brill\Develop\Github\VirtualReality\VRKompakt\Unity\VR\VRKVIUSimulator\BasisSzeneSimulator\Library\PackageCache\com.unity.visualscripting@1.7.8\Editor\VisualScripting.Core\Dependencies\YamlDotNet\Unity.VisualScripting.YamlDotNet.dll
Symbol file LoadedFromMemory doesn't match image C:\Users\brill\Develop\Github\VirtualReality\VRKompakt\Unity\VR\VRKVIUSimulator\BasisSzeneSimulator\Library\PackageCache\com.unity.visualscripting@1.7.8\Editor\VisualScripting.Core\Dependencies\DotNetZip\Unity.VisualScripting.IonicZip.dll
Native extension for UWP target not found
Native extension for WindowsStandalone target not found
Native extension for Android target not found
Native extension for WebGL target not found
Refreshing native plugins compatible for Editor in 0.45 ms, found 1 plugins.
Preloading 0 native plugins for Editor in 0.00 ms.
Mono: successfully reloaded assembly
- Completed reload, in  0.792 seconds
Domain Reload Profiling:
	ReloadAssembly (793ms)
		BeginReloadAssembly (196ms)
			ExecutionOrderSort (0ms)
			DisableScriptedObjects (5ms)
			BackupInstance (0ms)
			ReleaseScriptingObjects (0ms)
			CreateAndSetChildDomain (122ms)
		EndReloadAssembly (509ms)
			LoadAssemblies (55ms)
			RebuildTransferFunctionScriptingTraits (0ms)
			SetupTypeCache (169ms)
			ReleaseScriptCaches (1ms)
			RebuildScriptCaches (39ms)
			SetupLoadedEditorAssemblies (217ms)
				LogAssemblyErrors (0ms)
				InitializePlatformSupportModulesInManaged (13ms)
				SetLoadedEditorAssemblies (0ms)
				RefreshPlugins (0ms)
				BeforeProcessingInitializeOnLoad (63ms)
				ProcessInitializeOnLoadAttributes (120ms)
				ProcessInitializeOnLoadMethodAttributes (15ms)
				AfterProcessingInitializeOnLoad (5ms)
				EditorAssembliesLoaded (0ms)
			ExecutionOrderSort2 (0ms)
			AwakeInstancesAfterBackupRestoration (4ms)
Platform modules already initialized, skipping
========================================================================
Worker process is ready to serve import requests
Launched and connected shader compiler UnityShaderCompiler.exe after 0.03 seconds
Refreshing native plugins compatible for Editor in 0.50 ms, found 1 plugins.
Preloading 0 native plugins for Editor in 0.00 ms.
Unloading 2987 Unused Serialized files (Serialized files now loaded: 0)
Unloading 15 unused Assets / (56.0 KB). Loaded Objects now: 3461.
Memory consumption went from 109.4 MB to 109.4 MB.
Total: 2.631700 ms (FindLiveObjects: 0.265500 ms CreateObjectMapping: 0.072600 ms MarkObjects: 2.215900 ms  DeleteObjects: 0.077000 ms)

AssetImportParameters requested are different than current active one (requested -> active):
  custom:video-decoder-ogg-theora: a1e56fd34408186e4bbccfd4996cb3dc -> 
  custom:container-muxer-webm: aa71ff27fc2769a1b78a27578f13a17b -> 
  custom:container-demuxer-webm: 4f35f7cbe854078d1ac9338744f61a02 -> 
  custom:video-encoder-webm-vp8: eb34c28f22e8b96e1ab97ce403110664 -> 
  custom:audio-encoder-webm-vorbis: bf7c407c2cedff20999df2af8eb42d56 -> 
  custom:framework-win-MediaFoundation: 216162199b28c13a410421893ffa2e32 -> 
  custom:container-demuxer-ogg: 62fdf1f143b41e24485cea50d1cbac27 -> 
  custom:video-decoder-webm-vp8: 9c59270c3fd7afecdb556c50c9e8de78 -> 
  custom:audio-decoder-ogg-vorbis: bf7c407c2cedff20999df2af8eb42d56 -> 
========================================================================
Received Import Request.
  Time since last request: 2167598.418585 seconds.
  path: Assets/HTC.UnityPlugin/ViveInputUtility
  artifactKey: Guid(8b608c5a58e520544ac116bd8ec63105) Importer(815301076,1909f56bfc062723c751e8b465ee728b)
Start importing Assets/HTC.UnityPlugin/ViveInputUtility using Guid(8b608c5a58e520544ac116bd8ec63105) Importer(815301076,1909f56bfc062723c751e8b465ee728b)  -> (artifact id: '2fcc41cc8cea87b3731da0a2fd72d01f') in 0.012397 seconds 
========================================================================
Received Import Request.
  Time since last request: 4.596538 seconds.
  path: Assets/HTC.UnityPlugin/ViveInputUtility/Prefabs
  artifactKey: Guid(2117426f9d0f43742ae43b86b4493679) Importer(815301076,1909f56bfc062723c751e8b465ee728b)
Start importing Assets/HTC.UnityPlugin/ViveInputUtility/Prefabs using Guid(2117426f9d0f43742ae43b86b4493679) Importer(815301076,1909f56bfc062723c751e8b465ee728b)  -> (artifact id: '6ba7bf09934041f91925115ac5be3b93') in 0.005425 seconds 
========================================================================
Received Import Request.
  Time since last request: 0.056630 seconds.
  path: Assets/HTC.UnityPlugin/ViveInputUtility/Prefabs/[ViveInputUtility].prefab
  artifactKey: Guid(8075b10b3fa5b5b45bc02a03074b8b95) Importer(815301076,1909f56bfc062723c751e8b465ee728b)
Start importing Assets/HTC.UnityPlugin/ViveInputUtility/Prefabs/[ViveInputUtility].prefab using Guid(8075b10b3fa5b5b45bc02a03074b8b95) Importer(815301076,1909f56bfc062723c751e8b465ee728b)  -> (artifact id: '6f01784686a15462261b16fbe4b1ecc6') in 0.071934 seconds 
========================================================================
Received Import Request.
  Time since last request: 0.000028 seconds.
  path: Assets/HTC.UnityPlugin/ViveInputUtility/Prefabs/ViveCurvePointers.prefab
  artifactKey: Guid(8c93af22a072961489d61255c39d9659) Importer(815301076,1909f56bfc062723c751e8b465ee728b)
Start importing Assets/HTC.UnityPlugin/ViveInputUtility/Prefabs/ViveCurvePointers.prefab using Guid(8c93af22a072961489d61255c39d9659) Importer(815301076,1909f56bfc062723c751e8b465ee728b)  -> (artifact id: 'a2804243145340ce3b924ed54c53ab15') in 0.033074 seconds 
========================================================================
Received Import Request.
  Time since last request: 0.000020 seconds.
  path: Assets/HTC.UnityPlugin/ViveInputUtility/Prefabs/VivePointers.prefab
  artifactKey: Guid(12ee41758a687f54e98120e486ccd16e) Importer(815301076,1909f56bfc062723c751e8b465ee728b)
Start importing Assets/HTC.UnityPlugin/ViveInputUtility/Prefabs/VivePointers.prefab using Guid(12ee41758a687f54e98120e486ccd16e) Importer(815301076,1909f56bfc062723c751e8b465ee728b)  -> (artifact id: '0a152ae2b951d5b10f9ca938481babfe') in 0.012530 seconds 
========================================================================
Received Import Request.
  Time since last request: 0.000019 seconds.
  path: Assets/HTC.UnityPlugin/ViveInputUtility/Prefabs/TouchPointers.prefab
  artifactKey: Guid(e2432f64b55c5f9428c1f46dc2248d58) Importer(815301076,1909f56bfc062723c751e8b465ee728b)
Start importing Assets/HTC.UnityPlugin/ViveInputUtility/Prefabs/TouchPointers.prefab using Guid(e2432f64b55c5f9428c1f46dc2248d58) Importer(815301076,1909f56bfc062723c751e8b465ee728b)  -> (artifact id: 'f7f3ad171155a50e614b43d9187f99e1') in 0.012738 seconds 
========================================================================
Received Import Request.
  Time since last request: 0.000021 seconds.
  path: Assets/HTC.UnityPlugin/ViveInputUtility/Prefabs/ViveColliders.prefab
  artifactKey: Guid(2b3a4efa04a7cf2428e0835b20f15fdc) Importer(815301076,1909f56bfc062723c751e8b465ee728b)
Start importing Assets/HTC.UnityPlugin/ViveInputUtility/Prefabs/ViveColliders.prefab using Guid(2b3a4efa04a7cf2428e0835b20f15fdc) Importer(815301076,1909f56bfc062723c751e8b465ee728b)  -> (artifact id: '114da4b65b3e38eea854fc8827e67c8a') in 0.008834 seconds 
========================================================================
Received Import Request.
  Time since last request: 0.000048 seconds.
  path: Assets/HTC.UnityPlugin/ViveInputUtility/Prefabs/ViveCameraRig.prefab
  artifactKey: Guid(cb3370c18187bb444b240cfb08dcc02f) Importer(815301076,1909f56bfc062723c751e8b465ee728b)
Start importing Assets/HTC.UnityPlugin/ViveInputUtility/Prefabs/ViveCameraRig.prefab using Guid(cb3370c18187bb444b240cfb08dcc02f) Importer(815301076,1909f56bfc062723c751e8b465ee728b)  -> (artifact id: '1ba92115c637658332ddfe36a87d8ece') in 0.011570 seconds 
========================================================================
Received Import Request.
  Time since last request: 0.000018 seconds.
  path: Assets/HTC.UnityPlugin/ViveInputUtility/Prefabs/ViveRig.prefab
  artifactKey: Guid(cbfd31aaac017204885fcc03f0579a1a) Importer(815301076,1909f56bfc062723c751e8b465ee728b)
Start importing Assets/HTC.UnityPlugin/ViveInputUtility/Prefabs/ViveRig.prefab using Guid(cbfd31aaac017204885fcc03f0579a1a) Importer(815301076,1909f56bfc062723c751e8b465ee728b)  -> (artifact id: 'a36838d03e9055402a53dcfb560ab1a0') in 0.011514 seconds 
========================================================================
Received Import Request.
  Time since last request: 0.000029 seconds.
  path: Assets/HTC.UnityPlugin/ViveInputUtility/Prefabs/HandPointers.prefab
  artifactKey: Guid(845f9b7d3c10cdc4d94362d2aa174b9f) Importer(815301076,1909f56bfc062723c751e8b465ee728b)
Start importing Assets/HTC.UnityPlugin/ViveInputUtility/Prefabs/HandPointers.prefab using Guid(845f9b7d3c10cdc4d94362d2aa174b9f) Importer(815301076,1909f56bfc062723c751e8b465ee728b)  -> (artifact id: 'e462d62d06735475ba180f38c7c94fcf') in 0.009195 seconds 
========================================================================
Received Import Request.
  Time since last request: 26.932055 seconds.
  path: Assets/HTC.UnityPlugin/ViveInputUtility/Resources/VIUExCamConfigInterface.prefab
  artifactKey: Guid(189738cec75073140ab3a8f043e47f7c) Importer(815301076,1909f56bfc062723c751e8b465ee728b)
Start importing Assets/HTC.UnityPlugin/ViveInputUtility/Resources/VIUExCamConfigInterface.prefab using Guid(189738cec75073140ab3a8f043e47f7c) Importer(815301076,1909f56bfc062723c751e8b465ee728b)  -> (artifact id: 'dd455e58e270c051b46640098b0928c2') in 0.024166 seconds 
========================================================================
Received Import Request.
  Time since last request: 2.103380 seconds.
  path: Assets/HTC.UnityPlugin/ViveInputUtility/Resources/Models/ObjModelHandLeft_21.fbx
  artifactKey: Guid(dbdfc2533dc0b6843a4c231908400ad0) Importer(815301076,1909f56bfc062723c751e8b465ee728b)
Start importing Assets/HTC.UnityPlugin/ViveInputUtility/Resources/Models/ObjModelHandLeft_21.fbx using Guid(dbdfc2533dc0b6843a4c231908400ad0) Importer(815301076,1909f56bfc062723c751e8b465ee728b)  -> (artifact id: '324bf966da329be0e27af52b683fb62a') in 0.351156 seconds 
========================================================================
Received Import Request.
  Time since last request: 0.000033 seconds.
  path: Assets/HTC.UnityPlugin/ViveInputUtility/Resources/Models/VIUModelOculusGoController.prefab
  artifactKey: Guid(eb81d87d3b9a20e42976d9e6fdff48a4) Importer(815301076,1909f56bfc062723c751e8b465ee728b)
Start importing Assets/HTC.UnityPlugin/ViveInputUtility/Resources/Models/VIUModelOculusGoController.prefab using Guid(eb81d87d3b9a20e42976d9e6fdff48a4) Importer(815301076,1909f56bfc062723c751e8b465ee728b)  -> (artifact id: '554628035303aa9020091ecbc318330d') in 0.015044 seconds 
========================================================================
Received Import Request.
  Time since last request: 0.000032 seconds.
  path: Assets/HTC.UnityPlugin/ViveInputUtility/Resources/Models/VIUModelIndexControllerRight.prefab
  artifactKey: Guid(eef64bbf7f95c974b8a2effcbc0a3f02) Importer(815301076,1909f56bfc062723c751e8b465ee728b)
Start importing Assets/HTC.UnityPlugin/ViveInputUtility/Resources/Models/VIUModelIndexControllerRight.prefab using Guid(eef64bbf7f95c974b8a2effcbc0a3f02) Importer(815301076,1909f56bfc062723c751e8b465ee728b)  -> (artifact id: '420995687de51d7bbb311f8131f7f76f') in 0.007254 seconds 
========================================================================
Received Import Request.
  Time since last request: 0.000024 seconds.
  path: Assets/HTC.UnityPlugin/ViveInputUtility/Resources/Models/ObjModelOculusSensor.fbx
  artifactKey: Guid(c8886ded5921aea4cb5f6efddcd6b9f9) Importer(815301076,1909f56bfc062723c751e8b465ee728b)
Start importing Assets/HTC.UnityPlugin/ViveInputUtility/Resources/Models/ObjModelOculusSensor.fbx using Guid(c8886ded5921aea4cb5f6efddcd6b9f9) Importer(815301076,1909f56bfc062723c751e8b465ee728b)  -> (artifact id: '968e69d150371dda025b8bcc41195f66') in 0.022010 seconds 
========================================================================
Received Import Request.
  Time since last request: 0.000025 seconds.
  path: Assets/HTC.UnityPlugin/ViveInputUtility/Resources/Models/ObjModelOculusQuestControllerRight.fbx
  artifactKey: Guid(9a2b49b3efbb6f449ae63a94abd5bed3) Importer(815301076,1909f56bfc062723c751e8b465ee728b)
Start importing Assets/HTC.UnityPlugin/ViveInputUtility/Resources/Models/ObjModelOculusQuestControllerRight.fbx using Guid(9a2b49b3efbb6f449ae63a94abd5bed3) Importer(815301076,1909f56bfc062723c751e8b465ee728b)  -> (artifact id: 'ed44b97e06f4ff95776239a87425dafb') in 0.020541 seconds 
========================================================================
Received Import Request.
  Time since last request: 0.000028 seconds.
  path: Assets/HTC.UnityPlugin/ViveInputUtility/Resources/Models/ObjModelViveFlowPhoneController.fbx
  artifactKey: Guid(7cdcd63a240f5ac4db2bbc977525a3be) Importer(815301076,1909f56bfc062723c751e8b465ee728b)
Start importing Assets/HTC.UnityPlugin/ViveInputUtility/Resources/Models/ObjModelViveFlowPhoneController.fbx using Guid(7cdcd63a240f5ac4db2bbc977525a3be) Importer(815301076,1909f56bfc062723c751e8b465ee728b)  -> (artifact id: '0576890ac619180ef68f63c61f77c7a4') in 0.112712 seconds 
========================================================================
Received Import Request.
  Time since last request: 0.000028 seconds.
  path: Assets/HTC.UnityPlugin/ViveInputUtility/Resources/Models/VIUModelOculusQuestOrRiftSControllerLeft.prefab
  artifactKey: Guid(1587ed6f309906347a153766688233e3) Importer(815301076,1909f56bfc062723c751e8b465ee728b)
Start importing Assets/HTC.UnityPlugin/ViveInputUtility/Resources/Models/VIUModelOculusQuestOrRiftSControllerLeft.prefab using Guid(1587ed6f309906347a153766688233e3) Importer(815301076,1909f56bfc062723c751e8b465ee728b)  -> (artifact id: 'ce783cb2368a54857395de17027a2683') in 0.012603 seconds 
========================================================================
Received Import Request.
  Time since last request: 0.000022 seconds.
  path: Assets/HTC.UnityPlugin/ViveInputUtility/Resources/Models/VIUModelSteamVRSkeletonLeft.prefab
  artifactKey: Guid(d43326885e62c5d43a7753e075cadf56) Importer(815301076,1909f56bfc062723c751e8b465ee728b)
Start importing Assets/HTC.UnityPlugin/ViveInputUtility/Resources/Models/VIUModelSteamVRSkeletonLeft.prefab using Guid(d43326885e62c5d43a7753e075cadf56) Importer(815301076,1909f56bfc062723c751e8b465ee728b)  -> (artifact id: '819aee6909fa3b7404dcd2b419fa981f') in 0.016071 seconds 
========================================================================
Received Import Request.
  Time since last request: 0.000039 seconds.
  path: Assets/HTC.UnityPlugin/ViveInputUtility/Resources/Models/VIUModelViveCosmosControllerRight.prefab
  artifactKey: Guid(1e0753deab720f945b4f2dc9ae9eac64) Importer(815301076,1909f56bfc062723c751e8b465ee728b)
Start importing Assets/HTC.UnityPlugin/ViveInputUtility/Resources/Models/VIUModelViveCosmosControllerRight.prefab using Guid(1e0753deab720f945b4f2dc9ae9eac64) Importer(815301076,1909f56bfc062723c751e8b465ee728b)  -> (artifact id: 'bf71ee7d00762ac563b3dc72293f2d59') in 0.009441 seconds 
========================================================================
Received Import Request.
  Time since last request: 0.000047 seconds.
  path: Assets/HTC.UnityPlugin/ViveInputUtility/Resources/Models/VIUModelViveFocusFinch.prefab
  artifactKey: Guid(1c997af07165b6348bd95769a755cac9) Importer(815301076,1909f56bfc062723c751e8b465ee728b)
Start importing Assets/HTC.UnityPlugin/ViveInputUtility/Resources/Models/VIUModelViveFocusFinch.prefab using Guid(1c997af07165b6348bd95769a755cac9) Importer(815301076,1909f56bfc062723c751e8b465ee728b)  -> (artifact id: '208eb1acfafc567a175a017f003de334') in 0.014076 seconds 
========================================================================
Received Import Request.
  Time since last request: 0.000026 seconds.
  path: Assets/HTC.UnityPlugin/ViveInputUtility/Resources/Models/ObjModelViveBaseStation.fbx
  artifactKey: Guid(049146e7ae633314bac999005e1fefb9) Importer(815301076,1909f56bfc062723c751e8b465ee728b)
Start importing Assets/HTC.UnityPlugin/ViveInputUtility/Resources/Models/ObjModelViveBaseStation.fbx using Guid(049146e7ae633314bac999005e1fefb9) Importer(815301076,1909f56bfc062723c751e8b465ee728b)  -> (artifact id: 'd0e197f42c7863f0be7f4de722125574') in 0.017132 seconds 
========================================================================
Received Import Request.
  Time since last request: 0.000030 seconds.
  path: Assets/HTC.UnityPlugin/ViveInputUtility/Resources/Models/VIUModelWMRControllerRight.prefab
  artifactKey: Guid(b7d62230002201a4bb07a94deec56e48) Importer(815301076,1909f56bfc062723c751e8b465ee728b)
Start importing Assets/HTC.UnityPlugin/ViveInputUtility/Resources/Models/VIUModelWMRControllerRight.prefab using Guid(b7d62230002201a4bb07a94deec56e48) Importer(815301076,1909f56bfc062723c751e8b465ee728b)  -> (artifact id: 'ede42d113600b34f7598910991695241') in 0.133893 seconds 
