Using pre-set license
Built from '2021.3/staging' branch; Version is '2021.3.16f1 (4016570cf34f) revision 4200023'; Using compiler version '192829333'; Build Type 'Release'
OS: 'Windows 11  (10.0.22621) 64bit Professional' Language: 'de' Physical Memory: 32510 MB
BatchMode: 1, IsHumanControllingUs: 0, StartBugReporterOnCrash: 0, Is64bit: 1, IsPro: 1

COMMAND LINE ARGUMENTS:
C:\Program Files\Unity\Hub\Editor\2021.3.16f1\Editor\Unity.exe
-adb2
-batchMode
-noUpm
-name
AssetImportWorker0
-projectPath
C:/Users/brill/Develop/Github/VirtualReality/VRKompakt/Unity/VR/VRKVIUSimulator/VIUCastAndSelect
-logFile
Logs/AssetImportWorker0.log
-srvPort
65310
Successfully changed project path to: C:/Users/brill/Develop/Github/VirtualReality/VRKompakt/Unity/VR/VRKVIUSimulator/VIUCastAndSelect
C:/Users/brill/Develop/Github/VirtualReality/VRKompakt/Unity/VR/VRKVIUSimulator/VIUCastAndSelect
[UnityMemory] Configuration Parameters - Can be set up in boot.config
    "memorysetup-bucket-allocator-granularity=16"
    "memorysetup-bucket-allocator-bucket-count=8"
    "memorysetup-bucket-allocator-block-size=33554432"
    "memorysetup-bucket-allocator-block-count=8"
    "memorysetup-main-allocator-block-size=16777216"
    "memorysetup-thread-allocator-block-size=16777216"
    "memorysetup-gfx-main-allocator-block-size=16777216"
    "memorysetup-gfx-thread-allocator-block-size=16777216"
    "memorysetup-cache-allocator-block-size=4194304"
    "memorysetup-typetree-allocator-block-size=2097152"
    "memorysetup-profiler-bucket-allocator-granularity=16"
    "memorysetup-profiler-bucket-allocator-bucket-count=8"
    "memorysetup-profiler-bucket-allocator-block-size=33554432"
    "memorysetup-profiler-bucket-allocator-block-count=8"
    "memorysetup-profiler-allocator-block-size=16777216"
    "memorysetup-profiler-editor-allocator-block-size=1048576"
    "memorysetup-temp-allocator-size-main=16777216"
    "memorysetup-job-temp-allocator-block-size=2097152"
    "memorysetup-job-temp-allocator-block-size-background=1048576"
    "memorysetup-job-temp-allocator-reduction-small-platforms=262144"
    "memorysetup-temp-allocator-size-background-worker=32768"
    "memorysetup-temp-allocator-size-job-worker=262144"
    "memorysetup-temp-allocator-size-preload-manager=33554432"
    "memorysetup-temp-allocator-size-nav-mesh-worker=65536"
    "memorysetup-temp-allocator-size-audio-worker=65536"
    "memorysetup-temp-allocator-size-cloud-worker=32768"
    "memorysetup-temp-allocator-size-gi-baking-worker=262144"
    "memorysetup-temp-allocator-size-gfx=262144"
Player connection [3748] Host "[IP] 172.29.240.1 [Port] 0 [Flags] 2 [Guid] 2648679745 [EditorId] 2648679745 [Version] 1048832 [Id] WindowsEditor(7,evans) [Debug] 1 [PackageName] WindowsEditor [ProjectName] Editor" joined multi-casting on [225.0.0.222:54997]...

Player connection [3748] Host "[IP] 172.29.240.1 [Port] 0 [Flags] 2 [Guid] 2648679745 [EditorId] 2648679745 [Version] 1048832 [Id] WindowsEditor(7,evans) [Debug] 1 [PackageName] WindowsEditor [ProjectName] Editor" joined alternative multi-casting on [225.0.0.222:34997]...

Refreshing native plugins compatible for Editor in 87.12 ms, found 3 plugins.
Preloading 0 native plugins for Editor in 0.00 ms.
Initialize engine version: 2021.3.16f1 (4016570cf34f)
[Subsystems] Discovering subsystems at path C:/Program Files/Unity/Hub/Editor/2021.3.16f1/Editor/Data/Resources/UnitySubsystems
[Subsystems] Discovering subsystems at path C:/Users/brill/Develop/Github/VirtualReality/VRKompakt/Unity/VR/VRKVIUSimulator/VIUCastAndSelect/Assets
GfxDevice: creating device client; threaded=0; jobified=0
Direct3D:
    Version:  Direct3D 11.0 [level 11.1]
    Renderer: NVIDIA GeForce RTX 3080 Laptop GPU (ID=0x249c)
    Vendor:   NVIDIA
    VRAM:     16191 MB
    Driver:   31.0.15.2824
Initialize mono
Mono path[0] = 'C:/Program Files/Unity/Hub/Editor/2021.3.16f1/Editor/Data/Managed'
Mono path[1] = 'C:/Program Files/Unity/Hub/Editor/2021.3.16f1/Editor/Data/MonoBleedingEdge/lib/mono/unityjit-win32'
Mono config path = 'C:/Program Files/Unity/Hub/Editor/2021.3.16f1/Editor/Data/MonoBleedingEdge/etc'
Using monoOptions --debugger-agent=transport=dt_socket,embedding=1,server=y,suspend=n,address=127.0.0.1:56580
Begin MonoManager ReloadAssembly
Registering precompiled unity dll's ...
Register platform support module: C:/Program Files/Unity/Hub/Editor/2021.3.16f1/Editor/Data/PlaybackEngines/WebGLSupport/UnityEditor.WebGL.Extensions.dll
Register platform support module: C:/Program Files/Unity/Hub/Editor/2021.3.16f1/Editor/Data/PlaybackEngines/AndroidPlayer/UnityEditor.Android.Extensions.dll
Register platform support module: C:/Program Files/Unity/Hub/Editor/2021.3.16f1/Editor/Data/PlaybackEngines/iOSSupport/UnityEditor.iOS.Extensions.dll
Register platform support module: C:/Program Files/Unity/Hub/Editor/2021.3.16f1/Editor/Data/PlaybackEngines/WindowsStandaloneSupport/UnityEditor.WindowsStandalone.Extensions.dll
Register platform support module: C:/Program Files/Unity/Hub/Editor/2021.3.16f1/Editor/Data/PlaybackEngines/MetroSupport/UnityEditor.UWP.Extensions.dll
Registered in 0.009289 seconds.
Native extension for UWP target not found
Native extension for WindowsStandalone target not found
[usbmuxd] Start listen thread
[usbmuxd] Listen thread started
Native extension for iOS target not found
Native extension for Android target not found
Native extension for WebGL target not found
Refreshing native plugins compatible for Editor in 86.80 ms, found 3 plugins.
Preloading 0 native plugins for Editor in 0.00 ms.
Mono: successfully reloaded assembly
- Completed reload, in  0.780 seconds
Domain Reload Profiling:
	ReloadAssembly (781ms)
		BeginReloadAssembly (89ms)
			ExecutionOrderSort (0ms)
			DisableScriptedObjects (0ms)
			BackupInstance (0ms)
			ReleaseScriptingObjects (0ms)
			CreateAndSetChildDomain (1ms)
		EndReloadAssembly (558ms)
			LoadAssemblies (87ms)
			RebuildTransferFunctionScriptingTraits (0ms)
			SetupTypeCache (133ms)
			ReleaseScriptCaches (0ms)
			RebuildScriptCaches (34ms)
			SetupLoadedEditorAssemblies (331ms)
				LogAssemblyErrors (0ms)
				InitializePlatformSupportModulesInManaged (80ms)
				SetLoadedEditorAssemblies (0ms)
				RefreshPlugins (87ms)
				BeforeProcessingInitializeOnLoad (2ms)
				ProcessInitializeOnLoadAttributes (113ms)
				ProcessInitializeOnLoadMethodAttributes (49ms)
				AfterProcessingInitializeOnLoad (0ms)
				EditorAssembliesLoaded (0ms)
			ExecutionOrderSort2 (0ms)
			AwakeInstancesAfterBackupRestoration (0ms)
Platform modules already initialized, skipping
Registering precompiled user dll's ...
Registered in 0.005993 seconds.
Begin MonoManager ReloadAssembly
Symbol file LoadedFromMemory doesn't match image C:\Users\brill\Develop\Github\VirtualReality\VRKompakt\Unity\VR\VRKVIUSimulator\VIUCastAndSelect\Library\PackageCache\com.unity.visualscripting@1.7.8\Editor\VisualScripting.Core\Dependencies\YamlDotNet\Unity.VisualScripting.YamlDotNet.dll
Symbol file LoadedFromMemory doesn't match image C:\Users\brill\Develop\Github\VirtualReality\VRKompakt\Unity\VR\VRKVIUSimulator\VIUCastAndSelect\Library\PackageCache\com.unity.visualscripting@1.7.8\Editor\VisualScripting.Core\Dependencies\DotNetZip\Unity.VisualScripting.IonicZip.dll
Native extension for UWP target not found
Native extension for WindowsStandalone target not found
Native extension for iOS target not found
Native extension for Android target not found
Native extension for WebGL target not found
Refreshing native plugins compatible for Editor in 0.59 ms, found 3 plugins.
Preloading 0 native plugins for Editor in 0.00 ms.
Mono: successfully reloaded assembly
- Completed reload, in  1.416 seconds
Domain Reload Profiling:
	ReloadAssembly (1417ms)
		BeginReloadAssembly (230ms)
			ExecutionOrderSort (0ms)
			DisableScriptedObjects (8ms)
			BackupInstance (0ms)
			ReleaseScriptingObjects (0ms)
			CreateAndSetChildDomain (130ms)
		EndReloadAssembly (1058ms)
			LoadAssemblies (83ms)
			RebuildTransferFunctionScriptingTraits (0ms)
			SetupTypeCache (266ms)
			ReleaseScriptCaches (1ms)
			RebuildScriptCaches (56ms)
			SetupLoadedEditorAssemblies (605ms)
				LogAssemblyErrors (0ms)
				InitializePlatformSupportModulesInManaged (29ms)
				SetLoadedEditorAssemblies (1ms)
				RefreshPlugins (1ms)
				BeforeProcessingInitializeOnLoad (87ms)
				ProcessInitializeOnLoadAttributes (456ms)
				ProcessInitializeOnLoadMethodAttributes (25ms)
				AfterProcessingInitializeOnLoad (6ms)
				EditorAssembliesLoaded (0ms)
			ExecutionOrderSort2 (0ms)
			AwakeInstancesAfterBackupRestoration (7ms)
Platform modules already initialized, skipping
========================================================================
Worker process is ready to serve import requests
Launched and connected shader compiler UnityShaderCompiler.exe after 0.06 seconds
Refreshing native plugins compatible for Editor in 1.13 ms, found 3 plugins.
Preloading 0 native plugins for Editor in 0.00 ms.
Unloading 3245 Unused Serialized files (Serialized files now loaded: 0)
Unloading 24 unused Assets / (56.2 KB). Loaded Objects now: 3708.
Memory consumption went from 113.1 MB to 113.1 MB.
Total: 4.948700 ms (FindLiveObjects: 0.362200 ms CreateObjectMapping: 0.144900 ms MarkObjects: 4.338600 ms  DeleteObjects: 0.101300 ms)

AssetImportParameters requested are different than current active one (requested -> active):
  custom:video-decoder-ogg-theora: a1e56fd34408186e4bbccfd4996cb3dc -> 
  custom:container-muxer-webm: aa71ff27fc2769a1b78a27578f13a17b -> 
  custom:container-demuxer-webm: 4f35f7cbe854078d1ac9338744f61a02 -> 
  custom:video-encoder-webm-vp8: eb34c28f22e8b96e1ab97ce403110664 -> 
  custom:audio-encoder-webm-vorbis: bf7c407c2cedff20999df2af8eb42d56 -> 
  custom:framework-win-MediaFoundation: 216162199b28c13a410421893ffa2e32 -> 
  custom:container-demuxer-ogg: 62fdf1f143b41e24485cea50d1cbac27 -> 
  custom:video-decoder-webm-vp8: 9c59270c3fd7afecdb556c50c9e8de78 -> 
  custom:audio-decoder-ogg-vorbis: bf7c407c2cedff20999df2af8eb42d56 -> 
========================================================================
Received Import Request.
  Time since last request: 2269087.010765 seconds.
  path: Assets/Scenes
  artifactKey: Guid(6ea315d0fd7389c41b19996891e99ae3) Importer(815301076,1909f56bfc062723c751e8b465ee728b)
Start importing Assets/Scenes using Guid(6ea315d0fd7389c41b19996891e99ae3) Importer(815301076,1909f56bfc062723c751e8b465ee728b)  -> (artifact id: 'b8193726cff86800c54781cdc6d54904') in 0.016569 seconds 
========================================================================
Received Import Request.
  Time since last request: 1.363807 seconds.
  path: Assets/Scenes/BasisCast.unity
  artifactKey: Guid(4c03781f97dee634384c9fac9a9c830c) Importer(815301076,1909f56bfc062723c751e8b465ee728b)
Start importing Assets/Scenes/BasisCast.unity using Guid(4c03781f97dee634384c9fac9a9c830c) Importer(815301076,1909f56bfc062723c751e8b465ee728b)  -> (artifact id: 'a3b9961e23db287f1854dde608f84cf7') in 0.009182 seconds 
========================================================================
Received Import Request.
  Time since last request: 30.211150 seconds.
  path: Assets/Scenes/BasisCast.unity
  artifactKey: Guid(4c03781f97dee634384c9fac9a9c830c) Importer(815301076,1909f56bfc062723c751e8b465ee728b)
Start importing Assets/Scenes/BasisCast.unity using Guid(4c03781f97dee634384c9fac9a9c830c) Importer(815301076,1909f56bfc062723c751e8b465ee728b)  -> (artifact id: 'b8223d43e1f6dfcf524322f4f7121399') in 0.003473 seconds 
========================================================================
Received Import Request.
  Time since last request: 7.647733 seconds.
  path: Assets/Scenes/BasisCollision.unity
  artifactKey: Guid(6178e0adbf65cab4da0a1faa16fb4f5a) Importer(815301076,1909f56bfc062723c751e8b465ee728b)
Start importing Assets/Scenes/BasisCollision.unity using Guid(6178e0adbf65cab4da0a1faa16fb4f5a) Importer(815301076,1909f56bfc062723c751e8b465ee728b)  -> (artifact id: 'e1af961e5ed3fba5e7b71601db841357') in 0.008736 seconds 
========================================================================
Received Import Request.
  Time since last request: 23.144670 seconds.
  path: Assets/Scenes/BasisControllerTouch.unity
  artifactKey: Guid(f3ea295653122ad4385a6285c2ad3d6b) Importer(815301076,1909f56bfc062723c751e8b465ee728b)
Start importing Assets/Scenes/BasisControllerTouch.unity using Guid(f3ea295653122ad4385a6285c2ad3d6b) Importer(815301076,1909f56bfc062723c751e8b465ee728b)  -> (artifact id: '6311d5c9d9a51a05bed0cb6ea2db3fbd') in 0.007885 seconds 
========================================================================
Received Import Request.
  Time since last request: 9.973220 seconds.
  path: Assets/Scenes/BasisTouch.unity
  artifactKey: Guid(ffbd1622a9d47df4cabe7047a786fa8c) Importer(815301076,1909f56bfc062723c751e8b465ee728b)
Start importing Assets/Scenes/BasisTouch.unity using Guid(ffbd1622a9d47df4cabe7047a786fa8c) Importer(815301076,1909f56bfc062723c751e8b465ee728b)  -> (artifact id: '2852f361db1e4d26550496d0f5c70b3f') in 0.009110 seconds 
========================================================================
Received Import Request.
  Time since last request: 3.853880 seconds.
  path: Assets/Scenes/BasisTrigger.unity
  artifactKey: Guid(27520470d3b11ef4d80bf41705d9cc28) Importer(815301076,1909f56bfc062723c751e8b465ee728b)
Start importing Assets/Scenes/BasisTrigger.unity using Guid(27520470d3b11ef4d80bf41705d9cc28) Importer(815301076,1909f56bfc062723c751e8b465ee728b)  -> (artifact id: '5c80adcb7fbddd1246033f5ef7996a4f') in 0.008192 seconds 
========================================================================
Received Import Request.
  Time since last request: 14.449366 seconds.
  path: Assets/Scripts
  artifactKey: Guid(f831eb7c6fb6aec4f8e8f74e51195719) Importer(815301076,1909f56bfc062723c751e8b465ee728b)
Start importing Assets/Scripts using Guid(f831eb7c6fb6aec4f8e8f74e51195719) Importer(815301076,1909f56bfc062723c751e8b465ee728b)  -> (artifact id: 'aaaa5b9dd0a7778f662f8b718c579eaa') in 0.008570 seconds 
========================================================================
Received Import Request.
  Time since last request: 1.271953 seconds.
  path: Assets/Scripts/Animation
  artifactKey: Guid(a2f77716b33f9b741aa9e668f16dea37) Importer(815301076,1909f56bfc062723c751e8b465ee728b)
Start importing Assets/Scripts/Animation using Guid(a2f77716b33f9b741aa9e668f16dea37) Importer(815301076,1909f56bfc062723c751e8b465ee728b)  -> (artifact id: '6afb4017330ee6001c419d5074e8906d') in 0.009076 seconds 
========================================================================
Received Import Request.
  Time since last request: 6.768425 seconds.
  path: Assets/Scripts/Collisions
  artifactKey: Guid(a75f3dccaaac1ea40aa38012c47cf4fc) Importer(815301076,1909f56bfc062723c751e8b465ee728b)
Start importing Assets/Scripts/Collisions using Guid(a75f3dccaaac1ea40aa38012c47cf4fc) Importer(815301076,1909f56bfc062723c751e8b465ee728b)  -> (artifact id: 'f2829b06aa7966384fc0e06f8f044c48') in 0.010534 seconds 
========================================================================
Received Import Request.
  Time since last request: 1.893852 seconds.
  path: Assets/Scripts/Collisions/CollissionManager.cs
  artifactKey: Guid(9f683d55bbb4e0e4b84122f6dfb822e8) Importer(815301076,1909f56bfc062723c751e8b465ee728b)
Start importing Assets/Scripts/Collisions/CollissionManager.cs using Guid(9f683d55bbb4e0e4b84122f6dfb822e8) Importer(815301076,1909f56bfc062723c751e8b465ee728b)  -> (artifact id: 'e2e89dce5fe9ed5f66b0b23f31c7a83d') in 0.028170 seconds 
========================================================================
Received Import Request.
  Time since last request: 4.056937 seconds.
  path: Assets/Scripts/Collisions/ControllerTouchHighlightAndMove.cs
  artifactKey: Guid(0e62f56fb856fbf4aa17f63b5a97ad35) Importer(815301076,1909f56bfc062723c751e8b465ee728b)
Start importing Assets/Scripts/Collisions/ControllerTouchHighlightAndMove.cs using Guid(0e62f56fb856fbf4aa17f63b5a97ad35) Importer(815301076,1909f56bfc062723c751e8b465ee728b)  -> (artifact id: 'f6eb936113bffd187b8a689ad23fdcec') in 0.008486 seconds 
========================================================================
Received Import Request.
  Time since last request: 3.879090 seconds.
  path: Assets/Scripts/Collisions/ControllerTouchHighlighter.cs
  artifactKey: Guid(2527661653dbd7d4cb1b19a433baf4ee) Importer(815301076,1909f56bfc062723c751e8b465ee728b)
Start importing Assets/Scripts/Collisions/ControllerTouchHighlighter.cs using Guid(2527661653dbd7d4cb1b19a433baf4ee) Importer(815301076,1909f56bfc062723c751e8b465ee728b)  -> (artifact id: 'fb2e6cf44378b9b39714cfa61c23f562') in 0.010458 seconds 
========================================================================
Received Import Request.
  Time since last request: 5.613975 seconds.
  path: Assets/Scripts/Collisions/TouchHighlighter.cs
  artifactKey: Guid(7f5db9a67fc8d3a44b425afadfb9e260) Importer(815301076,1909f56bfc062723c751e8b465ee728b)
Start importing Assets/Scripts/Collisions/TouchHighlighter.cs using Guid(7f5db9a67fc8d3a44b425afadfb9e260) Importer(815301076,1909f56bfc062723c751e8b465ee728b)  -> (artifact id: 'c0953f874c02b1b4d92381e6fec43bf4') in 0.008972 seconds 
========================================================================
Received Import Request.
  Time since last request: 1.831599 seconds.
  path: Assets/Scripts/Collisions/TriggerManager.cs
  artifactKey: Guid(0ee7e41781bf9b2438e135e2faa149ed) Importer(815301076,1909f56bfc062723c751e8b465ee728b)
Start importing Assets/Scripts/Collisions/TriggerManager.cs using Guid(0ee7e41781bf9b2438e135e2faa149ed) Importer(815301076,1909f56bfc062723c751e8b465ee728b)  -> (artifact id: 'fd22833e843cd6e8be9c272999f43072') in 0.018116 seconds 
========================================================================
Received Import Request.
  Time since last request: 11.524861 seconds.
  path: Assets/Scripts/Raycasts
  artifactKey: Guid(91cb1afb8f1e1af4d9685349cae64a7b) Importer(815301076,1909f56bfc062723c751e8b465ee728b)
Start importing Assets/Scripts/Raycasts using Guid(91cb1afb8f1e1af4d9685349cae64a7b) Importer(815301076,1909f56bfc062723c751e8b465ee728b)  -> (artifact id: 'b089557e294612df40180f5bdee045c5') in 0.011238 seconds 
========================================================================
Received Import Request.
  Time since last request: 2.895096 seconds.
  path: Assets/Scripts/Raycasts/SimpleCast.cs
  artifactKey: Guid(3096c1759dfd10544bc2a2f742547abf) Importer(815301076,1909f56bfc062723c751e8b465ee728b)
Start importing Assets/Scripts/Raycasts/SimpleCast.cs using Guid(3096c1759dfd10544bc2a2f742547abf) Importer(815301076,1909f56bfc062723c751e8b465ee728b)  -> (artifact id: '1a180a2eaad341d34edcf35c2aa3000f') in 0.009461 seconds 
